#! /usr/bin/vvp
:ivl_version "10.1 (stable)";
:ivl_delay_selection "TYPICAL";
:vpi_time_precision - 12;
:vpi_module "system";
:vpi_module "vhdl_sys";
:vpi_module "v2005_math";
:vpi_module "va_math";
S_0x55fb4d6b9460 .scope module, "CPU" "CPU" 2 7;
 .timescale -9 -12;
    .port_info 0 /INPUT 1 "CLOCK"
    .port_info 1 /INPUT 1 "RESET"
v0x55fb4d756800_0 .var "ALUOP", 2 0;
v0x55fb4d7568c0_0 .net "ALURESULT", 7 0, v0x55fb4d74e4c0_0;  1 drivers
o0x7fcca50d8798 .functor BUFZ 1, C4<z>; HiZ drive
v0x55fb4d7569b0_0 .net "CLOCK", 0 0, o0x7fcca50d8798;  0 drivers
v0x55fb4d756a50_0 .var "DESTINATION", 7 0;
v0x55fb4d756b10_0 .var "IMMEDIATE", 7 0;
v0x55fb4d756c20_0 .var "IMMEDIATE_MUXSELEC", 0 0;
v0x55fb4d756cf0_0 .var "OPCODE", 7 0;
v0x55fb4d756db0_0 .net "OPERAND1", 7 0, v0x55fb4d705c30_0;  1 drivers
v0x55fb4d756ec0_0 .var "PC", 31 0;
v0x55fb4d756fa0_0 .var "READREG1", 2 0;
v0x55fb4d757060_0 .var "READREG2", 2 0;
v0x55fb4d757130_0 .net "REGOUT1", 7 0, v0x55fb4d7554e0_0;  1 drivers
v0x55fb4d7571d0_0 .net "REGOUT2", 7 0, v0x55fb4d7556d0_0;  1 drivers
o0x7fcca50d8888 .functor BUFZ 1, C4<z>; HiZ drive
v0x55fb4d757290_0 .net "RESET", 0 0, o0x7fcca50d8888;  0 drivers
v0x55fb4d7573c0_0 .var "SOPERAND1", 7 0;
v0x55fb4d7574a0_0 .net "TWO_COMP_MUX_OUT", 7 0, v0x55fb4d74dec0_0;  1 drivers
v0x55fb4d757560_0 .var "TWO_COMP_MUX_SELEC", 0 0;
v0x55fb4d757730_0 .var "WRITEENABLE", 0 0;
v0x55fb4d757800_0 .var "WRITEREG", 2 0;
v0x55fb4d7578d0_0 .var "data_memory_read", 0 0;
v0x55fb4d7579a0_0 .var "data_memory_write", 0 0;
v0x55fb4d757a70_0 .var "offset", 7 0;
v0x55fb4d757b40_0 .net "oneInstr", 31 0, L_0x55fb4d768300;  1 drivers
v0x55fb4d757be0_0 .var "pc_address", 9 0;
v0x55fb4d757cb0_0 .var "pc_cache_read", 0 0;
E_0x55fb4d6cbdd0 .event edge, v0x55fb4d757b40_0;
S_0x55fb4d6b95e0 .scope module, "IMMEDIATE_MUX" "MUX" 2 58, 2 96 0, S_0x55fb4d6b9460;
 .timescale -9 -12;
    .port_info 0 /INPUT 8 "in1"
    .port_info 1 /INPUT 8 "in2"
    .port_info 2 /INPUT 1 "MUXselector"
    .port_info 3 /OUTPUT 8 "out"
v0x55fb4d6f4d10_0 .net "MUXselector", 0 0, v0x55fb4d756c20_0;  1 drivers
v0x55fb4d707fb0_0 .net "in1", 7 0, v0x55fb4d756b10_0;  1 drivers
v0x55fb4d70ed10_0 .net "in2", 7 0, v0x55fb4d74dec0_0;  alias, 1 drivers
v0x55fb4d705c30_0 .var "out", 7 0;
E_0x55fb4d6cb630 .event edge, v0x55fb4d6f4d10_0, v0x55fb4d70ed10_0, v0x55fb4d707fb0_0;
S_0x55fb4d74d860 .scope module, "PC_mod" "PC_mod" 2 60, 2 114 0, S_0x55fb4d6b9460;
 .timescale -9 -12;
    .port_info 0 /INPUT 8 "offset"
v0x55fb4d719870_0 .var *"_s0", 31 0; Local signal
v0x55fb4d721a20_0 .net "offset", 7 0, v0x55fb4d757a70_0;  1 drivers
E_0x55fb4d6cadf0 .event posedge, v0x55fb4d750120_0;
S_0x55fb4d74db40 .scope module, "TWOCOMPOUT_MUX" "MUX" 2 59, 2 96 0, S_0x55fb4d6b9460;
 .timescale -9 -12;
    .port_info 0 /INPUT 8 "in1"
    .port_info 1 /INPUT 8 "in2"
    .port_info 2 /INPUT 1 "MUXselector"
    .port_info 3 /OUTPUT 8 "out"
v0x55fb4d714420_0 .net "MUXselector", 0 0, v0x55fb4d757560_0;  1 drivers
v0x55fb4d74dd20_0 .net "in1", 7 0, v0x55fb4d7556d0_0;  alias, 1 drivers
v0x55fb4d74de00_0 .net "in2", 7 0, v0x55fb4d756700_0;  1 drivers
v0x55fb4d74dec0_0 .var "out", 7 0;
E_0x55fb4d7303e0 .event edge, v0x55fb4d714420_0, v0x55fb4d74de00_0, v0x55fb4d74dd20_0;
S_0x55fb4d74e040 .scope module, "alu" "alu" 2 22, 3 4 0, S_0x55fb4d6b9460;
 .timescale -9 -12;
    .port_info 0 /INPUT 8 "DATA1"
    .port_info 1 /INPUT 8 "DATA2"
    .port_info 2 /OUTPUT 8 "RESULT"
    .port_info 3 /INPUT 3 "SELECT"
    .port_info 4 /OUTPUT 1 "ZERO"
v0x55fb4d74e2d0_0 .net "DATA1", 7 0, v0x55fb4d7554e0_0;  alias, 1 drivers
v0x55fb4d74e3d0_0 .net "DATA2", 7 0, v0x55fb4d705c30_0;  alias, 1 drivers
v0x55fb4d74e4c0_0 .var "RESULT", 7 0;
v0x55fb4d74e590_0 .net "SELECT", 2 0, v0x55fb4d756800_0;  1 drivers
v0x55fb4d74e670_0 .var "ZERO", 0 0;
E_0x55fb4d730420 .event edge, v0x55fb4d74e590_0, v0x55fb4d705c30_0, v0x55fb4d74e2d0_0;
S_0x55fb4d74e820 .scope module, "dataW" "data_write_selector" 2 24, 2 168 0, S_0x55fb4d6b9460;
 .timescale -9 -12;
    .port_info 0 /OUTPUT 8 "out"
v0x55fb4d74eb00_0 .var "in", 0 0;
v0x55fb4d74ebe0_0 .var "out", 7 0;
E_0x55fb4d74ea80 .event edge, v0x55fb4d751c20_0, v0x55fb4d74e4c0_0, v0x55fb4d74eb00_0;
S_0x55fb4d74ed00 .scope module, "dcache" "dcache" 2 35, 4 3 0, S_0x55fb4d6b9460;
 .timescale -9 -12;
    .port_info 0 /INPUT 1 "clock"
    .port_info 1 /INPUT 1 "reset"
    .port_info 2 /INPUT 1 "read"
    .port_info 3 /INPUT 1 "write"
    .port_info 4 /INPUT 8 "address"
    .port_info 5 /INPUT 8 "writedata"
    .port_info 6 /OUTPUT 8 "readdata"
    .port_info 7 /OUTPUT 1 "busywait"
P_0x55fb4d74eed0 .param/l "IDLE" 0 4 86, C4<000>;
P_0x55fb4d74ef10 .param/l "MEM_READ" 0 4 86, C4<001>;
P_0x55fb4d74ef50 .param/l "MEM_WRITE_BACK" 0 4 86, C4<010>;
L_0x55fb4d6a1cd0 .functor OR 8, L_0x55fb4d7686e0, L_0x55fb4d768830, C4<00000000>, C4<00000000>;
v0x55fb4d750a00 .array "Cache", 0 7, 36 0;
L_0x7fcca5088060 .functor BUFT 1, C4<0000000>, C4<0>, C4<0>, C4<0>;
v0x55fb4d750be0_0 .net *"_s12", 6 0, L_0x7fcca5088060;  1 drivers
v0x55fb4d750cc0_0 .net *"_s13", 7 0, L_0x55fb4d768830;  1 drivers
L_0x7fcca50880a8 .functor BUFT 1, C4<0000000>, C4<0>, C4<0>, C4<0>;
v0x55fb4d750d80_0 .net *"_s16", 6 0, L_0x7fcca50880a8;  1 drivers
v0x55fb4d750e60_0 .net *"_s17", 7 0, L_0x55fb4d6a1cd0;  1 drivers
v0x55fb4d750f90_0 .net *"_s20", 7 0, L_0x55fb4d768a40;  1 drivers
v0x55fb4d751070_0 .net *"_s9", 7 0, L_0x55fb4d7686e0;  1 drivers
v0x55fb4d751150_0 .net "address", 7 0, v0x55fb4d74e4c0_0;  alias, 1 drivers
v0x55fb4d751210_0 .var "busywait", 0 0;
v0x55fb4d7512b0_0 .net "clock", 0 0, o0x7fcca50d8798;  alias, 0 drivers
v0x55fb4d751350_0 .var "dirty", 0 0;
v0x55fb4d7513f0_0 .var "hit", 0 0;
v0x55fb4d7514b0_0 .net "index", 2 0, L_0x55fb4d7684b0;  1 drivers
v0x55fb4d751590_0 .var "mem_address", 5 0;
v0x55fb4d751680_0 .var "mem_read", 0 0;
v0x55fb4d751750_0 .var "mem_write", 0 0;
v0x55fb4d751820_0 .var "mem_writedata", 31 0;
v0x55fb4d751a00_0 .var "next_state", 2 0;
v0x55fb4d751aa0_0 .net "offset", 1 0, L_0x55fb4d768410;  1 drivers
v0x55fb4d751b60_0 .net "read", 0 0, v0x55fb4d7578d0_0;  1 drivers
v0x55fb4d751c20_0 .var "readdata", 7 0;
v0x55fb4d751d00_0 .net "reset", 0 0, o0x7fcca50d8888;  alias, 0 drivers
v0x55fb4d751dd0_0 .var "state", 2 0;
v0x55fb4d751e90_0 .var "status", 0 0;
v0x55fb4d751f50_0 .net "tag", 2 0, L_0x55fb4d768610;  1 drivers
v0x55fb4d752030_0 .var "valid", 0 0;
v0x55fb4d7520f0_0 .net "write", 0 0, v0x55fb4d7579a0_0;  1 drivers
v0x55fb4d7521b0_0 .net "writedata", 7 0, v0x55fb4d7554e0_0;  alias, 1 drivers
E_0x55fb4d74f210/0 .event edge, v0x55fb4d7505e0_0;
E_0x55fb4d74f210/1 .event posedge, v0x55fb4d750120_0;
E_0x55fb4d74f210 .event/or E_0x55fb4d74f210/0, E_0x55fb4d74f210/1;
E_0x55fb4d74f270/0 .event edge, v0x55fb4d751e90_0, v0x55fb4d751dd0_0, v0x55fb4d751b60_0, v0x55fb4d750500_0;
E_0x55fb4d74f270/1 .event edge, v0x55fb4d7514b0_0, v0x55fb4d751f50_0, v0x55fb4d7520f0_0, v0x55fb4d751aa0_0;
v0x55fb4d750a00_0 .array/port v0x55fb4d750a00, 0;
v0x55fb4d750a00_1 .array/port v0x55fb4d750a00, 1;
E_0x55fb4d74f270/2 .event edge, v0x55fb4d74e2d0_0, v0x55fb4d751350_0, v0x55fb4d750a00_0, v0x55fb4d750a00_1;
v0x55fb4d750a00_2 .array/port v0x55fb4d750a00, 2;
v0x55fb4d750a00_3 .array/port v0x55fb4d750a00, 3;
v0x55fb4d750a00_4 .array/port v0x55fb4d750a00, 4;
v0x55fb4d750a00_5 .array/port v0x55fb4d750a00, 5;
E_0x55fb4d74f270/3 .event edge, v0x55fb4d750a00_2, v0x55fb4d750a00_3, v0x55fb4d750a00_4, v0x55fb4d750a00_5;
v0x55fb4d750a00_6 .array/port v0x55fb4d750a00, 6;
v0x55fb4d750a00_7 .array/port v0x55fb4d750a00, 7;
E_0x55fb4d74f270/4 .event edge, v0x55fb4d750a00_6, v0x55fb4d750a00_7;
E_0x55fb4d74f270 .event/or E_0x55fb4d74f270/0, E_0x55fb4d74f270/1, E_0x55fb4d74f270/2, E_0x55fb4d74f270/3, E_0x55fb4d74f270/4;
E_0x55fb4d74f350/0 .event edge, v0x55fb4d751dd0_0, v0x55fb4d751b60_0, v0x55fb4d7520f0_0, v0x55fb4d751350_0;
E_0x55fb4d74f350/1 .event edge, v0x55fb4d7513f0_0, v0x55fb4d750060_0;
E_0x55fb4d74f350 .event/or E_0x55fb4d74f350/0, E_0x55fb4d74f350/1;
E_0x55fb4d74f3d0 .event edge, v0x55fb4d751210_0, L_0x55fb4d768a40;
L_0x55fb4d768410 .part v0x55fb4d74e4c0_0, 0, 2;
L_0x55fb4d7684b0 .part v0x55fb4d74e4c0_0, 2, 3;
L_0x55fb4d768610 .part v0x55fb4d74e4c0_0, 5, 3;
L_0x55fb4d7686e0 .concat [ 1 7 0 0], v0x55fb4d7578d0_0, L_0x7fcca5088060;
L_0x55fb4d768830 .concat [ 1 7 0 0], v0x55fb4d7579a0_0, L_0x7fcca50880a8;
L_0x55fb4d768a40 .arith/mult 8, v0x55fb4d74e4c0_0, L_0x55fb4d6a1cd0;
S_0x55fb4d74f460 .scope module, "memory" "data_memory" 4 19, 5 12 0, S_0x55fb4d74ed00;
 .timescale -9 -12;
    .port_info 0 /INPUT 1 "clock"
    .port_info 1 /INPUT 1 "reset"
    .port_info 2 /INPUT 1 "read"
    .port_info 3 /INPUT 1 "write"
    .port_info 4 /INPUT 6 "address"
    .port_info 5 /INPUT 32 "writedata"
    .port_info 6 /OUTPUT 32 "readdata"
    .port_info 7 /OUTPUT 1 "busywait"
v0x55fb4d74f830_0 .var *"_s10", 7 0; Local signal
v0x55fb4d74f930_0 .var *"_s3", 7 0; Local signal
v0x55fb4d74fa10_0 .var *"_s4", 7 0; Local signal
v0x55fb4d74fad0_0 .var *"_s5", 7 0; Local signal
v0x55fb4d74fbb0_0 .var *"_s6", 7 0; Local signal
v0x55fb4d74fce0_0 .var *"_s7", 7 0; Local signal
v0x55fb4d74fdc0_0 .var *"_s8", 7 0; Local signal
v0x55fb4d74fea0_0 .var *"_s9", 7 0; Local signal
v0x55fb4d74ff80_0 .net "address", 5 0, v0x55fb4d751590_0;  1 drivers
v0x55fb4d750060_0 .var "busywait", 0 0;
v0x55fb4d750120_0 .net "clock", 0 0, o0x7fcca50d8798;  alias, 0 drivers
v0x55fb4d7501e0_0 .var/i "i", 31 0;
v0x55fb4d7502c0 .array "memory_array", 0 255, 7 0;
v0x55fb4d750380_0 .net "read", 0 0, v0x55fb4d751680_0;  1 drivers
v0x55fb4d750440_0 .var "readaccess", 0 0;
v0x55fb4d750500_0 .var "readdata", 31 0;
v0x55fb4d7505e0_0 .net "reset", 0 0, o0x7fcca50d8888;  alias, 0 drivers
v0x55fb4d7506a0_0 .net "write", 0 0, v0x55fb4d751750_0;  1 drivers
v0x55fb4d750760_0 .var "writeaccess", 0 0;
v0x55fb4d750820_0 .net "writedata", 31 0, v0x55fb4d751820_0;  1 drivers
E_0x55fb4d74f750 .event posedge, v0x55fb4d7505e0_0;
E_0x55fb4d74f7d0 .event edge, v0x55fb4d7506a0_0, v0x55fb4d750380_0;
S_0x55fb4d752380 .scope module, "instruction_cache" "instruction_cache" 2 28, 6 3 0, S_0x55fb4d6b9460;
 .timescale -9 -12;
    .port_info 0 /INPUT 1 "clock"
    .port_info 1 /INPUT 1 "read"
    .port_info 2 /INPUT 1 "reset"
    .port_info 3 /INPUT 10 "address"
    .port_info 4 /OUTPUT 33 "readdata"
    .port_info 5 /OUTPUT 1 "busywait"
v0x55fb4d753f70 .array "Cache", 0 7, 133 0;
v0x55fb4d754050_0 .net *"_s11", 9 0, L_0x55fb4d7580b0;  1 drivers
L_0x7fcca5088018 .functor BUFT 1, C4<000000000>, C4<0>, C4<0>, C4<0>;
v0x55fb4d754130_0 .net *"_s14", 8 0, L_0x7fcca5088018;  1 drivers
v0x55fb4d7541f0_0 .net *"_s16", 9 0, L_0x55fb4d768210;  1 drivers
v0x55fb4d7542d0_0 .net "address", 9 0, v0x55fb4d757be0_0;  1 drivers
v0x55fb4d754400_0 .var "busywait", 0 0;
v0x55fb4d7544c0_0 .net "clock", 0 0, o0x7fcca50d8798;  alias, 0 drivers
v0x55fb4d754560_0 .var "hit", 0 0;
v0x55fb4d754620_0 .net "index", 2 0, L_0x55fb4d757f40;  1 drivers
v0x55fb4d754700_0 .var "mem_address", 5 0;
v0x55fb4d7547c0_0 .var "mem_read", 0 0;
v0x55fb4d754860_0 .net "offset", 3 0, L_0x55fb4d757fe0;  1 drivers
v0x55fb4d754900_0 .net "read", 0 0, v0x55fb4d757cb0_0;  1 drivers
v0x55fb4d7549c0_0 .var "readdata", 32 0;
v0x55fb4d754aa0_0 .net "reset", 0 0, o0x7fcca50d8888;  alias, 0 drivers
v0x55fb4d754b40_0 .net "tag", 2 0, L_0x55fb4d757e50;  1 drivers
v0x55fb4d754c20_0 .var "valid", 0 0;
E_0x55fb4d7525e0 .event edge, L_0x55fb4d768210;
E_0x55fb4d752660 .event edge, v0x55fb4d753a50_0;
L_0x55fb4d757e50 .part v0x55fb4d757be0_0, 7, 3;
L_0x55fb4d757f40 .part v0x55fb4d757be0_0, 4, 3;
L_0x55fb4d757fe0 .part v0x55fb4d757be0_0, 0, 4;
L_0x55fb4d7580b0 .concat [ 1 9 0 0], v0x55fb4d757cb0_0, L_0x7fcca5088018;
L_0x55fb4d768210 .arith/mult 10, v0x55fb4d757be0_0, L_0x55fb4d7580b0;
L_0x55fb4d768300 .part v0x55fb4d7549c0_0, 0, 32;
S_0x55fb4d7526c0 .scope module, "Instruction_memory" "Instruction_memory" 6 27, 7 12 0, S_0x55fb4d752380;
 .timescale -9 -12;
    .port_info 0 /INPUT 1 "clock"
    .port_info 1 /INPUT 1 "read"
    .port_info 2 /INPUT 6 "address"
    .port_info 3 /OUTPUT 128 "readdata"
    .port_info 4 /OUTPUT 1 "busywait"
v0x55fb4d7529e0_0 .var *"_s10", 7 0; Local signal
v0x55fb4d752ae0_0 .var *"_s11", 7 0; Local signal
v0x55fb4d752bc0_0 .var *"_s12", 7 0; Local signal
v0x55fb4d752cb0_0 .var *"_s13", 7 0; Local signal
v0x55fb4d752d90_0 .var *"_s14", 7 0; Local signal
v0x55fb4d752ec0_0 .var *"_s15", 7 0; Local signal
v0x55fb4d752fa0_0 .var *"_s16", 7 0; Local signal
v0x55fb4d753080_0 .var *"_s17", 7 0; Local signal
v0x55fb4d753160_0 .var *"_s2", 7 0; Local signal
v0x55fb4d753240_0 .var *"_s3", 7 0; Local signal
v0x55fb4d753320_0 .var *"_s4", 7 0; Local signal
v0x55fb4d753400_0 .var *"_s5", 7 0; Local signal
v0x55fb4d7534e0_0 .var *"_s6", 7 0; Local signal
v0x55fb4d7535c0_0 .var *"_s7", 7 0; Local signal
v0x55fb4d7536a0_0 .var *"_s8", 7 0; Local signal
v0x55fb4d753780_0 .var *"_s9", 7 0; Local signal
v0x55fb4d753860_0 .net "address", 5 0, v0x55fb4d754700_0;  1 drivers
v0x55fb4d753a50_0 .var "busywait", 0 0;
v0x55fb4d753b10_0 .net "clock", 0 0, o0x7fcca50d8798;  alias, 0 drivers
v0x55fb4d753bb0 .array "memory_array", 0 1023, 7 0;
v0x55fb4d753c70_0 .net "read", 0 0, v0x55fb4d7547c0_0;  1 drivers
v0x55fb4d753d30_0 .var "readaccess", 0 0;
v0x55fb4d753df0_0 .var "readdata", 127 0;
E_0x55fb4d752960 .event edge, v0x55fb4d753c70_0;
S_0x55fb4d754ef0 .scope module, "myregfile" "reg_file" 2 16, 8 1 0, S_0x55fb4d6b9460;
 .timescale -9 -12;
    .port_info 0 /INPUT 8 "IN"
    .port_info 1 /OUTPUT 8 "OUT1"
    .port_info 2 /OUTPUT 8 "OUT2"
    .port_info 3 /INPUT 3 "INADDRESS"
    .port_info 4 /INPUT 3 "OUT1ADDRESS"
    .port_info 5 /INPUT 3 "OUT2ADDRESS"
    .port_info 6 /INPUT 1 "WRITE"
    .port_info 7 /INPUT 1 "CLOCK"
    .port_info 8 /INPUT 1 "RESET"
v0x55fb4d755290_0 .net "CLOCK", 0 0, o0x7fcca50d8798;  alias, 0 drivers
v0x55fb4d755350_0 .net "IN", 7 0, v0x55fb4d74ebe0_0;  1 drivers
v0x55fb4d755410_0 .net "INADDRESS", 2 0, v0x55fb4d757800_0;  1 drivers
v0x55fb4d7554e0_0 .var "OUT1", 7 0;
v0x55fb4d7555a0_0 .net "OUT1ADDRESS", 2 0, v0x55fb4d756fa0_0;  1 drivers
v0x55fb4d7556d0_0 .var "OUT2", 7 0;
v0x55fb4d755790_0 .net "OUT2ADDRESS", 2 0, v0x55fb4d757060_0;  1 drivers
v0x55fb4d755850_0 .net "RESET", 0 0, o0x7fcca50d8888;  alias, 0 drivers
v0x55fb4d7558f0_0 .var "Regout0", 7 0;
v0x55fb4d7559d0_0 .var "Regout1", 7 0;
v0x55fb4d755ab0_0 .var "Regout2", 7 0;
v0x55fb4d755b90_0 .var "Regout3", 7 0;
v0x55fb4d755c70_0 .var "Regout4", 7 0;
v0x55fb4d755d50_0 .var "Regout5", 7 0;
v0x55fb4d755e30_0 .var "Regout6", 7 0;
v0x55fb4d755f10_0 .var "Regout7", 7 0;
v0x55fb4d755ff0_0 .net "WRITE", 0 0, v0x55fb4d757730_0;  1 drivers
v0x55fb4d7561c0_0 .net *"_s4", 0 0, L_0x55fb4d757d80;  1 drivers
E_0x55fb4d752500 .event edge, v0x55fb4d755790_0, v0x55fb4d7555a0_0;
E_0x55fb4d755230 .event posedge, L_0x55fb4d757d80;
L_0x55fb4d757d80 .arith/mult 1, o0x7fcca50d8798, v0x55fb4d757730_0;
S_0x55fb4d7563c0 .scope module, "twoscom" "twoscom" 2 56, 2 157 0, S_0x55fb4d6b9460;
 .timescale -9 -12;
    .port_info 0 /INPUT 8 "in"
    .port_info 1 /OUTPUT 8 "out"
v0x55fb4d756620_0 .net "in", 7 0, v0x55fb4d7556d0_0;  alias, 1 drivers
v0x55fb4d756700_0 .var "out", 7 0;
E_0x55fb4d7565a0 .event edge, v0x55fb4d74dd20_0;
    .scope S_0x55fb4d754ef0;
T_0 ;
    %wait E_0x55fb4d74f750;
    %delay 4000, 0;
    %pushi/vec4 0, 0, 8;
    %store/vec4 v0x55fb4d7558f0_0, 0, 8;
    %pushi/vec4 0, 0, 8;
    %store/vec4 v0x55fb4d7559d0_0, 0, 8;
    %pushi/vec4 0, 0, 8;
    %store/vec4 v0x55fb4d755ab0_0, 0, 8;
    %pushi/vec4 0, 0, 8;
    %store/vec4 v0x55fb4d755b90_0, 0, 8;
    %pushi/vec4 0, 0, 8;
    %store/vec4 v0x55fb4d755c70_0, 0, 8;
    %pushi/vec4 0, 0, 8;
    %store/vec4 v0x55fb4d755d50_0, 0, 8;
    %pushi/vec4 0, 0, 8;
    %store/vec4 v0x55fb4d755e30_0, 0, 8;
    %pushi/vec4 0, 0, 8;
    %store/vec4 v0x55fb4d755f10_0, 0, 8;
    %pushi/vec4 0, 0, 8;
    %store/vec4 v0x55fb4d7554e0_0, 0, 8;
    %pushi/vec4 0, 0, 8;
    %store/vec4 v0x55fb4d7556d0_0, 0, 8;
    %jmp T_0;
    .thread T_0;
    .scope S_0x55fb4d754ef0;
T_1 ;
    %wait E_0x55fb4d755230;
    %delay 1000, 0;
    %load/vec4 v0x55fb4d755410_0;
    %dup/vec4;
    %pushi/vec4 0, 0, 3;
    %cmp/u;
    %jmp/1 T_1.0, 6;
    %dup/vec4;
    %pushi/vec4 1, 0, 3;
    %cmp/u;
    %jmp/1 T_1.1, 6;
    %dup/vec4;
    %pushi/vec4 2, 0, 3;
    %cmp/u;
    %jmp/1 T_1.2, 6;
    %dup/vec4;
    %pushi/vec4 3, 0, 3;
    %cmp/u;
    %jmp/1 T_1.3, 6;
    %dup/vec4;
    %pushi/vec4 4, 0, 3;
    %cmp/u;
    %jmp/1 T_1.4, 6;
    %dup/vec4;
    %pushi/vec4 5, 0, 3;
    %cmp/u;
    %jmp/1 T_1.5, 6;
    %dup/vec4;
    %pushi/vec4 6, 0, 3;
    %cmp/u;
    %jmp/1 T_1.6, 6;
    %dup/vec4;
    %pushi/vec4 7, 0, 3;
    %cmp/u;
    %jmp/1 T_1.7, 6;
    %jmp T_1.8;
T_1.0 ;
    %load/vec4 v0x55fb4d755350_0;
    %store/vec4 v0x55fb4d7558f0_0, 0, 8;
    %jmp T_1.8;
T_1.1 ;
    %load/vec4 v0x55fb4d755350_0;
    %store/vec4 v0x55fb4d7559d0_0, 0, 8;
    %jmp T_1.8;
T_1.2 ;
    %load/vec4 v0x55fb4d755350_0;
    %store/vec4 v0x55fb4d755ab0_0, 0, 8;
    %jmp T_1.8;
T_1.3 ;
    %load/vec4 v0x55fb4d755350_0;
    %store/vec4 v0x55fb4d755b90_0, 0, 8;
    %jmp T_1.8;
T_1.4 ;
    %load/vec4 v0x55fb4d755350_0;
    %store/vec4 v0x55fb4d755c70_0, 0, 8;
    %jmp T_1.8;
T_1.5 ;
    %load/vec4 v0x55fb4d755350_0;
    %store/vec4 v0x55fb4d755d50_0, 0, 8;
    %jmp T_1.8;
T_1.6 ;
    %load/vec4 v0x55fb4d755350_0;
    %store/vec4 v0x55fb4d755e30_0, 0, 8;
    %jmp T_1.8;
T_1.7 ;
    %load/vec4 v0x55fb4d755350_0;
    %store/vec4 v0x55fb4d755f10_0, 0, 8;
    %jmp T_1.8;
T_1.8 ;
    %pop/vec4 1;
    %jmp T_1;
    .thread T_1;
    .scope S_0x55fb4d754ef0;
T_2 ;
    %wait E_0x55fb4d752500;
    %delay 2000, 0;
    %load/vec4 v0x55fb4d7555a0_0;
    %dup/vec4;
    %pushi/vec4 0, 0, 3;
    %cmp/u;
    %jmp/1 T_2.0, 6;
    %dup/vec4;
    %pushi/vec4 1, 0, 3;
    %cmp/u;
    %jmp/1 T_2.1, 6;
    %dup/vec4;
    %pushi/vec4 2, 0, 3;
    %cmp/u;
    %jmp/1 T_2.2, 6;
    %dup/vec4;
    %pushi/vec4 3, 0, 3;
    %cmp/u;
    %jmp/1 T_2.3, 6;
    %dup/vec4;
    %pushi/vec4 4, 0, 3;
    %cmp/u;
    %jmp/1 T_2.4, 6;
    %dup/vec4;
    %pushi/vec4 5, 0, 3;
    %cmp/u;
    %jmp/1 T_2.5, 6;
    %dup/vec4;
    %pushi/vec4 6, 0, 3;
    %cmp/u;
    %jmp/1 T_2.6, 6;
    %dup/vec4;
    %pushi/vec4 7, 0, 3;
    %cmp/u;
    %jmp/1 T_2.7, 6;
    %jmp T_2.8;
T_2.0 ;
    %load/vec4 v0x55fb4d7558f0_0;
    %store/vec4 v0x55fb4d7554e0_0, 0, 8;
    %jmp T_2.8;
T_2.1 ;
    %load/vec4 v0x55fb4d7559d0_0;
    %store/vec4 v0x55fb4d7554e0_0, 0, 8;
    %jmp T_2.8;
T_2.2 ;
    %load/vec4 v0x55fb4d755ab0_0;
    %store/vec4 v0x55fb4d7554e0_0, 0, 8;
    %jmp T_2.8;
T_2.3 ;
    %load/vec4 v0x55fb4d755b90_0;
    %store/vec4 v0x55fb4d7554e0_0, 0, 8;
    %jmp T_2.8;
T_2.4 ;
    %load/vec4 v0x55fb4d755c70_0;
    %store/vec4 v0x55fb4d7554e0_0, 0, 8;
    %jmp T_2.8;
T_2.5 ;
    %load/vec4 v0x55fb4d755d50_0;
    %store/vec4 v0x55fb4d7554e0_0, 0, 8;
    %jmp T_2.8;
T_2.6 ;
    %load/vec4 v0x55fb4d755e30_0;
    %store/vec4 v0x55fb4d7554e0_0, 0, 8;
    %jmp T_2.8;
T_2.7 ;
    %load/vec4 v0x55fb4d755f10_0;
    %store/vec4 v0x55fb4d7554e0_0, 0, 8;
    %jmp T_2.8;
T_2.8 ;
    %pop/vec4 1;
    %load/vec4 v0x55fb4d755790_0;
    %dup/vec4;
    %pushi/vec4 0, 0, 3;
    %cmp/u;
    %jmp/1 T_2.9, 6;
    %dup/vec4;
    %pushi/vec4 1, 0, 3;
    %cmp/u;
    %jmp/1 T_2.10, 6;
    %dup/vec4;
    %pushi/vec4 2, 0, 3;
    %cmp/u;
    %jmp/1 T_2.11, 6;
    %dup/vec4;
    %pushi/vec4 3, 0, 3;
    %cmp/u;
    %jmp/1 T_2.12, 6;
    %dup/vec4;
    %pushi/vec4 4, 0, 3;
    %cmp/u;
    %jmp/1 T_2.13, 6;
    %dup/vec4;
    %pushi/vec4 5, 0, 3;
    %cmp/u;
    %jmp/1 T_2.14, 6;
    %dup/vec4;
    %pushi/vec4 6, 0, 3;
    %cmp/u;
    %jmp/1 T_2.15, 6;
    %dup/vec4;
    %pushi/vec4 7, 0, 3;
    %cmp/u;
    %jmp/1 T_2.16, 6;
    %jmp T_2.17;
T_2.9 ;
    %load/vec4 v0x55fb4d7558f0_0;
    %store/vec4 v0x55fb4d7556d0_0, 0, 8;
    %jmp T_2.17;
T_2.10 ;
    %load/vec4 v0x55fb4d7559d0_0;
    %store/vec4 v0x55fb4d7556d0_0, 0, 8;
    %jmp T_2.17;
T_2.11 ;
    %load/vec4 v0x55fb4d755ab0_0;
    %store/vec4 v0x55fb4d7556d0_0, 0, 8;
    %jmp T_2.17;
T_2.12 ;
    %load/vec4 v0x55fb4d755b90_0;
    %store/vec4 v0x55fb4d7556d0_0, 0, 8;
    %jmp T_2.17;
T_2.13 ;
    %load/vec4 v0x55fb4d755c70_0;
    %store/vec4 v0x55fb4d7556d0_0, 0, 8;
    %jmp T_2.17;
T_2.14 ;
    %load/vec4 v0x55fb4d755d50_0;
    %store/vec4 v0x55fb4d7556d0_0, 0, 8;
    %jmp T_2.17;
T_2.15 ;
    %load/vec4 v0x55fb4d755e30_0;
    %store/vec4 v0x55fb4d7556d0_0, 0, 8;
    %jmp T_2.17;
T_2.16 ;
    %load/vec4 v0x55fb4d755f10_0;
    %store/vec4 v0x55fb4d7556d0_0, 0, 8;
    %jmp T_2.17;
T_2.17 ;
    %pop/vec4 1;
    %jmp T_2;
    .thread T_2, $push;
    .scope S_0x55fb4d74e040;
T_3 ;
    %wait E_0x55fb4d730420;
    %load/vec4 v0x55fb4d74e590_0;
    %dup/vec4;
    %pushi/vec4 0, 0, 3;
    %cmp/u;
    %jmp/1 T_3.0, 6;
    %dup/vec4;
    %pushi/vec4 1, 0, 3;
    %cmp/u;
    %jmp/1 T_3.1, 6;
    %dup/vec4;
    %pushi/vec4 2, 0, 3;
    %cmp/u;
    %jmp/1 T_3.2, 6;
    %dup/vec4;
    %pushi/vec4 3, 0, 3;
    %cmp/u;
    %jmp/1 T_3.3, 6;
    %jmp T_3.4;
T_3.0 ;
    %load/vec4 v0x55fb4d74e3d0_0;
    %assign/vec4 v0x55fb4d74e4c0_0, 1000;
    %jmp T_3.4;
T_3.1 ;
    %delay 2000, 0;
    %load/vec4 v0x55fb4d74e2d0_0;
    %load/vec4 v0x55fb4d74e3d0_0;
    %add;
    %store/vec4 v0x55fb4d74e4c0_0, 0, 8;
    %load/vec4 v0x55fb4d74e4c0_0;
    %parti/s 1, 0, 2;
    %load/vec4 v0x55fb4d74e4c0_0;
    %parti/s 1, 1, 2;
    %or;
    %load/vec4 v0x55fb4d74e4c0_0;
    %parti/s 1, 2, 3;
    %or;
    %load/vec4 v0x55fb4d74e4c0_0;
    %parti/s 1, 3, 3;
    %or;
    %load/vec4 v0x55fb4d74e4c0_0;
    %parti/s 1, 4, 4;
    %or;
    %load/vec4 v0x55fb4d74e4c0_0;
    %parti/s 1, 5, 4;
    %or;
    %load/vec4 v0x55fb4d74e4c0_0;
    %parti/s 1, 6, 4;
    %or;
    %load/vec4 v0x55fb4d74e4c0_0;
    %parti/s 1, 7, 4;
    %or;
    %inv;
    %store/vec4 v0x55fb4d74e670_0, 0, 1;
    %jmp T_3.4;
T_3.2 ;
    %load/vec4 v0x55fb4d74e2d0_0;
    %load/vec4 v0x55fb4d74e3d0_0;
    %and;
    %assign/vec4 v0x55fb4d74e4c0_0, 1000;
    %jmp T_3.4;
T_3.3 ;
    %load/vec4 v0x55fb4d74e2d0_0;
    %load/vec4 v0x55fb4d74e3d0_0;
    %or;
    %assign/vec4 v0x55fb4d74e4c0_0, 1000;
    %jmp T_3.4;
T_3.4 ;
    %pop/vec4 1;
    %jmp T_3;
    .thread T_3, $push;
    .scope S_0x55fb4d74e820;
T_4 ;
    %wait E_0x55fb4d74ea80;
    %load/vec4 v0x55fb4d74eb00_0;
    %dup/vec4;
    %pushi/vec4 0, 0, 1;
    %cmp/u;
    %jmp/1 T_4.0, 6;
    %dup/vec4;
    %pushi/vec4 1, 0, 1;
    %cmp/u;
    %jmp/1 T_4.1, 6;
    %jmp T_4.2;
T_4.0 ;
    %load/vec4 v0x55fb4d74e4c0_0;
    %store/vec4 v0x55fb4d74ebe0_0, 0, 8;
    %jmp T_4.2;
T_4.1 ;
    %load/vec4 v0x55fb4d751c20_0;
    %store/vec4 v0x55fb4d74ebe0_0, 0, 8;
    %jmp T_4.2;
T_4.2 ;
    %pop/vec4 1;
    %jmp T_4;
    .thread T_4, $push;
    .scope S_0x55fb4d7526c0;
T_5 ;
    %pushi/vec4 0, 0, 1;
    %store/vec4 v0x55fb4d753a50_0, 0, 1;
    %pushi/vec4 0, 0, 1;
    %store/vec4 v0x55fb4d753d30_0, 0, 1;
    %pushi/vec4 262169, 0, 32;
    %split/vec4 8;
    %ix/load 4, 0, 0;
    %flag_set/imm 4, 0;
    %store/vec4a v0x55fb4d753bb0, 4, 0;
    %split/vec4 8;
    %ix/load 4, 1, 0;
    %flag_set/imm 4, 0;
    %store/vec4a v0x55fb4d753bb0, 4, 0;
    %split/vec4 8;
    %ix/load 4, 2, 0;
    %flag_set/imm 4, 0;
    %store/vec4a v0x55fb4d753bb0, 4, 0;
    %ix/load 4, 3, 0;
    %flag_set/imm 4, 0;
    %store/vec4a v0x55fb4d753bb0, 4, 0;
    %pushi/vec4 327715, 0, 32;
    %split/vec4 8;
    %ix/load 4, 4, 0;
    %flag_set/imm 4, 0;
    %store/vec4a v0x55fb4d753bb0, 4, 0;
    %split/vec4 8;
    %ix/load 4, 5, 0;
    %flag_set/imm 4, 0;
    %store/vec4a v0x55fb4d753bb0, 4, 0;
    %split/vec4 8;
    %ix/load 4, 6, 0;
    %flag_set/imm 4, 0;
    %store/vec4a v0x55fb4d753bb0, 4, 0;
    %ix/load 4, 7, 0;
    %flag_set/imm 4, 0;
    %store/vec4a v0x55fb4d753bb0, 4, 0;
    %pushi/vec4 33948677, 0, 32;
    %split/vec4 8;
    %ix/load 4, 8, 0;
    %flag_set/imm 4, 0;
    %store/vec4a v0x55fb4d753bb0, 4, 0;
    %split/vec4 8;
    %ix/load 4, 9, 0;
    %flag_set/imm 4, 0;
    %store/vec4a v0x55fb4d753bb0, 4, 0;
    %split/vec4 8;
    %ix/load 4, 10, 0;
    %flag_set/imm 4, 0;
    %store/vec4a v0x55fb4d753bb0, 4, 0;
    %ix/load 4, 11, 0;
    %flag_set/imm 4, 0;
    %store/vec4a v0x55fb4d753bb0, 4, 0;
    %pushi/vec4 65626, 0, 32;
    %split/vec4 8;
    %ix/load 4, 12, 0;
    %flag_set/imm 4, 0;
    %store/vec4a v0x55fb4d753bb0, 4, 0;
    %split/vec4 8;
    %ix/load 4, 13, 0;
    %flag_set/imm 4, 0;
    %store/vec4a v0x55fb4d753bb0, 4, 0;
    %split/vec4 8;
    %ix/load 4, 14, 0;
    %flag_set/imm 4, 0;
    %store/vec4a v0x55fb4d753bb0, 4, 0;
    %ix/load 4, 15, 0;
    %flag_set/imm 4, 0;
    %store/vec4a v0x55fb4d753bb0, 4, 0;
    %pushi/vec4 50397444, 0, 32;
    %split/vec4 8;
    %ix/load 4, 16, 0;
    %flag_set/imm 4, 0;
    %store/vec4a v0x55fb4d753bb0, 4, 0;
    %split/vec4 8;
    %ix/load 4, 17, 0;
    %flag_set/imm 4, 0;
    %store/vec4a v0x55fb4d753bb0, 4, 0;
    %split/vec4 8;
    %ix/load 4, 18, 0;
    %flag_set/imm 4, 0;
    %store/vec4a v0x55fb4d753bb0, 4, 0;
    %ix/load 4, 19, 0;
    %flag_set/imm 4, 0;
    %store/vec4a v0x55fb4d753bb0, 4, 0;
    %end;
    .thread T_5;
    .scope S_0x55fb4d7526c0;
T_6 ;
    %wait E_0x55fb4d752960;
    %load/vec4 v0x55fb4d753c70_0;
    %flag_set/vec4 8;
    %jmp/0 T_6.0, 8;
    %pushi/vec4 1, 0, 2;
    %jmp/1 T_6.1, 8;
T_6.0 ; End of true expr.
    %pushi/vec4 0, 0, 2;
    %jmp/0 T_6.1, 8;
 ; End of false expr.
    %blend;
T_6.1;
    %pad/s 1;
    %store/vec4 v0x55fb4d753a50_0, 0, 1;
    %load/vec4 v0x55fb4d753c70_0;
    %flag_set/vec4 8;
    %jmp/0 T_6.2, 8;
    %pushi/vec4 1, 0, 2;
    %jmp/1 T_6.3, 8;
T_6.2 ; End of true expr.
    %pushi/vec4 0, 0, 2;
    %jmp/0 T_6.3, 8;
 ; End of false expr.
    %blend;
T_6.3;
    %pad/s 1;
    %store/vec4 v0x55fb4d753d30_0, 0, 1;
    %jmp T_6;
    .thread T_6, $push;
    .scope S_0x55fb4d7526c0;
T_7 ;
    %wait E_0x55fb4d6cadf0;
    %load/vec4 v0x55fb4d753d30_0;
    %flag_set/vec4 8;
    %jmp/0xz  T_7.0, 8;
    %load/vec4 v0x55fb4d753860_0;
    %concati/vec4 0, 0, 4;
    %pad/u 12;
    %ix/vec4 4;
    %load/vec4a v0x55fb4d753bb0, 4;
    %store/vec4 v0x55fb4d753160_0, 0, 8;
    %pushi/vec4 40000, 0, 64;
    %ix/vec4 4;
    %delayx 4;
    %load/vec4 v0x55fb4d753160_0;
    %ix/load 4, 0, 0;
    %flag_set/imm 4, 0;
    %store/vec4 v0x55fb4d753df0_0, 4, 8;
    %load/vec4 v0x55fb4d753860_0;
    %concati/vec4 1, 0, 4;
    %pad/u 12;
    %ix/vec4 4;
    %load/vec4a v0x55fb4d753bb0, 4;
    %store/vec4 v0x55fb4d753240_0, 0, 8;
    %pushi/vec4 40000, 0, 64;
    %ix/vec4 4;
    %delayx 4;
    %load/vec4 v0x55fb4d753240_0;
    %ix/load 4, 8, 0;
    %flag_set/imm 4, 0;
    %store/vec4 v0x55fb4d753df0_0, 4, 8;
    %load/vec4 v0x55fb4d753860_0;
    %concati/vec4 2, 0, 4;
    %pad/u 12;
    %ix/vec4 4;
    %load/vec4a v0x55fb4d753bb0, 4;
    %store/vec4 v0x55fb4d753320_0, 0, 8;
    %pushi/vec4 40000, 0, 64;
    %ix/vec4 4;
    %delayx 4;
    %load/vec4 v0x55fb4d753320_0;
    %ix/load 4, 16, 0;
    %flag_set/imm 4, 0;
    %store/vec4 v0x55fb4d753df0_0, 4, 8;
    %load/vec4 v0x55fb4d753860_0;
    %concati/vec4 3, 0, 4;
    %pad/u 12;
    %ix/vec4 4;
    %load/vec4a v0x55fb4d753bb0, 4;
    %store/vec4 v0x55fb4d753400_0, 0, 8;
    %pushi/vec4 40000, 0, 64;
    %ix/vec4 4;
    %delayx 4;
    %load/vec4 v0x55fb4d753400_0;
    %ix/load 4, 24, 0;
    %flag_set/imm 4, 0;
    %store/vec4 v0x55fb4d753df0_0, 4, 8;
    %load/vec4 v0x55fb4d753860_0;
    %concati/vec4 4, 0, 4;
    %pad/u 12;
    %ix/vec4 4;
    %load/vec4a v0x55fb4d753bb0, 4;
    %store/vec4 v0x55fb4d7534e0_0, 0, 8;
    %pushi/vec4 40000, 0, 64;
    %ix/vec4 4;
    %delayx 4;
    %load/vec4 v0x55fb4d7534e0_0;
    %ix/load 4, 32, 0;
    %flag_set/imm 4, 0;
    %store/vec4 v0x55fb4d753df0_0, 4, 8;
    %load/vec4 v0x55fb4d753860_0;
    %concati/vec4 5, 0, 4;
    %pad/u 12;
    %ix/vec4 4;
    %load/vec4a v0x55fb4d753bb0, 4;
    %store/vec4 v0x55fb4d7535c0_0, 0, 8;
    %pushi/vec4 40000, 0, 64;
    %ix/vec4 4;
    %delayx 4;
    %load/vec4 v0x55fb4d7535c0_0;
    %ix/load 4, 40, 0;
    %flag_set/imm 4, 0;
    %store/vec4 v0x55fb4d753df0_0, 4, 8;
    %load/vec4 v0x55fb4d753860_0;
    %concati/vec4 6, 0, 4;
    %pad/u 12;
    %ix/vec4 4;
    %load/vec4a v0x55fb4d753bb0, 4;
    %store/vec4 v0x55fb4d7536a0_0, 0, 8;
    %pushi/vec4 40000, 0, 64;
    %ix/vec4 4;
    %delayx 4;
    %load/vec4 v0x55fb4d7536a0_0;
    %ix/load 4, 48, 0;
    %flag_set/imm 4, 0;
    %store/vec4 v0x55fb4d753df0_0, 4, 8;
    %load/vec4 v0x55fb4d753860_0;
    %concati/vec4 7, 0, 4;
    %pad/u 12;
    %ix/vec4 4;
    %load/vec4a v0x55fb4d753bb0, 4;
    %store/vec4 v0x55fb4d753780_0, 0, 8;
    %pushi/vec4 40000, 0, 64;
    %ix/vec4 4;
    %delayx 4;
    %load/vec4 v0x55fb4d753780_0;
    %ix/load 4, 56, 0;
    %flag_set/imm 4, 0;
    %store/vec4 v0x55fb4d753df0_0, 4, 8;
    %load/vec4 v0x55fb4d753860_0;
    %concati/vec4 8, 0, 4;
    %pad/u 12;
    %ix/vec4 4;
    %load/vec4a v0x55fb4d753bb0, 4;
    %store/vec4 v0x55fb4d7529e0_0, 0, 8;
    %pushi/vec4 40000, 0, 64;
    %ix/vec4 4;
    %delayx 4;
    %load/vec4 v0x55fb4d7529e0_0;
    %ix/load 4, 64, 0;
    %flag_set/imm 4, 0;
    %store/vec4 v0x55fb4d753df0_0, 4, 8;
    %load/vec4 v0x55fb4d753860_0;
    %concati/vec4 9, 0, 4;
    %pad/u 12;
    %ix/vec4 4;
    %load/vec4a v0x55fb4d753bb0, 4;
    %store/vec4 v0x55fb4d752ae0_0, 0, 8;
    %pushi/vec4 40000, 0, 64;
    %ix/vec4 4;
    %delayx 4;
    %load/vec4 v0x55fb4d752ae0_0;
    %ix/load 4, 72, 0;
    %flag_set/imm 4, 0;
    %store/vec4 v0x55fb4d753df0_0, 4, 8;
    %load/vec4 v0x55fb4d753860_0;
    %concati/vec4 10, 0, 4;
    %pad/u 12;
    %ix/vec4 4;
    %load/vec4a v0x55fb4d753bb0, 4;
    %store/vec4 v0x55fb4d752bc0_0, 0, 8;
    %pushi/vec4 40000, 0, 64;
    %ix/vec4 4;
    %delayx 4;
    %load/vec4 v0x55fb4d752bc0_0;
    %ix/load 4, 80, 0;
    %flag_set/imm 4, 0;
    %store/vec4 v0x55fb4d753df0_0, 4, 8;
    %load/vec4 v0x55fb4d753860_0;
    %concati/vec4 11, 0, 4;
    %pad/u 12;
    %ix/vec4 4;
    %load/vec4a v0x55fb4d753bb0, 4;
    %store/vec4 v0x55fb4d752cb0_0, 0, 8;
    %pushi/vec4 40000, 0, 64;
    %ix/vec4 4;
    %delayx 4;
    %load/vec4 v0x55fb4d752cb0_0;
    %ix/load 4, 88, 0;
    %flag_set/imm 4, 0;
    %store/vec4 v0x55fb4d753df0_0, 4, 8;
    %load/vec4 v0x55fb4d753860_0;
    %concati/vec4 12, 0, 4;
    %pad/u 12;
    %ix/vec4 4;
    %load/vec4a v0x55fb4d753bb0, 4;
    %store/vec4 v0x55fb4d752d90_0, 0, 8;
    %pushi/vec4 40000, 0, 64;
    %ix/vec4 4;
    %delayx 4;
    %load/vec4 v0x55fb4d752d90_0;
    %ix/load 4, 96, 0;
    %flag_set/imm 4, 0;
    %store/vec4 v0x55fb4d753df0_0, 4, 8;
    %load/vec4 v0x55fb4d753860_0;
    %concati/vec4 13, 0, 4;
    %pad/u 12;
    %ix/vec4 4;
    %load/vec4a v0x55fb4d753bb0, 4;
    %store/vec4 v0x55fb4d752ec0_0, 0, 8;
    %pushi/vec4 40000, 0, 64;
    %ix/vec4 4;
    %delayx 4;
    %load/vec4 v0x55fb4d752ec0_0;
    %ix/load 4, 104, 0;
    %flag_set/imm 4, 0;
    %store/vec4 v0x55fb4d753df0_0, 4, 8;
    %load/vec4 v0x55fb4d753860_0;
    %concati/vec4 14, 0, 4;
    %pad/u 12;
    %ix/vec4 4;
    %load/vec4a v0x55fb4d753bb0, 4;
    %store/vec4 v0x55fb4d752fa0_0, 0, 8;
    %pushi/vec4 40000, 0, 64;
    %ix/vec4 4;
    %delayx 4;
    %load/vec4 v0x55fb4d752fa0_0;
    %ix/load 4, 112, 0;
    %flag_set/imm 4, 0;
    %store/vec4 v0x55fb4d753df0_0, 4, 8;
    %load/vec4 v0x55fb4d753860_0;
    %concati/vec4 15, 0, 4;
    %pad/u 12;
    %ix/vec4 4;
    %load/vec4a v0x55fb4d753bb0, 4;
    %store/vec4 v0x55fb4d753080_0, 0, 8;
    %pushi/vec4 40000, 0, 64;
    %ix/vec4 4;
    %delayx 4;
    %load/vec4 v0x55fb4d753080_0;
    %ix/load 4, 120, 0;
    %flag_set/imm 4, 0;
    %store/vec4 v0x55fb4d753df0_0, 4, 8;
    %pushi/vec4 0, 0, 1;
    %store/vec4 v0x55fb4d753a50_0, 0, 1;
    %pushi/vec4 0, 0, 1;
    %store/vec4 v0x55fb4d753d30_0, 0, 1;
T_7.0 ;
    %jmp T_7;
    .thread T_7;
    .scope S_0x55fb4d752380;
T_8 ;
    %wait E_0x55fb4d7525e0;
    %delay 1000, 0;
    %load/vec4 v0x55fb4d754620_0;
    %pad/u 5;
    %ix/vec4 4;
    %load/vec4a v0x55fb4d753f70, 4;
    %parti/s 1, 133, 9;
    %store/vec4 v0x55fb4d754c20_0, 0, 1;
    %load/vec4 v0x55fb4d754b40_0;
    %pad/u 5;
    %load/vec4 v0x55fb4d754620_0;
    %pad/u 5;
    %ix/vec4 4;
    %load/vec4a v0x55fb4d753f70, 4;
    %parti/s 5, 128, 9;
    %cmp/e;
    %jmp/0xz  T_8.0, 4;
    %delay 1000, 0;
    %pushi/vec4 1, 0, 1;
    %store/vec4 v0x55fb4d754560_0, 0, 1;
    %jmp T_8.1;
T_8.0 ;
    %delay 1000, 0;
    %pushi/vec4 0, 0, 1;
    %store/vec4 v0x55fb4d754560_0, 0, 1;
T_8.1 ;
    %load/vec4 v0x55fb4d754560_0;
    %load/vec4 v0x55fb4d754c20_0;
    %mul;
    %flag_set/vec4 8;
    %jmp/0xz  T_8.2, 8;
    %load/vec4 v0x55fb4d754860_0;
    %dup/vec4;
    %pushi/vec4 0, 0, 4;
    %cmp/u;
    %jmp/1 T_8.4, 6;
    %dup/vec4;
    %pushi/vec4 4, 0, 4;
    %cmp/u;
    %jmp/1 T_8.5, 6;
    %dup/vec4;
    %pushi/vec4 8, 0, 4;
    %cmp/u;
    %jmp/1 T_8.6, 6;
    %dup/vec4;
    %pushi/vec4 12, 0, 4;
    %cmp/u;
    %jmp/1 T_8.7, 6;
    %jmp T_8.8;
T_8.4 ;
    %load/vec4 v0x55fb4d754620_0;
    %pad/u 5;
    %ix/vec4 4;
    %load/vec4a v0x55fb4d753f70, 4;
    %parti/s 32, 0, 2;
    %pad/u 33;
    %store/vec4 v0x55fb4d7549c0_0, 0, 33;
    %jmp T_8.8;
T_8.5 ;
    %load/vec4 v0x55fb4d754620_0;
    %pad/u 5;
    %ix/vec4 4;
    %load/vec4a v0x55fb4d753f70, 4;
    %parti/s 32, 32, 7;
    %pad/u 33;
    %store/vec4 v0x55fb4d7549c0_0, 0, 33;
    %jmp T_8.8;
T_8.6 ;
    %load/vec4 v0x55fb4d754620_0;
    %pad/u 5;
    %ix/vec4 4;
    %load/vec4a v0x55fb4d753f70, 4;
    %parti/s 32, 64, 8;
    %pad/u 33;
    %store/vec4 v0x55fb4d7549c0_0, 0, 33;
    %jmp T_8.8;
T_8.7 ;
    %load/vec4 v0x55fb4d754620_0;
    %pad/u 5;
    %ix/vec4 4;
    %load/vec4a v0x55fb4d753f70, 4;
    %parti/s 33, 96, 8;
    %store/vec4 v0x55fb4d7549c0_0, 0, 33;
    %jmp T_8.8;
T_8.8 ;
    %pop/vec4 1;
    %pushi/vec4 0, 0, 1;
    %store/vec4 v0x55fb4d754400_0, 0, 1;
    %pushi/vec4 0, 0, 1;
    %store/vec4 v0x55fb4d7547c0_0, 0, 1;
    %jmp T_8.3;
T_8.2 ;
    %pushi/vec4 1, 0, 1;
    %store/vec4 v0x55fb4d754400_0, 0, 1;
    %pushi/vec4 1, 0, 1;
    %store/vec4 v0x55fb4d7547c0_0, 0, 1;
    %load/vec4 v0x55fb4d754b40_0;
    %load/vec4 v0x55fb4d754620_0;
    %concat/vec4; draw_concat_vec4
    %store/vec4 v0x55fb4d754700_0, 0, 6;
    %wait E_0x55fb4d752660;
    %wait E_0x55fb4d752660;
    %delay 1000, 0;
    %load/vec4 v0x55fb4d753df0_0;
    %load/vec4 v0x55fb4d754620_0;
    %pad/u 5;
    %ix/vec4 4;
    %flag_mov 8, 4;
    %ix/load 5, 0, 0;
    %flag_set/imm 4, 0;
    %flag_or 4, 8;
    %store/vec4a v0x55fb4d753f70, 4, 5;
    %load/vec4 v0x55fb4d754b40_0;
    %pad/u 5;
    %load/vec4 v0x55fb4d754620_0;
    %pad/u 5;
    %ix/vec4 4;
    %flag_mov 8, 4;
    %ix/load 5, 128, 0;
    %flag_set/imm 4, 0;
    %flag_or 4, 8;
    %store/vec4a v0x55fb4d753f70, 4, 5;
    %pushi/vec4 1, 0, 1;
    %load/vec4 v0x55fb4d754620_0;
    %pad/u 5;
    %ix/vec4 4;
    %flag_mov 8, 4;
    %ix/load 5, 133, 0;
    %flag_set/imm 4, 0;
    %flag_or 4, 8;
    %store/vec4a v0x55fb4d753f70, 4, 5;
    %load/vec4 v0x55fb4d754860_0;
    %dup/vec4;
    %pushi/vec4 0, 0, 4;
    %cmp/u;
    %jmp/1 T_8.9, 6;
    %dup/vec4;
    %pushi/vec4 4, 0, 4;
    %cmp/u;
    %jmp/1 T_8.10, 6;
    %dup/vec4;
    %pushi/vec4 8, 0, 4;
    %cmp/u;
    %jmp/1 T_8.11, 6;
    %dup/vec4;
    %pushi/vec4 12, 0, 4;
    %cmp/u;
    %jmp/1 T_8.12, 6;
    %jmp T_8.13;
T_8.9 ;
    %load/vec4 v0x55fb4d754620_0;
    %pad/u 5;
    %ix/vec4 4;
    %load/vec4a v0x55fb4d753f70, 4;
    %parti/s 32, 0, 2;
    %pad/u 33;
    %assign/vec4 v0x55fb4d7549c0_0, 2000;
    %jmp T_8.13;
T_8.10 ;
    %load/vec4 v0x55fb4d754620_0;
    %pad/u 5;
    %ix/vec4 4;
    %load/vec4a v0x55fb4d753f70, 4;
    %parti/s 32, 32, 7;
    %pad/u 33;
    %assign/vec4 v0x55fb4d7549c0_0, 2000;
    %jmp T_8.13;
T_8.11 ;
    %load/vec4 v0x55fb4d754620_0;
    %pad/u 5;
    %ix/vec4 4;
    %load/vec4a v0x55fb4d753f70, 4;
    %parti/s 32, 64, 8;
    %pad/u 33;
    %assign/vec4 v0x55fb4d7549c0_0, 2000;
    %jmp T_8.13;
T_8.12 ;
    %load/vec4 v0x55fb4d754620_0;
    %pad/u 5;
    %ix/vec4 4;
    %load/vec4a v0x55fb4d753f70, 4;
    %parti/s 33, 96, 8;
    %assign/vec4 v0x55fb4d7549c0_0, 2000;
    %jmp T_8.13;
T_8.13 ;
    %pop/vec4 1;
    %delay 1000, 0;
    %load/vec4 v0x55fb4d754620_0;
    %pad/u 5;
    %ix/vec4 4;
    %load/vec4a v0x55fb4d753f70, 4;
    %parti/s 1, 133, 9;
    %store/vec4 v0x55fb4d754c20_0, 0, 1;
    %load/vec4 v0x55fb4d754b40_0;
    %pad/u 5;
    %load/vec4 v0x55fb4d754620_0;
    %pad/u 5;
    %ix/vec4 4;
    %load/vec4a v0x55fb4d753f70, 4;
    %parti/s 5, 128, 9;
    %cmp/e;
    %jmp/0xz  T_8.14, 4;
    %delay 1000, 0;
    %pushi/vec4 1, 0, 1;
    %store/vec4 v0x55fb4d754560_0, 0, 1;
    %jmp T_8.15;
T_8.14 ;
    %delay 1000, 0;
    %pushi/vec4 0, 0, 1;
    %store/vec4 v0x55fb4d754560_0, 0, 1;
T_8.15 ;
    %load/vec4 v0x55fb4d754560_0;
    %load/vec4 v0x55fb4d754c20_0;
    %mul;
    %flag_set/vec4 8;
    %jmp/0xz  T_8.16, 8;
    %load/vec4 v0x55fb4d754860_0;
    %dup/vec4;
    %pushi/vec4 0, 0, 4;
    %cmp/u;
    %jmp/1 T_8.18, 6;
    %dup/vec4;
    %pushi/vec4 4, 0, 4;
    %cmp/u;
    %jmp/1 T_8.19, 6;
    %dup/vec4;
    %pushi/vec4 8, 0, 4;
    %cmp/u;
    %jmp/1 T_8.20, 6;
    %dup/vec4;
    %pushi/vec4 12, 0, 4;
    %cmp/u;
    %jmp/1 T_8.21, 6;
    %jmp T_8.22;
T_8.18 ;
    %load/vec4 v0x55fb4d754620_0;
    %pad/u 5;
    %ix/vec4 4;
    %load/vec4a v0x55fb4d753f70, 4;
    %parti/s 32, 0, 2;
    %pad/u 33;
    %store/vec4 v0x55fb4d7549c0_0, 0, 33;
    %jmp T_8.22;
T_8.19 ;
    %load/vec4 v0x55fb4d754620_0;
    %pad/u 5;
    %ix/vec4 4;
    %load/vec4a v0x55fb4d753f70, 4;
    %parti/s 32, 32, 7;
    %pad/u 33;
    %store/vec4 v0x55fb4d7549c0_0, 0, 33;
    %jmp T_8.22;
T_8.20 ;
    %load/vec4 v0x55fb4d754620_0;
    %pad/u 5;
    %ix/vec4 4;
    %load/vec4a v0x55fb4d753f70, 4;
    %parti/s 32, 64, 8;
    %pad/u 33;
    %store/vec4 v0x55fb4d7549c0_0, 0, 33;
    %jmp T_8.22;
T_8.21 ;
    %load/vec4 v0x55fb4d754620_0;
    %pad/u 5;
    %ix/vec4 4;
    %load/vec4a v0x55fb4d753f70, 4;
    %parti/s 33, 96, 8;
    %store/vec4 v0x55fb4d7549c0_0, 0, 33;
    %jmp T_8.22;
T_8.22 ;
    %pop/vec4 1;
T_8.16 ;
    %pushi/vec4 0, 0, 1;
    %store/vec4 v0x55fb4d754400_0, 0, 1;
    %pushi/vec4 0, 0, 1;
    %store/vec4 v0x55fb4d7547c0_0, 0, 1;
T_8.3 ;
    %jmp T_8;
    .thread T_8, $push;
    .scope S_0x55fb4d752380;
T_9 ;
    %wait E_0x55fb4d74f750;
    %pushi/vec4 0, 0, 134;
    %ix/load 4, 0, 0;
    %flag_set/imm 4, 0;
    %store/vec4a v0x55fb4d753f70, 4, 0;
    %pushi/vec4 0, 0, 134;
    %ix/load 4, 1, 0;
    %flag_set/imm 4, 0;
    %store/vec4a v0x55fb4d753f70, 4, 0;
    %pushi/vec4 0, 0, 134;
    %ix/load 4, 2, 0;
    %flag_set/imm 4, 0;
    %store/vec4a v0x55fb4d753f70, 4, 0;
    %pushi/vec4 0, 0, 134;
    %ix/load 4, 3, 0;
    %flag_set/imm 4, 0;
    %store/vec4a v0x55fb4d753f70, 4, 0;
    %pushi/vec4 0, 0, 134;
    %ix/load 4, 4, 0;
    %flag_set/imm 4, 0;
    %store/vec4a v0x55fb4d753f70, 4, 0;
    %pushi/vec4 0, 0, 134;
    %ix/load 4, 5, 0;
    %flag_set/imm 4, 0;
    %store/vec4a v0x55fb4d753f70, 4, 0;
    %pushi/vec4 0, 0, 134;
    %ix/load 4, 6, 0;
    %flag_set/imm 4, 0;
    %store/vec4a v0x55fb4d753f70, 4, 0;
    %pushi/vec4 0, 0, 134;
    %ix/load 4, 7, 0;
    %flag_set/imm 4, 0;
    %store/vec4a v0x55fb4d753f70, 4, 0;
    %pushi/vec4 0, 0, 1;
    %store/vec4 v0x55fb4d754400_0, 0, 1;
    %pushi/vec4 0, 0, 33;
    %store/vec4 v0x55fb4d7549c0_0, 0, 33;
    %pushi/vec4 0, 0, 1;
    %store/vec4 v0x55fb4d754c20_0, 0, 1;
    %pushi/vec4 0, 0, 1;
    %store/vec4 v0x55fb4d754560_0, 0, 1;
    %jmp T_9;
    .thread T_9;
    .scope S_0x55fb4d74f460;
T_10 ;
    %wait E_0x55fb4d74f7d0;
    %load/vec4 v0x55fb4d750380_0;
    %flag_set/vec4 8;
    %load/vec4 v0x55fb4d7506a0_0;
    %flag_set/vec4 9;
    %flag_or 9, 8;
    %jmp/0 T_10.0, 9;
    %pushi/vec4 1, 0, 2;
    %jmp/1 T_10.1, 9;
T_10.0 ; End of true expr.
    %pushi/vec4 0, 0, 2;
    %jmp/0 T_10.1, 9;
 ; End of false expr.
    %blend;
T_10.1;
    %pad/s 1;
    %store/vec4 v0x55fb4d750060_0, 0, 1;
    %load/vec4 v0x55fb4d750380_0;
    %load/vec4 v0x55fb4d7506a0_0;
    %nor/r;
    %and;
    %flag_set/vec4 8;
    %jmp/0 T_10.2, 8;
    %pushi/vec4 1, 0, 2;
    %jmp/1 T_10.3, 8;
T_10.2 ; End of true expr.
    %pushi/vec4 0, 0, 2;
    %jmp/0 T_10.3, 8;
 ; End of false expr.
    %blend;
T_10.3;
    %pad/s 1;
    %store/vec4 v0x55fb4d750440_0, 0, 1;
    %load/vec4 v0x55fb4d750380_0;
    %nor/r;
    %load/vec4 v0x55fb4d7506a0_0;
    %and;
    %flag_set/vec4 8;
    %jmp/0 T_10.4, 8;
    %pushi/vec4 1, 0, 2;
    %jmp/1 T_10.5, 8;
T_10.4 ; End of true expr.
    %pushi/vec4 0, 0, 2;
    %jmp/0 T_10.5, 8;
 ; End of false expr.
    %blend;
T_10.5;
    %pad/s 1;
    %store/vec4 v0x55fb4d750760_0, 0, 1;
    %jmp T_10;
    .thread T_10, $push;
    .scope S_0x55fb4d74f460;
T_11 ;
    %wait E_0x55fb4d6cadf0;
    %load/vec4 v0x55fb4d750440_0;
    %flag_set/vec4 8;
    %jmp/0xz  T_11.0, 8;
    %load/vec4 v0x55fb4d74ff80_0;
    %concati/vec4 0, 0, 2;
    %pad/u 10;
    %ix/vec4 4;
    %load/vec4a v0x55fb4d7502c0, 4;
    %store/vec4 v0x55fb4d74f930_0, 0, 8;
    %pushi/vec4 40000, 0, 64;
    %ix/vec4 4;
    %delayx 4;
    %load/vec4 v0x55fb4d74f930_0;
    %ix/load 4, 0, 0;
    %flag_set/imm 4, 0;
    %store/vec4 v0x55fb4d750500_0, 4, 8;
    %load/vec4 v0x55fb4d74ff80_0;
    %concati/vec4 1, 0, 2;
    %pad/u 10;
    %ix/vec4 4;
    %load/vec4a v0x55fb4d7502c0, 4;
    %store/vec4 v0x55fb4d74fa10_0, 0, 8;
    %pushi/vec4 40000, 0, 64;
    %ix/vec4 4;
    %delayx 4;
    %load/vec4 v0x55fb4d74fa10_0;
    %ix/load 4, 8, 0;
    %flag_set/imm 4, 0;
    %store/vec4 v0x55fb4d750500_0, 4, 8;
    %load/vec4 v0x55fb4d74ff80_0;
    %concati/vec4 2, 0, 2;
    %pad/u 10;
    %ix/vec4 4;
    %load/vec4a v0x55fb4d7502c0, 4;
    %store/vec4 v0x55fb4d74fad0_0, 0, 8;
    %pushi/vec4 40000, 0, 64;
    %ix/vec4 4;
    %delayx 4;
    %load/vec4 v0x55fb4d74fad0_0;
    %ix/load 4, 16, 0;
    %flag_set/imm 4, 0;
    %store/vec4 v0x55fb4d750500_0, 4, 8;
    %load/vec4 v0x55fb4d74ff80_0;
    %concati/vec4 3, 0, 2;
    %pad/u 10;
    %ix/vec4 4;
    %load/vec4a v0x55fb4d7502c0, 4;
    %store/vec4 v0x55fb4d74fbb0_0, 0, 8;
    %pushi/vec4 40000, 0, 64;
    %ix/vec4 4;
    %delayx 4;
    %load/vec4 v0x55fb4d74fbb0_0;
    %ix/load 4, 24, 0;
    %flag_set/imm 4, 0;
    %store/vec4 v0x55fb4d750500_0, 4, 8;
    %pushi/vec4 0, 0, 1;
    %store/vec4 v0x55fb4d750060_0, 0, 1;
    %pushi/vec4 0, 0, 1;
    %store/vec4 v0x55fb4d750440_0, 0, 1;
T_11.0 ;
    %load/vec4 v0x55fb4d750760_0;
    %flag_set/vec4 8;
    %jmp/0xz  T_11.2, 8;
    %load/vec4 v0x55fb4d750820_0;
    %parti/s 8, 0, 2;
    %store/vec4 v0x55fb4d74fce0_0, 0, 8;
    %pushi/vec4 40000, 0, 64;
    %ix/vec4 4;
    %delayx 4;
    %load/vec4 v0x55fb4d74fce0_0;
    %load/vec4 v0x55fb4d74ff80_0;
    %concati/vec4 0, 0, 2;
    %pad/u 10;
    %ix/vec4 4;
    %store/vec4a v0x55fb4d7502c0, 4, 0;
    %load/vec4 v0x55fb4d750820_0;
    %parti/s 8, 8, 5;
    %store/vec4 v0x55fb4d74fdc0_0, 0, 8;
    %pushi/vec4 40000, 0, 64;
    %ix/vec4 4;
    %delayx 4;
    %load/vec4 v0x55fb4d74fdc0_0;
    %load/vec4 v0x55fb4d74ff80_0;
    %concati/vec4 1, 0, 2;
    %pad/u 10;
    %ix/vec4 4;
    %store/vec4a v0x55fb4d7502c0, 4, 0;
    %load/vec4 v0x55fb4d750820_0;
    %parti/s 8, 16, 6;
    %store/vec4 v0x55fb4d74fea0_0, 0, 8;
    %pushi/vec4 40000, 0, 64;
    %ix/vec4 4;
    %delayx 4;
    %load/vec4 v0x55fb4d74fea0_0;
    %load/vec4 v0x55fb4d74ff80_0;
    %concati/vec4 2, 0, 2;
    %pad/u 10;
    %ix/vec4 4;
    %store/vec4a v0x55fb4d7502c0, 4, 0;
    %load/vec4 v0x55fb4d750820_0;
    %parti/s 8, 24, 6;
    %store/vec4 v0x55fb4d74f830_0, 0, 8;
    %pushi/vec4 40000, 0, 64;
    %ix/vec4 4;
    %delayx 4;
    %load/vec4 v0x55fb4d74f830_0;
    %load/vec4 v0x55fb4d74ff80_0;
    %concati/vec4 3, 0, 2;
    %pad/u 10;
    %ix/vec4 4;
    %store/vec4a v0x55fb4d7502c0, 4, 0;
    %pushi/vec4 0, 0, 1;
    %store/vec4 v0x55fb4d750060_0, 0, 1;
    %pushi/vec4 0, 0, 1;
    %store/vec4 v0x55fb4d750760_0, 0, 1;
T_11.2 ;
    %jmp T_11;
    .thread T_11;
    .scope S_0x55fb4d74f460;
T_12 ;
    %wait E_0x55fb4d74f750;
    %load/vec4 v0x55fb4d7505e0_0;
    %flag_set/vec4 8;
    %jmp/0xz  T_12.0, 8;
    %pushi/vec4 0, 0, 32;
    %store/vec4 v0x55fb4d7501e0_0, 0, 32;
T_12.2 ;
    %load/vec4 v0x55fb4d7501e0_0;
    %cmpi/s 256, 0, 32;
    %jmp/0xz T_12.3, 5;
    %pushi/vec4 0, 0, 8;
    %ix/getv/s 4, v0x55fb4d7501e0_0;
    %store/vec4a v0x55fb4d7502c0, 4, 0;
    %load/vec4 v0x55fb4d7501e0_0;
    %addi 1, 0, 32;
    %store/vec4 v0x55fb4d7501e0_0, 0, 32;
    %jmp T_12.2;
T_12.3 ;
    %pushi/vec4 0, 0, 1;
    %store/vec4 v0x55fb4d750060_0, 0, 1;
    %pushi/vec4 0, 0, 1;
    %store/vec4 v0x55fb4d750440_0, 0, 1;
    %pushi/vec4 0, 0, 1;
    %store/vec4 v0x55fb4d750760_0, 0, 1;
T_12.0 ;
    %jmp T_12;
    .thread T_12;
    .scope S_0x55fb4d74ed00;
T_13 ;
    %wait E_0x55fb4d74f3d0;
    %load/vec4 v0x55fb4d751b60_0;
    %load/vec4 v0x55fb4d7520f0_0;
    %or;
    %flag_set/vec4 8;
    %jmp/0xz  T_13.0, 8;
    %pushi/vec4 1, 0, 1;
    %store/vec4 v0x55fb4d751210_0, 0, 1;
    %delay 1000, 0;
    %load/vec4 v0x55fb4d7514b0_0;
    %pad/u 5;
    %ix/vec4 4;
    %load/vec4a v0x55fb4d750a00, 4;
    %parti/s 1, 36, 7;
    %store/vec4 v0x55fb4d752030_0, 0, 1;
    %load/vec4 v0x55fb4d7514b0_0;
    %pad/u 5;
    %ix/vec4 4;
    %load/vec4a v0x55fb4d750a00, 4;
    %parti/s 1, 35, 7;
    %store/vec4 v0x55fb4d751350_0, 0, 1;
    %load/vec4 v0x55fb4d751f50_0;
    %load/vec4 v0x55fb4d7514b0_0;
    %pad/u 5;
    %ix/vec4 4;
    %load/vec4a v0x55fb4d750a00, 4;
    %parti/s 3, 32, 7;
    %cmp/e;
    %jmp/0xz  T_13.2, 4;
    %delay 1000, 0;
    %pushi/vec4 1, 0, 1;
    %store/vec4 v0x55fb4d7513f0_0, 0, 1;
    %jmp T_13.3;
T_13.2 ;
    %delay 1000, 0;
    %pushi/vec4 0, 0, 1;
    %store/vec4 v0x55fb4d7513f0_0, 0, 1;
T_13.3 ;
    %load/vec4 v0x55fb4d751b60_0;
    %load/vec4 v0x55fb4d7513f0_0;
    %mul;
    %load/vec4 v0x55fb4d752030_0;
    %mul;
    %flag_set/vec4 8;
    %jmp/0xz  T_13.4, 8;
    %load/vec4 v0x55fb4d751aa0_0;
    %dup/vec4;
    %pushi/vec4 0, 0, 2;
    %cmp/u;
    %jmp/1 T_13.6, 6;
    %dup/vec4;
    %pushi/vec4 1, 0, 2;
    %cmp/u;
    %jmp/1 T_13.7, 6;
    %dup/vec4;
    %pushi/vec4 2, 0, 2;
    %cmp/u;
    %jmp/1 T_13.8, 6;
    %dup/vec4;
    %pushi/vec4 3, 0, 2;
    %cmp/u;
    %jmp/1 T_13.9, 6;
    %jmp T_13.10;
T_13.6 ;
    %load/vec4 v0x55fb4d7514b0_0;
    %pad/u 5;
    %ix/vec4 4;
    %load/vec4a v0x55fb4d750a00, 4;
    %parti/s 8, 24, 6;
    %store/vec4 v0x55fb4d751c20_0, 0, 8;
    %jmp T_13.10;
T_13.7 ;
    %load/vec4 v0x55fb4d7514b0_0;
    %pad/u 5;
    %ix/vec4 4;
    %load/vec4a v0x55fb4d750a00, 4;
    %parti/s 8, 16, 6;
    %store/vec4 v0x55fb4d751c20_0, 0, 8;
    %jmp T_13.10;
T_13.8 ;
    %load/vec4 v0x55fb4d7514b0_0;
    %pad/u 5;
    %ix/vec4 4;
    %load/vec4a v0x55fb4d750a00, 4;
    %parti/s 8, 8, 5;
    %store/vec4 v0x55fb4d751c20_0, 0, 8;
    %jmp T_13.10;
T_13.9 ;
    %load/vec4 v0x55fb4d7514b0_0;
    %pad/u 5;
    %ix/vec4 4;
    %load/vec4a v0x55fb4d750a00, 4;
    %parti/s 8, 0, 2;
    %store/vec4 v0x55fb4d751c20_0, 0, 8;
    %jmp T_13.10;
T_13.10 ;
    %pop/vec4 1;
    %pushi/vec4 0, 0, 1;
    %store/vec4 v0x55fb4d751210_0, 0, 1;
    %jmp T_13.5;
T_13.4 ;
    %load/vec4 v0x55fb4d7520f0_0;
    %load/vec4 v0x55fb4d7513f0_0;
    %load/vec4 v0x55fb4d752030_0;
    %inv;
    %or;
    %mul;
    %flag_set/vec4 8;
    %jmp/0xz  T_13.11, 8;
    %load/vec4 v0x55fb4d751f50_0;
    %load/vec4 v0x55fb4d7514b0_0;
    %pad/u 5;
    %ix/vec4 4;
    %flag_mov 8, 4;
    %ix/load 5, 32, 0;
    %flag_set/imm 4, 0;
    %flag_or 4, 8;
    %store/vec4a v0x55fb4d750a00, 4, 5;
    %pushi/vec4 1, 0, 1;
    %load/vec4 v0x55fb4d7514b0_0;
    %pad/u 5;
    %ix/vec4 4;
    %flag_mov 8, 4;
    %ix/load 5, 36, 0;
    %flag_set/imm 4, 0;
    %flag_or 4, 8;
    %store/vec4a v0x55fb4d750a00, 4, 5;
    %pushi/vec4 1, 0, 1;
    %load/vec4 v0x55fb4d7514b0_0;
    %pad/u 5;
    %ix/vec4 4;
    %flag_mov 8, 4;
    %ix/load 5, 35, 0;
    %flag_set/imm 4, 0;
    %flag_or 4, 8;
    %store/vec4a v0x55fb4d750a00, 4, 5;
    %load/vec4 v0x55fb4d751aa0_0;
    %dup/vec4;
    %pushi/vec4 0, 0, 2;
    %cmp/u;
    %jmp/1 T_13.13, 6;
    %dup/vec4;
    %pushi/vec4 1, 0, 2;
    %cmp/u;
    %jmp/1 T_13.14, 6;
    %dup/vec4;
    %pushi/vec4 2, 0, 2;
    %cmp/u;
    %jmp/1 T_13.15, 6;
    %dup/vec4;
    %pushi/vec4 3, 0, 2;
    %cmp/u;
    %jmp/1 T_13.16, 6;
    %jmp T_13.17;
T_13.13 ;
    %load/vec4 v0x55fb4d7521b0_0;
    %load/vec4 v0x55fb4d7514b0_0;
    %pad/u 5;
    %ix/vec4 4;
    %flag_mov 8, 4;
    %ix/load 5, 24, 0;
    %flag_set/imm 4, 0;
    %flag_or 4, 8;
    %store/vec4a v0x55fb4d750a00, 4, 5;
    %jmp T_13.17;
T_13.14 ;
    %load/vec4 v0x55fb4d7521b0_0;
    %load/vec4 v0x55fb4d7514b0_0;
    %pad/u 5;
    %ix/vec4 4;
    %flag_mov 8, 4;
    %ix/load 5, 16, 0;
    %flag_set/imm 4, 0;
    %flag_or 4, 8;
    %store/vec4a v0x55fb4d750a00, 4, 5;
    %jmp T_13.17;
T_13.15 ;
    %load/vec4 v0x55fb4d7521b0_0;
    %load/vec4 v0x55fb4d7514b0_0;
    %pad/u 5;
    %ix/vec4 4;
    %flag_mov 8, 4;
    %ix/load 5, 8, 0;
    %flag_set/imm 4, 0;
    %flag_or 4, 8;
    %store/vec4a v0x55fb4d750a00, 4, 5;
    %jmp T_13.17;
T_13.16 ;
    %load/vec4 v0x55fb4d7521b0_0;
    %load/vec4 v0x55fb4d7514b0_0;
    %pad/u 5;
    %ix/vec4 4;
    %flag_mov 8, 4;
    %ix/load 5, 0, 0;
    %flag_set/imm 4, 0;
    %flag_or 4, 8;
    %store/vec4a v0x55fb4d750a00, 4, 5;
    %jmp T_13.17;
T_13.17 ;
    %pop/vec4 1;
    %pushi/vec4 0, 0, 1;
    %store/vec4 v0x55fb4d751210_0, 0, 1;
    %jmp T_13.12;
T_13.11 ;
    %wait E_0x55fb4d6cadf0;
    %pushi/vec4 1, 0, 1;
    %store/vec4 v0x55fb4d751e90_0, 0, 1;
T_13.12 ;
T_13.5 ;
T_13.0 ;
    %jmp T_13;
    .thread T_13, $push;
    .scope S_0x55fb4d74ed00;
T_14 ;
    %wait E_0x55fb4d74f350;
    %load/vec4 v0x55fb4d751dd0_0;
    %dup/vec4;
    %pushi/vec4 0, 0, 3;
    %cmp/u;
    %jmp/1 T_14.0, 6;
    %dup/vec4;
    %pushi/vec4 1, 0, 3;
    %cmp/u;
    %jmp/1 T_14.1, 6;
    %dup/vec4;
    %pushi/vec4 2, 0, 3;
    %cmp/u;
    %jmp/1 T_14.2, 6;
    %jmp T_14.3;
T_14.0 ;
    %load/vec4 v0x55fb4d751b60_0;
    %load/vec4 v0x55fb4d7520f0_0;
    %or;
    %load/vec4 v0x55fb4d751350_0;
    %nor/r;
    %and;
    %load/vec4 v0x55fb4d7513f0_0;
    %nor/r;
    %and;
    %flag_set/vec4 8;
    %jmp/0xz  T_14.4, 8;
    %pushi/vec4 1, 0, 3;
    %store/vec4 v0x55fb4d751a00_0, 0, 3;
    %jmp T_14.5;
T_14.4 ;
    %load/vec4 v0x55fb4d751b60_0;
    %load/vec4 v0x55fb4d7520f0_0;
    %or;
    %load/vec4 v0x55fb4d751350_0;
    %and;
    %load/vec4 v0x55fb4d7513f0_0;
    %nor/r;
    %and;
    %flag_set/vec4 8;
    %jmp/0xz  T_14.6, 8;
    %pushi/vec4 2, 0, 3;
    %store/vec4 v0x55fb4d751a00_0, 0, 3;
    %jmp T_14.7;
T_14.6 ;
    %pushi/vec4 0, 0, 3;
    %store/vec4 v0x55fb4d751a00_0, 0, 3;
T_14.7 ;
T_14.5 ;
    %jmp T_14.3;
T_14.1 ;
    %load/vec4 v0x55fb4d750060_0;
    %nor/r;
    %flag_set/vec4 8;
    %jmp/0xz  T_14.8, 8;
    %pushi/vec4 0, 0, 3;
    %store/vec4 v0x55fb4d751a00_0, 0, 3;
    %jmp T_14.9;
T_14.8 ;
    %pushi/vec4 1, 0, 3;
    %store/vec4 v0x55fb4d751a00_0, 0, 3;
T_14.9 ;
    %jmp T_14.3;
T_14.2 ;
    %load/vec4 v0x55fb4d750060_0;
    %nor/r;
    %flag_set/vec4 8;
    %jmp/0xz  T_14.10, 8;
    %pushi/vec4 1, 0, 3;
    %store/vec4 v0x55fb4d751a00_0, 0, 3;
    %jmp T_14.11;
T_14.10 ;
    %pushi/vec4 2, 0, 3;
    %store/vec4 v0x55fb4d751a00_0, 0, 3;
T_14.11 ;
    %jmp T_14.3;
T_14.3 ;
    %pop/vec4 1;
    %jmp T_14;
    .thread T_14, $push;
    .scope S_0x55fb4d74ed00;
T_15 ;
    %wait E_0x55fb4d74f270;
    %load/vec4 v0x55fb4d751e90_0;
    %flag_set/vec4 8;
    %jmp/0xz  T_15.0, 8;
    %load/vec4 v0x55fb4d751dd0_0;
    %dup/vec4;
    %pushi/vec4 0, 0, 3;
    %cmp/u;
    %jmp/1 T_15.2, 6;
    %dup/vec4;
    %pushi/vec4 1, 0, 3;
    %cmp/u;
    %jmp/1 T_15.3, 6;
    %dup/vec4;
    %pushi/vec4 2, 0, 3;
    %cmp/u;
    %jmp/1 T_15.4, 6;
    %jmp T_15.5;
T_15.2 ;
    %load/vec4 v0x55fb4d751b60_0;
    %flag_set/vec4 8;
    %jmp/0xz  T_15.6, 8;
    %pushi/vec4 0, 0, 1;
    %store/vec4 v0x55fb4d751210_0, 0, 1;
    %delay 1000, 0;
    %load/vec4 v0x55fb4d750500_0;
    %load/vec4 v0x55fb4d7514b0_0;
    %pad/u 5;
    %ix/vec4 4;
    %flag_mov 8, 4;
    %ix/load 5, 0, 0;
    %flag_set/imm 4, 0;
    %flag_or 4, 8;
    %store/vec4a v0x55fb4d750a00, 4, 5;
    %load/vec4 v0x55fb4d751f50_0;
    %load/vec4 v0x55fb4d7514b0_0;
    %pad/u 5;
    %ix/vec4 4;
    %flag_mov 8, 4;
    %ix/load 5, 32, 0;
    %flag_set/imm 4, 0;
    %flag_or 4, 8;
    %store/vec4a v0x55fb4d750a00, 4, 5;
    %pushi/vec4 1, 0, 1;
    %load/vec4 v0x55fb4d7514b0_0;
    %pad/u 5;
    %ix/vec4 4;
    %flag_mov 8, 4;
    %ix/load 5, 36, 0;
    %flag_set/imm 4, 0;
    %flag_or 4, 8;
    %store/vec4a v0x55fb4d750a00, 4, 5;
    %pushi/vec4 0, 0, 1;
    %load/vec4 v0x55fb4d7514b0_0;
    %pad/u 5;
    %ix/vec4 4;
    %flag_mov 8, 4;
    %ix/load 5, 35, 0;
    %flag_set/imm 4, 0;
    %flag_or 4, 8;
    %store/vec4a v0x55fb4d750a00, 4, 5;
T_15.6 ;
    %pushi/vec4 0, 0, 1;
    %store/vec4 v0x55fb4d751680_0, 0, 1;
    %pushi/vec4 0, 0, 1;
    %store/vec4 v0x55fb4d751750_0, 0, 1;
    %pushi/vec4 0, 0, 1;
    %store/vec4 v0x55fb4d751210_0, 0, 1;
    %pushi/vec4 0, 0, 1;
    %store/vec4 v0x55fb4d751e90_0, 0, 1;
    %jmp T_15.5;
T_15.3 ;
    %load/vec4 v0x55fb4d751b60_0;
    %flag_set/vec4 8;
    %jmp/0xz  T_15.8, 8;
    %pushi/vec4 1, 0, 1;
    %store/vec4 v0x55fb4d751680_0, 0, 1;
    %pushi/vec4 0, 0, 1;
    %store/vec4 v0x55fb4d751750_0, 0, 1;
    %load/vec4 v0x55fb4d751f50_0;
    %load/vec4 v0x55fb4d7514b0_0;
    %concat/vec4; draw_concat_vec4
    %store/vec4 v0x55fb4d751590_0, 0, 6;
    %pushi/vec4 1, 0, 1;
    %store/vec4 v0x55fb4d751210_0, 0, 1;
T_15.8 ;
    %load/vec4 v0x55fb4d7520f0_0;
    %flag_set/vec4 8;
    %jmp/0xz  T_15.10, 8;
    %pushi/vec4 0, 0, 1;
    %store/vec4 v0x55fb4d751210_0, 0, 1;
    %delay 1000, 0;
    %pushi/vec4 1, 0, 1;
    %load/vec4 v0x55fb4d7514b0_0;
    %pad/u 5;
    %ix/vec4 4;
    %flag_mov 8, 4;
    %ix/load 5, 36, 0;
    %flag_set/imm 4, 0;
    %flag_or 4, 8;
    %store/vec4a v0x55fb4d750a00, 4, 5;
    %pushi/vec4 1, 0, 1;
    %load/vec4 v0x55fb4d7514b0_0;
    %pad/u 5;
    %ix/vec4 4;
    %flag_mov 8, 4;
    %ix/load 5, 35, 0;
    %flag_set/imm 4, 0;
    %flag_or 4, 8;
    %store/vec4a v0x55fb4d750a00, 4, 5;
    %load/vec4 v0x55fb4d751f50_0;
    %load/vec4 v0x55fb4d7514b0_0;
    %pad/u 5;
    %ix/vec4 4;
    %flag_mov 8, 4;
    %ix/load 5, 32, 0;
    %flag_set/imm 4, 0;
    %flag_or 4, 8;
    %store/vec4a v0x55fb4d750a00, 4, 5;
    %delay 1000, 0;
    %load/vec4 v0x55fb4d751aa0_0;
    %dup/vec4;
    %pushi/vec4 0, 0, 2;
    %cmp/u;
    %jmp/1 T_15.12, 6;
    %dup/vec4;
    %pushi/vec4 1, 0, 2;
    %cmp/u;
    %jmp/1 T_15.13, 6;
    %dup/vec4;
    %pushi/vec4 2, 0, 2;
    %cmp/u;
    %jmp/1 T_15.14, 6;
    %dup/vec4;
    %pushi/vec4 3, 0, 2;
    %cmp/u;
    %jmp/1 T_15.15, 6;
    %jmp T_15.16;
T_15.12 ;
    %load/vec4 v0x55fb4d7521b0_0;
    %load/vec4 v0x55fb4d7514b0_0;
    %pad/u 5;
    %ix/vec4 4;
    %flag_mov 8, 4;
    %ix/load 5, 24, 0;
    %flag_set/imm 4, 0;
    %flag_or 4, 8;
    %store/vec4a v0x55fb4d750a00, 4, 5;
    %jmp T_15.16;
T_15.13 ;
    %load/vec4 v0x55fb4d7521b0_0;
    %load/vec4 v0x55fb4d7514b0_0;
    %pad/u 5;
    %ix/vec4 4;
    %flag_mov 8, 4;
    %ix/load 5, 16, 0;
    %flag_set/imm 4, 0;
    %flag_or 4, 8;
    %store/vec4a v0x55fb4d750a00, 4, 5;
    %jmp T_15.16;
T_15.14 ;
    %load/vec4 v0x55fb4d7521b0_0;
    %load/vec4 v0x55fb4d7514b0_0;
    %pad/u 5;
    %ix/vec4 4;
    %flag_mov 8, 4;
    %ix/load 5, 8, 0;
    %flag_set/imm 4, 0;
    %flag_or 4, 8;
    %store/vec4a v0x55fb4d750a00, 4, 5;
    %jmp T_15.16;
T_15.15 ;
    %load/vec4 v0x55fb4d7521b0_0;
    %load/vec4 v0x55fb4d7514b0_0;
    %pad/u 5;
    %ix/vec4 4;
    %flag_mov 8, 4;
    %ix/load 5, 0, 0;
    %flag_set/imm 4, 0;
    %flag_or 4, 8;
    %store/vec4a v0x55fb4d750a00, 4, 5;
    %jmp T_15.16;
T_15.16 ;
    %pop/vec4 1;
T_15.10 ;
    %jmp T_15.5;
T_15.4 ;
    %load/vec4 v0x55fb4d751350_0;
    %flag_set/vec4 8;
    %jmp/0xz  T_15.17, 8;
    %pushi/vec4 0, 0, 1;
    %store/vec4 v0x55fb4d751680_0, 0, 1;
    %pushi/vec4 1, 0, 1;
    %store/vec4 v0x55fb4d751750_0, 0, 1;
    %load/vec4 v0x55fb4d7514b0_0;
    %pad/u 5;
    %ix/vec4 4;
    %load/vec4a v0x55fb4d750a00, 4;
    %parti/s 3, 32, 7;
    %load/vec4 v0x55fb4d7514b0_0;
    %concat/vec4; draw_concat_vec4
    %store/vec4 v0x55fb4d751590_0, 0, 6;
    %load/vec4 v0x55fb4d7514b0_0;
    %pad/u 5;
    %ix/vec4 4;
    %load/vec4a v0x55fb4d750a00, 4;
    %parti/s 32, 0, 2;
    %store/vec4 v0x55fb4d751820_0, 0, 32;
    %pushi/vec4 1, 0, 1;
    %store/vec4 v0x55fb4d751210_0, 0, 1;
T_15.17 ;
    %jmp T_15.5;
T_15.5 ;
    %pop/vec4 1;
T_15.0 ;
    %jmp T_15;
    .thread T_15, $push;
    .scope S_0x55fb4d74ed00;
T_16 ;
    %wait E_0x55fb4d74f210;
    %load/vec4 v0x55fb4d751d00_0;
    %flag_set/vec4 8;
    %jmp/0xz  T_16.0, 8;
    %pushi/vec4 0, 0, 3;
    %store/vec4 v0x55fb4d751dd0_0, 0, 3;
    %jmp T_16.1;
T_16.0 ;
    %load/vec4 v0x55fb4d751e90_0;
    %load/vec4 v0x55fb4d750060_0;
    %inv;
    %mul;
    %flag_set/vec4 8;
    %jmp/0xz  T_16.2, 8;
    %load/vec4 v0x55fb4d751a00_0;
    %store/vec4 v0x55fb4d751dd0_0, 0, 3;
T_16.2 ;
T_16.1 ;
    %jmp T_16;
    .thread T_16;
    .scope S_0x55fb4d74ed00;
T_17 ;
    %wait E_0x55fb4d74f750;
    %pushi/vec4 0, 0, 1;
    %store/vec4 v0x55fb4d751e90_0, 0, 1;
    %pushi/vec4 0, 0, 3;
    %store/vec4 v0x55fb4d751dd0_0, 0, 3;
    %pushi/vec4 0, 0, 3;
    %store/vec4 v0x55fb4d751a00_0, 0, 3;
    %pushi/vec4 0, 0, 32;
    %store/vec4 v0x55fb4d750500_0, 0, 32;
    %pushi/vec4 0, 0, 37;
    %ix/load 4, 0, 0;
    %flag_set/imm 4, 0;
    %store/vec4a v0x55fb4d750a00, 4, 0;
    %pushi/vec4 0, 0, 37;
    %ix/load 4, 1, 0;
    %flag_set/imm 4, 0;
    %store/vec4a v0x55fb4d750a00, 4, 0;
    %pushi/vec4 0, 0, 37;
    %ix/load 4, 2, 0;
    %flag_set/imm 4, 0;
    %store/vec4a v0x55fb4d750a00, 4, 0;
    %pushi/vec4 0, 0, 37;
    %ix/load 4, 3, 0;
    %flag_set/imm 4, 0;
    %store/vec4a v0x55fb4d750a00, 4, 0;
    %pushi/vec4 0, 0, 37;
    %ix/load 4, 4, 0;
    %flag_set/imm 4, 0;
    %store/vec4a v0x55fb4d750a00, 4, 0;
    %pushi/vec4 0, 0, 37;
    %ix/load 4, 5, 0;
    %flag_set/imm 4, 0;
    %store/vec4a v0x55fb4d750a00, 4, 0;
    %pushi/vec4 0, 0, 37;
    %ix/load 4, 6, 0;
    %flag_set/imm 4, 0;
    %store/vec4a v0x55fb4d750a00, 4, 0;
    %pushi/vec4 0, 0, 37;
    %ix/load 4, 7, 0;
    %flag_set/imm 4, 0;
    %store/vec4a v0x55fb4d750a00, 4, 0;
    %jmp T_17;
    .thread T_17;
    .scope S_0x55fb4d7563c0;
T_18 ;
    %wait E_0x55fb4d7565a0;
    %load/vec4 v0x55fb4d756620_0;
    %inv;
    %addi 1, 0, 8;
    %assign/vec4 v0x55fb4d756700_0, 1000;
    %jmp T_18;
    .thread T_18, $push;
    .scope S_0x55fb4d6b95e0;
T_19 ;
    %wait E_0x55fb4d6cb630;
    %load/vec4 v0x55fb4d6f4d10_0;
    %dup/vec4;
    %pushi/vec4 0, 0, 1;
    %cmp/u;
    %jmp/1 T_19.0, 6;
    %dup/vec4;
    %pushi/vec4 1, 0, 1;
    %cmp/u;
    %jmp/1 T_19.1, 6;
    %jmp T_19.2;
T_19.0 ;
    %load/vec4 v0x55fb4d707fb0_0;
    %store/vec4 v0x55fb4d705c30_0, 0, 8;
    %jmp T_19.2;
T_19.1 ;
    %load/vec4 v0x55fb4d70ed10_0;
    %store/vec4 v0x55fb4d705c30_0, 0, 8;
    %jmp T_19.2;
T_19.2 ;
    %pop/vec4 1;
    %jmp T_19;
    .thread T_19, $push;
    .scope S_0x55fb4d74db40;
T_20 ;
    %wait E_0x55fb4d7303e0;
    %load/vec4 v0x55fb4d714420_0;
    %dup/vec4;
    %pushi/vec4 0, 0, 1;
    %cmp/u;
    %jmp/1 T_20.0, 6;
    %dup/vec4;
    %pushi/vec4 1, 0, 1;
    %cmp/u;
    %jmp/1 T_20.1, 6;
    %jmp T_20.2;
T_20.0 ;
    %load/vec4 v0x55fb4d74dd20_0;
    %store/vec4 v0x55fb4d74dec0_0, 0, 8;
    %jmp T_20.2;
T_20.1 ;
    %load/vec4 v0x55fb4d74de00_0;
    %store/vec4 v0x55fb4d74dec0_0, 0, 8;
    %jmp T_20.2;
T_20.2 ;
    %pop/vec4 1;
    %jmp T_20;
    .thread T_20, $push;
    .scope S_0x55fb4d74d860;
T_21 ;
    %wait E_0x55fb4d6cadf0;
    %delay 1000, 0;
    %pushi/vec4 1, 0, 1;
    %store/vec4 v0x55fb4d757cb0_0, 0, 1;
    %load/vec4 v0x55fb4d751210_0;
    %load/vec4 v0x55fb4d754400_0;
    %or;
    %inv;
    %flag_set/vec4 8;
    %jmp/0xz  T_21.0, 8;
    %pushi/vec4 0, 0, 1;
    %store/vec4 v0x55fb4d7578d0_0, 0, 1;
    %pushi/vec4 0, 0, 1;
    %store/vec4 v0x55fb4d7579a0_0, 0, 1;
    %load/vec4 v0x55fb4d756ec0_0;
    %parti/s 30, 2, 3;
    %load/vec4 v0x55fb4d721a20_0;
    %parti/s 1, 7, 4;
    %pad/u 20;
    %muli 1048575, 0, 20;
    %load/vec4 v0x55fb4d721a20_0;
    %parti/s 1, 7, 4;
    %pad/u 2;
    %muli 3, 0, 2;
    %concat/vec4; draw_concat_vec4
    %load/vec4 v0x55fb4d721a20_0;
    %concat/vec4; draw_concat_vec4
    %load/vec4 v0x55fb4d74e670_0;
    %pad/u 30;
    %mul;
    %add;
    %ix/load 4, 2, 0;
    %flag_set/imm 4, 0;
    %store/vec4 v0x55fb4d756ec0_0, 4, 30;
    %pushi/vec4 0, 0, 8;
    %store/vec4 v0x55fb4d757a70_0, 0, 8;
    %pushi/vec4 0, 0, 1;
    %store/vec4 v0x55fb4d74e670_0, 0, 1;
    %pushi/vec4 0, 0, 1;
    %store/vec4 v0x55fb4d757730_0, 0, 1;
    %load/vec4 v0x55fb4d756ec0_0;
    %parti/s 1, 31, 6;
    %inv;
    %flag_set/vec4 8;
    %jmp/0xz  T_21.2, 8;
    %load/vec4 v0x55fb4d756ec0_0;
    %pad/u 10;
    %store/vec4 v0x55fb4d757be0_0, 0, 10;
T_21.2 ;
    %load/vec4 v0x55fb4d754400_0;
    %inv;
    %flag_set/vec4 8;
    %jmp/0xz  T_21.4, 8;
    %load/vec4 v0x55fb4d756ec0_0;
    %addi 4, 0, 32;
    %store/vec4 v0x55fb4d719870_0, 0, 32;
    %pushi/vec4 1000, 0, 64;
    %ix/vec4 4;
    %delayx 4;
    %load/vec4 v0x55fb4d719870_0;
    %store/vec4 v0x55fb4d756ec0_0, 0, 32;
    %pushi/vec4 0, 0, 1;
    %load/vec4 v0x55fb4d754400_0;
    %or;
    %store/vec4 v0x55fb4d757cb0_0, 0, 1;
T_21.4 ;
T_21.0 ;
    %jmp T_21;
    .thread T_21;
    .scope S_0x55fb4d6b9460;
T_22 ;
    %pushi/vec4 1, 0, 1;
    %store/vec4 v0x55fb4d757730_0, 0, 1;
    %end;
    .thread T_22;
    .scope S_0x55fb4d6b9460;
T_23 ;
    %wait E_0x55fb4d74f750;
    %delay 1000, 0;
    %pushi/vec4 4294967292, 0, 32;
    %store/vec4 v0x55fb4d756ec0_0, 0, 32;
    %pushi/vec4 0, 0, 8;
    %store/vec4 v0x55fb4d757a70_0, 0, 8;
    %pushi/vec4 0, 0, 1;
    %store/vec4 v0x55fb4d751210_0, 0, 1;
    %pushi/vec4 0, 0, 1;
    %store/vec4 v0x55fb4d74e670_0, 0, 1;
    %jmp T_23;
    .thread T_23;
    .scope S_0x55fb4d6b9460;
T_24 ;
    %wait E_0x55fb4d6cbdd0;
    %load/vec4 v0x55fb4d757b40_0;
    %parti/s 24, 8, 5;
    %split/vec4 8;
    %store/vec4 v0x55fb4d7573c0_0, 0, 8;
    %split/vec4 8;
    %store/vec4 v0x55fb4d756a50_0, 0, 8;
    %store/vec4 v0x55fb4d756cf0_0, 0, 8;
    %load/vec4 v0x55fb4d757b40_0;
    %parti/s 8, 0, 2;
    %store/vec4 v0x55fb4d756b10_0, 0, 8;
    %load/vec4 v0x55fb4d756a50_0;
    %parti/s 3, 0, 2;
    %store/vec4 v0x55fb4d757800_0, 0, 3;
    %pushi/vec4 0, 0, 8;
    %store/vec4 v0x55fb4d757a70_0, 0, 8;
    %load/vec4 v0x55fb4d7573c0_0;
    %parti/s 3, 0, 2;
    %store/vec4 v0x55fb4d756fa0_0, 0, 3;
    %load/vec4 v0x55fb4d757b40_0;
    %parti/s 3, 0, 2;
    %store/vec4 v0x55fb4d757060_0, 0, 3;
    %pushi/vec4 0, 0, 1;
    %assign/vec4 v0x55fb4d74eb00_0, 1000;
    %load/vec4 v0x55fb4d756cf0_0;
    %parti/s 4, 0, 2;
    %dup/vec4;
    %pushi/vec4 0, 0, 4;
    %cmp/u;
    %jmp/1 T_24.0, 6;
    %dup/vec4;
    %pushi/vec4 2, 0, 4;
    %cmp/u;
    %jmp/1 T_24.1, 6;
    %dup/vec4;
    %pushi/vec4 3, 0, 4;
    %cmp/u;
    %jmp/1 T_24.2, 6;
    %dup/vec4;
    %pushi/vec4 4, 0, 4;
    %cmp/u;
    %jmp/1 T_24.3, 6;
    %dup/vec4;
    %pushi/vec4 5, 0, 4;
    %cmp/u;
    %jmp/1 T_24.4, 6;
    %dup/vec4;
    %pushi/vec4 1, 0, 4;
    %cmp/u;
    %jmp/1 T_24.5, 6;
    %dup/vec4;
    %pushi/vec4 6, 0, 4;
    %cmp/u;
    %jmp/1 T_24.6, 6;
    %dup/vec4;
    %pushi/vec4 7, 0, 4;
    %cmp/u;
    %jmp/1 T_24.7, 6;
    %dup/vec4;
    %pushi/vec4 8, 0, 4;
    %cmp/u;
    %jmp/1 T_24.8, 6;
    %dup/vec4;
    %pushi/vec4 9, 0, 4;
    %cmp/u;
    %jmp/1 T_24.9, 6;
    %dup/vec4;
    %pushi/vec4 10, 0, 4;
    %cmp/u;
    %jmp/1 T_24.10, 6;
    %dup/vec4;
    %pushi/vec4 11, 0, 4;
    %cmp/u;
    %jmp/1 T_24.11, 6;
    %jmp T_24.12;
T_24.0 ;
    %pushi/vec4 1, 0, 1;
    %assign/vec4 v0x55fb4d757730_0, 4000;
    %pushi/vec4 0, 0, 1;
    %assign/vec4 v0x55fb4d756c20_0, 1000;
    %pushi/vec4 0, 0, 3;
    %assign/vec4 v0x55fb4d756800_0, 1000;
    %jmp T_24.12;
T_24.1 ;
    %pushi/vec4 1, 0, 1;
    %assign/vec4 v0x55fb4d757730_0, 4000;
    %pushi/vec4 1, 0, 1;
    %assign/vec4 v0x55fb4d756c20_0, 1000;
    %pushi/vec4 1, 0, 3;
    %assign/vec4 v0x55fb4d756800_0, 1000;
    %pushi/vec4 0, 0, 1;
    %assign/vec4 v0x55fb4d757560_0, 1000;
    %jmp T_24.12;
T_24.2 ;
    %pushi/vec4 1, 0, 1;
    %assign/vec4 v0x55fb4d757730_0, 4000;
    %pushi/vec4 1, 0, 1;
    %assign/vec4 v0x55fb4d756c20_0, 1000;
    %pushi/vec4 1, 0, 3;
    %assign/vec4 v0x55fb4d756800_0, 1000;
    %pushi/vec4 1, 0, 1;
    %assign/vec4 v0x55fb4d757560_0, 1000;
    %jmp T_24.12;
T_24.3 ;
    %pushi/vec4 1, 0, 1;
    %assign/vec4 v0x55fb4d757730_0, 4000;
    %pushi/vec4 1, 0, 1;
    %assign/vec4 v0x55fb4d756c20_0, 1000;
    %pushi/vec4 2, 0, 3;
    %assign/vec4 v0x55fb4d756800_0, 1000;
    %pushi/vec4 0, 0, 1;
    %assign/vec4 v0x55fb4d757560_0, 1000;
    %jmp T_24.12;
T_24.4 ;
    %pushi/vec4 1, 0, 1;
    %assign/vec4 v0x55fb4d757730_0, 4000;
    %pushi/vec4 1, 0, 1;
    %assign/vec4 v0x55fb4d756c20_0, 1000;
    %pushi/vec4 3, 0, 3;
    %assign/vec4 v0x55fb4d756800_0, 1000;
    %pushi/vec4 0, 0, 1;
    %assign/vec4 v0x55fb4d757560_0, 1000;
    %jmp T_24.12;
T_24.5 ;
    %pushi/vec4 1, 0, 1;
    %assign/vec4 v0x55fb4d757730_0, 4000;
    %pushi/vec4 1, 0, 1;
    %assign/vec4 v0x55fb4d756c20_0, 1000;
    %pushi/vec4 0, 0, 3;
    %assign/vec4 v0x55fb4d756800_0, 1000;
    %pushi/vec4 0, 0, 1;
    %assign/vec4 v0x55fb4d757560_0, 1000;
    %jmp T_24.12;
T_24.6 ;
    %load/vec4 v0x55fb4d756a50_0;
    %store/vec4 v0x55fb4d757a70_0, 0, 8;
    %pushi/vec4 1, 0, 1;
    %assign/vec4 v0x55fb4d74e670_0, 2000;
    %pushi/vec4 7, 0, 3;
    %assign/vec4 v0x55fb4d756800_0, 1000;
    %jmp T_24.12;
T_24.7 ;
    %pushi/vec4 1, 0, 1;
    %assign/vec4 v0x55fb4d756c20_0, 1000;
    %pushi/vec4 1, 0, 3;
    %assign/vec4 v0x55fb4d756800_0, 1000;
    %pushi/vec4 1, 0, 1;
    %assign/vec4 v0x55fb4d757560_0, 1000;
    %load/vec4 v0x55fb4d756a50_0;
    %store/vec4 v0x55fb4d757a70_0, 0, 8;
    %jmp T_24.12;
T_24.8 ;
    %pushi/vec4 1, 0, 1;
    %assign/vec4 v0x55fb4d757730_0, 4000;
    %pushi/vec4 1, 0, 1;
    %assign/vec4 v0x55fb4d756c20_0, 1000;
    %pushi/vec4 0, 0, 3;
    %assign/vec4 v0x55fb4d756800_0, 1000;
    %pushi/vec4 0, 0, 1;
    %assign/vec4 v0x55fb4d757560_0, 1000;
    %pushi/vec4 1, 0, 1;
    %assign/vec4 v0x55fb4d74eb00_0, 1000;
    %pushi/vec4 1, 0, 1;
    %assign/vec4 v0x55fb4d7578d0_0, 3000;
    %pushi/vec4 0, 0, 1;
    %assign/vec4 v0x55fb4d7579a0_0, 3000;
    %jmp T_24.12;
T_24.9 ;
    %pushi/vec4 1, 0, 1;
    %assign/vec4 v0x55fb4d757730_0, 4000;
    %pushi/vec4 0, 0, 1;
    %assign/vec4 v0x55fb4d756c20_0, 1000;
    %pushi/vec4 0, 0, 3;
    %assign/vec4 v0x55fb4d756800_0, 1000;
    %pushi/vec4 0, 0, 1;
    %assign/vec4 v0x55fb4d757560_0, 1000;
    %pushi/vec4 1, 0, 1;
    %assign/vec4 v0x55fb4d74eb00_0, 1000;
    %pushi/vec4 1, 0, 1;
    %assign/vec4 v0x55fb4d7578d0_0, 2000;
    %pushi/vec4 0, 0, 1;
    %assign/vec4 v0x55fb4d7579a0_0, 2000;
    %jmp T_24.12;
T_24.10 ;
    %pushi/vec4 1, 0, 1;
    %assign/vec4 v0x55fb4d756c20_0, 1000;
    %pushi/vec4 0, 0, 3;
    %assign/vec4 v0x55fb4d756800_0, 1000;
    %pushi/vec4 0, 0, 1;
    %assign/vec4 v0x55fb4d757560_0, 1000;
    %pushi/vec4 1, 0, 1;
    %assign/vec4 v0x55fb4d74eb00_0, 1000;
    %pushi/vec4 0, 0, 1;
    %assign/vec4 v0x55fb4d7578d0_0, 3000;
    %pushi/vec4 1, 0, 1;
    %assign/vec4 v0x55fb4d7579a0_0, 3000;
    %jmp T_24.12;
T_24.11 ;
    %pushi/vec4 0, 0, 1;
    %assign/vec4 v0x55fb4d756c20_0, 1000;
    %pushi/vec4 0, 0, 3;
    %assign/vec4 v0x55fb4d756800_0, 1000;
    %pushi/vec4 0, 0, 1;
    %assign/vec4 v0x55fb4d757560_0, 1000;
    %pushi/vec4 1, 0, 1;
    %assign/vec4 v0x55fb4d74eb00_0, 1000;
    %pushi/vec4 0, 0, 1;
    %assign/vec4 v0x55fb4d7578d0_0, 2000;
    %pushi/vec4 1, 0, 1;
    %assign/vec4 v0x55fb4d7579a0_0, 2000;
    %jmp T_24.12;
T_24.12 ;
    %pop/vec4 1;
    %jmp T_24;
    .thread T_24, $push;
# The file index is used to find the file name in the following table.
:file_names 9;
    "N/A";
    "<interactive>";
    "cpu.v";
    "./alu.v";
    "./dcache.v";
    "./data_memory.v";
    "./instruction_cache.v";
    "./instruction_memory.v";
    "./reg_file.v";
