#! /usr/bin/vvp
:ivl_version "10.1 (stable)";
:ivl_delay_selection "TYPICAL";
:vpi_time_precision + 0;
:vpi_module "system";
:vpi_module "vhdl_sys";
:vpi_module "v2005_math";
:vpi_module "va_math";
S_0x561ff1e0c8b0 .scope module, "dcache" "dcache" 2 3;
 .timescale 0 0;
    .port_info 0 /INPUT 1 "clock"
    .port_info 1 /INPUT 1 "reset"
    .port_info 2 /INPUT 1 "read"
    .port_info 3 /INPUT 1 "write"
    .port_info 4 /INPUT 8 "address"
    .port_info 5 /INPUT 8 "writedata"
    .port_info 6 /OUTPUT 8 "readdata"
    .port_info 7 /OUTPUT 1 "busywait"
P_0x561ff1e0c740 .param/l "IDLE" 0 2 86, C4<000>;
P_0x561ff1e0c780 .param/l "MEM_READ" 0 2 86, C4<001>;
P_0x561ff1e0c7c0 .param/l "MEM_WRITE_BACK" 0 2 86, C4<010>;
L_0x561ff1deb0b0 .functor OR 8, L_0x561ff1e31850, L_0x561ff1e31a00, C4<00000000>, C4<00000000>;
v0x561ff1e2fe40 .array "Cache", 0 7, 36 0;
L_0x7fddca24b018 .functor BUFT 1, C4<0000000>, C4<0>, C4<0>, C4<0>;
v0x561ff1e30020_0 .net *"_s12", 6 0, L_0x7fddca24b018;  1 drivers
v0x561ff1e30100_0 .net *"_s13", 7 0, L_0x561ff1e31a00;  1 drivers
L_0x7fddca24b060 .functor BUFT 1, C4<0000000>, C4<0>, C4<0>, C4<0>;
v0x561ff1e301c0_0 .net *"_s16", 6 0, L_0x7fddca24b060;  1 drivers
v0x561ff1e302a0_0 .net *"_s17", 7 0, L_0x561ff1deb0b0;  1 drivers
v0x561ff1e303d0_0 .net *"_s20", 7 0, L_0x561ff1e31bf0;  1 drivers
v0x561ff1e304b0_0 .net *"_s9", 7 0, L_0x561ff1e31850;  1 drivers
o0x7fddca2947c8 .functor BUFZ 8, C4<zzzzzzzz>; HiZ drive
v0x561ff1e30590_0 .net "address", 7 0, o0x7fddca2947c8;  0 drivers
v0x561ff1e30670_0 .var "busywait", 0 0;
o0x7fddca2941f8 .functor BUFZ 1, C4<z>; HiZ drive
v0x561ff1e30730_0 .net "clock", 0 0, o0x7fddca2941f8;  0 drivers
v0x561ff1e307d0_0 .var "dirty", 0 0;
v0x561ff1e30870_0 .var "hit", 0 0;
v0x561ff1e30930_0 .net "index", 2 0, L_0x561ff1e316e0;  1 drivers
v0x561ff1e30a10_0 .var "mem_address", 5 0;
v0x561ff1e30ad0_0 .var "mem_read", 0 0;
v0x561ff1e30b70_0 .var "mem_write", 0 0;
v0x561ff1e30c10_0 .var "mem_writedata", 31 0;
v0x561ff1e30cb0_0 .var "next_state", 2 0;
v0x561ff1e30d50_0 .net "offset", 1 0, L_0x561ff1e31610;  1 drivers
o0x7fddca294918 .functor BUFZ 1, C4<z>; HiZ drive
v0x561ff1e30e10_0 .net "read", 0 0, o0x7fddca294918;  0 drivers
v0x561ff1e30ed0_0 .var "readdata", 7 0;
o0x7fddca2942e8 .functor BUFZ 1, C4<z>; HiZ drive
v0x561ff1e30fb0_0 .net "reset", 0 0, o0x7fddca2942e8;  0 drivers
v0x561ff1e31050_0 .var "state", 2 0;
v0x561ff1e31110_0 .var "status", 0 0;
v0x561ff1e311d0_0 .net "tag", 2 0, L_0x561ff1e317b0;  1 drivers
v0x561ff1e312b0_0 .var "valid", 0 0;
o0x7fddca294a38 .functor BUFZ 1, C4<z>; HiZ drive
v0x561ff1e31370_0 .net "write", 0 0, o0x7fddca294a38;  0 drivers
o0x7fddca294a68 .functor BUFZ 8, C4<zzzzzzzz>; HiZ drive
v0x561ff1e31430_0 .net "writedata", 7 0, o0x7fddca294a68;  0 drivers
E_0x561ff1dd89c0/0 .event edge, v0x561ff1e2fa20_0;
E_0x561ff1dd89c0/1 .event posedge, v0x561ff1e2f560_0;
E_0x561ff1dd89c0 .event/or E_0x561ff1dd89c0/0, E_0x561ff1dd89c0/1;
E_0x561ff1dd8be0/0 .event edge, v0x561ff1e31110_0, v0x561ff1e31050_0, v0x561ff1e30e10_0, v0x561ff1e2f940_0;
E_0x561ff1dd8be0/1 .event edge, v0x561ff1e30930_0, v0x561ff1e311d0_0, v0x561ff1e31370_0, v0x561ff1e30d50_0;
v0x561ff1e2fe40_0 .array/port v0x561ff1e2fe40, 0;
v0x561ff1e2fe40_1 .array/port v0x561ff1e2fe40, 1;
E_0x561ff1dd8be0/2 .event edge, v0x561ff1e31430_0, v0x561ff1e307d0_0, v0x561ff1e2fe40_0, v0x561ff1e2fe40_1;
v0x561ff1e2fe40_2 .array/port v0x561ff1e2fe40, 2;
v0x561ff1e2fe40_3 .array/port v0x561ff1e2fe40, 3;
v0x561ff1e2fe40_4 .array/port v0x561ff1e2fe40, 4;
v0x561ff1e2fe40_5 .array/port v0x561ff1e2fe40, 5;
E_0x561ff1dd8be0/3 .event edge, v0x561ff1e2fe40_2, v0x561ff1e2fe40_3, v0x561ff1e2fe40_4, v0x561ff1e2fe40_5;
v0x561ff1e2fe40_6 .array/port v0x561ff1e2fe40, 6;
v0x561ff1e2fe40_7 .array/port v0x561ff1e2fe40, 7;
E_0x561ff1dd8be0/4 .event edge, v0x561ff1e2fe40_6, v0x561ff1e2fe40_7;
E_0x561ff1dd8be0 .event/or E_0x561ff1dd8be0/0, E_0x561ff1dd8be0/1, E_0x561ff1dd8be0/2, E_0x561ff1dd8be0/3, E_0x561ff1dd8be0/4;
E_0x561ff1dd9ae0/0 .event edge, v0x561ff1e31050_0, v0x561ff1e30e10_0, v0x561ff1e31370_0, v0x561ff1e307d0_0;
E_0x561ff1dd9ae0/1 .event edge, v0x561ff1e30870_0, v0x561ff1e2f4a0_0;
E_0x561ff1dd9ae0 .event/or E_0x561ff1dd9ae0/0, E_0x561ff1dd9ae0/1;
E_0x561ff1e017c0 .event edge, v0x561ff1e30670_0, L_0x561ff1e31bf0;
L_0x561ff1e31610 .part o0x7fddca2947c8, 0, 2;
L_0x561ff1e316e0 .part o0x7fddca2947c8, 2, 3;
L_0x561ff1e317b0 .part o0x7fddca2947c8, 5, 3;
L_0x561ff1e31850 .concat [ 1 7 0 0], o0x7fddca294918, L_0x7fddca24b018;
L_0x561ff1e31a00 .concat [ 1 7 0 0], o0x7fddca294a38, L_0x7fddca24b060;
L_0x561ff1e31bf0 .arith/mult 8, o0x7fddca2947c8, L_0x561ff1deb0b0;
S_0x561ff1e0f4d0 .scope module, "memory" "data_memory" 2 19, 3 12 0, S_0x561ff1e0c8b0;
 .timescale 0 0;
    .port_info 0 /INPUT 1 "clock"
    .port_info 1 /INPUT 1 "reset"
    .port_info 2 /INPUT 1 "read"
    .port_info 3 /INPUT 1 "write"
    .port_info 4 /INPUT 6 "address"
    .port_info 5 /INPUT 32 "writedata"
    .port_info 6 /OUTPUT 32 "readdata"
    .port_info 7 /OUTPUT 1 "busywait"
v0x561ff1e05720_0 .var *"_s10", 7 0; Local signal
v0x561ff1e0d8d0_0 .var *"_s3", 7 0; Local signal
v0x561ff1e0d970_0 .var *"_s4", 7 0; Local signal
v0x561ff1e2ef10_0 .var *"_s5", 7 0; Local signal
v0x561ff1e2eff0_0 .var *"_s6", 7 0; Local signal
v0x561ff1e2f120_0 .var *"_s7", 7 0; Local signal
v0x561ff1e2f200_0 .var *"_s8", 7 0; Local signal
v0x561ff1e2f2e0_0 .var *"_s9", 7 0; Local signal
v0x561ff1e2f3c0_0 .net "address", 5 0, v0x561ff1e30a10_0;  1 drivers
v0x561ff1e2f4a0_0 .var "busywait", 0 0;
v0x561ff1e2f560_0 .net "clock", 0 0, o0x7fddca2941f8;  alias, 0 drivers
v0x561ff1e2f620_0 .var/i "i", 31 0;
v0x561ff1e2f700 .array "memory_array", 0 255, 7 0;
v0x561ff1e2f7c0_0 .net "read", 0 0, v0x561ff1e30ad0_0;  1 drivers
v0x561ff1e2f880_0 .var "readaccess", 0 0;
v0x561ff1e2f940_0 .var "readdata", 31 0;
v0x561ff1e2fa20_0 .net "reset", 0 0, o0x7fddca2942e8;  alias, 0 drivers
v0x561ff1e2fae0_0 .net "write", 0 0, v0x561ff1e30b70_0;  1 drivers
v0x561ff1e2fba0_0 .var "writeaccess", 0 0;
v0x561ff1e2fc60_0 .net "writedata", 31 0, v0x561ff1e30c10_0;  1 drivers
E_0x561ff1e01c00 .event posedge, v0x561ff1e2fa20_0;
E_0x561ff1e011e0 .event posedge, v0x561ff1e2f560_0;
E_0x561ff1e01b80 .event edge, v0x561ff1e2fae0_0, v0x561ff1e2f7c0_0;
    .scope S_0x561ff1e0f4d0;
T_0 ;
    %wait E_0x561ff1e01b80;
    %load/vec4 v0x561ff1e2f7c0_0;
    %flag_set/vec4 8;
    %load/vec4 v0x561ff1e2fae0_0;
    %flag_set/vec4 9;
    %flag_or 9, 8;
    %jmp/0 T_0.0, 9;
    %pushi/vec4 1, 0, 2;
    %jmp/1 T_0.1, 9;
T_0.0 ; End of true expr.
    %pushi/vec4 0, 0, 2;
    %jmp/0 T_0.1, 9;
 ; End of false expr.
    %blend;
T_0.1;
    %pad/s 1;
    %store/vec4 v0x561ff1e2f4a0_0, 0, 1;
    %load/vec4 v0x561ff1e2f7c0_0;
    %load/vec4 v0x561ff1e2fae0_0;
    %nor/r;
    %and;
    %flag_set/vec4 8;
    %jmp/0 T_0.2, 8;
    %pushi/vec4 1, 0, 2;
    %jmp/1 T_0.3, 8;
T_0.2 ; End of true expr.
    %pushi/vec4 0, 0, 2;
    %jmp/0 T_0.3, 8;
 ; End of false expr.
    %blend;
T_0.3;
    %pad/s 1;
    %store/vec4 v0x561ff1e2f880_0, 0, 1;
    %load/vec4 v0x561ff1e2f7c0_0;
    %nor/r;
    %load/vec4 v0x561ff1e2fae0_0;
    %and;
    %flag_set/vec4 8;
    %jmp/0 T_0.4, 8;
    %pushi/vec4 1, 0, 2;
    %jmp/1 T_0.5, 8;
T_0.4 ; End of true expr.
    %pushi/vec4 0, 0, 2;
    %jmp/0 T_0.5, 8;
 ; End of false expr.
    %blend;
T_0.5;
    %pad/s 1;
    %store/vec4 v0x561ff1e2fba0_0, 0, 1;
    %jmp T_0;
    .thread T_0, $push;
    .scope S_0x561ff1e0f4d0;
T_1 ;
    %wait E_0x561ff1e011e0;
    %load/vec4 v0x561ff1e2f880_0;
    %flag_set/vec4 8;
    %jmp/0xz  T_1.0, 8;
    %load/vec4 v0x561ff1e2f3c0_0;
    %concati/vec4 0, 0, 2;
    %pad/u 10;
    %ix/vec4 4;
    %load/vec4a v0x561ff1e2f700, 4;
    %store/vec4 v0x561ff1e0d8d0_0, 0, 8;
    %pushi/vec4 40, 0, 64;
    %ix/vec4 4;
    %delayx 4;
    %load/vec4 v0x561ff1e0d8d0_0;
    %ix/load 4, 0, 0;
    %flag_set/imm 4, 0;
    %store/vec4 v0x561ff1e2f940_0, 4, 8;
    %load/vec4 v0x561ff1e2f3c0_0;
    %concati/vec4 1, 0, 2;
    %pad/u 10;
    %ix/vec4 4;
    %load/vec4a v0x561ff1e2f700, 4;
    %store/vec4 v0x561ff1e0d970_0, 0, 8;
    %pushi/vec4 40, 0, 64;
    %ix/vec4 4;
    %delayx 4;
    %load/vec4 v0x561ff1e0d970_0;
    %ix/load 4, 8, 0;
    %flag_set/imm 4, 0;
    %store/vec4 v0x561ff1e2f940_0, 4, 8;
    %load/vec4 v0x561ff1e2f3c0_0;
    %concati/vec4 2, 0, 2;
    %pad/u 10;
    %ix/vec4 4;
    %load/vec4a v0x561ff1e2f700, 4;
    %store/vec4 v0x561ff1e2ef10_0, 0, 8;
    %pushi/vec4 40, 0, 64;
    %ix/vec4 4;
    %delayx 4;
    %load/vec4 v0x561ff1e2ef10_0;
    %ix/load 4, 16, 0;
    %flag_set/imm 4, 0;
    %store/vec4 v0x561ff1e2f940_0, 4, 8;
    %load/vec4 v0x561ff1e2f3c0_0;
    %concati/vec4 3, 0, 2;
    %pad/u 10;
    %ix/vec4 4;
    %load/vec4a v0x561ff1e2f700, 4;
    %store/vec4 v0x561ff1e2eff0_0, 0, 8;
    %pushi/vec4 40, 0, 64;
    %ix/vec4 4;
    %delayx 4;
    %load/vec4 v0x561ff1e2eff0_0;
    %ix/load 4, 24, 0;
    %flag_set/imm 4, 0;
    %store/vec4 v0x561ff1e2f940_0, 4, 8;
    %pushi/vec4 0, 0, 1;
    %store/vec4 v0x561ff1e2f4a0_0, 0, 1;
    %pushi/vec4 0, 0, 1;
    %store/vec4 v0x561ff1e2f880_0, 0, 1;
T_1.0 ;
    %load/vec4 v0x561ff1e2fba0_0;
    %flag_set/vec4 8;
    %jmp/0xz  T_1.2, 8;
    %load/vec4 v0x561ff1e2fc60_0;
    %parti/s 8, 0, 2;
    %store/vec4 v0x561ff1e2f120_0, 0, 8;
    %pushi/vec4 40, 0, 64;
    %ix/vec4 4;
    %delayx 4;
    %load/vec4 v0x561ff1e2f120_0;
    %load/vec4 v0x561ff1e2f3c0_0;
    %concati/vec4 0, 0, 2;
    %pad/u 10;
    %ix/vec4 4;
    %store/vec4a v0x561ff1e2f700, 4, 0;
    %load/vec4 v0x561ff1e2fc60_0;
    %parti/s 8, 8, 5;
    %store/vec4 v0x561ff1e2f200_0, 0, 8;
    %pushi/vec4 40, 0, 64;
    %ix/vec4 4;
    %delayx 4;
    %load/vec4 v0x561ff1e2f200_0;
    %load/vec4 v0x561ff1e2f3c0_0;
    %concati/vec4 1, 0, 2;
    %pad/u 10;
    %ix/vec4 4;
    %store/vec4a v0x561ff1e2f700, 4, 0;
    %load/vec4 v0x561ff1e2fc60_0;
    %parti/s 8, 16, 6;
    %store/vec4 v0x561ff1e2f2e0_0, 0, 8;
    %pushi/vec4 40, 0, 64;
    %ix/vec4 4;
    %delayx 4;
    %load/vec4 v0x561ff1e2f2e0_0;
    %load/vec4 v0x561ff1e2f3c0_0;
    %concati/vec4 2, 0, 2;
    %pad/u 10;
    %ix/vec4 4;
    %store/vec4a v0x561ff1e2f700, 4, 0;
    %load/vec4 v0x561ff1e2fc60_0;
    %parti/s 8, 24, 6;
    %store/vec4 v0x561ff1e05720_0, 0, 8;
    %pushi/vec4 40, 0, 64;
    %ix/vec4 4;
    %delayx 4;
    %load/vec4 v0x561ff1e05720_0;
    %load/vec4 v0x561ff1e2f3c0_0;
    %concati/vec4 3, 0, 2;
    %pad/u 10;
    %ix/vec4 4;
    %store/vec4a v0x561ff1e2f700, 4, 0;
    %pushi/vec4 0, 0, 1;
    %store/vec4 v0x561ff1e2f4a0_0, 0, 1;
    %pushi/vec4 0, 0, 1;
    %store/vec4 v0x561ff1e2fba0_0, 0, 1;
T_1.2 ;
    %jmp T_1;
    .thread T_1;
    .scope S_0x561ff1e0f4d0;
T_2 ;
    %wait E_0x561ff1e01c00;
    %load/vec4 v0x561ff1e2fa20_0;
    %flag_set/vec4 8;
    %jmp/0xz  T_2.0, 8;
    %pushi/vec4 0, 0, 32;
    %store/vec4 v0x561ff1e2f620_0, 0, 32;
T_2.2 ;
    %load/vec4 v0x561ff1e2f620_0;
    %cmpi/s 256, 0, 32;
    %jmp/0xz T_2.3, 5;
    %pushi/vec4 0, 0, 8;
    %ix/getv/s 4, v0x561ff1e2f620_0;
    %store/vec4a v0x561ff1e2f700, 4, 0;
    %load/vec4 v0x561ff1e2f620_0;
    %addi 1, 0, 32;
    %store/vec4 v0x561ff1e2f620_0, 0, 32;
    %jmp T_2.2;
T_2.3 ;
    %pushi/vec4 0, 0, 1;
    %store/vec4 v0x561ff1e2f4a0_0, 0, 1;
    %pushi/vec4 0, 0, 1;
    %store/vec4 v0x561ff1e2f880_0, 0, 1;
    %pushi/vec4 0, 0, 1;
    %store/vec4 v0x561ff1e2fba0_0, 0, 1;
T_2.0 ;
    %jmp T_2;
    .thread T_2;
    .scope S_0x561ff1e0c8b0;
T_3 ;
    %wait E_0x561ff1e017c0;
    %load/vec4 v0x561ff1e30e10_0;
    %load/vec4 v0x561ff1e31370_0;
    %or;
    %flag_set/vec4 8;
    %jmp/0xz  T_3.0, 8;
    %pushi/vec4 1, 0, 1;
    %store/vec4 v0x561ff1e30670_0, 0, 1;
    %delay 1, 0;
    %load/vec4 v0x561ff1e30930_0;
    %pad/u 5;
    %ix/vec4 4;
    %load/vec4a v0x561ff1e2fe40, 4;
    %parti/s 1, 36, 7;
    %store/vec4 v0x561ff1e312b0_0, 0, 1;
    %load/vec4 v0x561ff1e30930_0;
    %pad/u 5;
    %ix/vec4 4;
    %load/vec4a v0x561ff1e2fe40, 4;
    %parti/s 1, 35, 7;
    %store/vec4 v0x561ff1e307d0_0, 0, 1;
    %load/vec4 v0x561ff1e311d0_0;
    %load/vec4 v0x561ff1e30930_0;
    %pad/u 5;
    %ix/vec4 4;
    %load/vec4a v0x561ff1e2fe40, 4;
    %parti/s 3, 32, 7;
    %cmp/e;
    %jmp/0xz  T_3.2, 4;
    %delay 1, 0;
    %pushi/vec4 1, 0, 1;
    %store/vec4 v0x561ff1e30870_0, 0, 1;
    %jmp T_3.3;
T_3.2 ;
    %delay 1, 0;
    %pushi/vec4 0, 0, 1;
    %store/vec4 v0x561ff1e30870_0, 0, 1;
T_3.3 ;
    %load/vec4 v0x561ff1e30e10_0;
    %load/vec4 v0x561ff1e30870_0;
    %mul;
    %load/vec4 v0x561ff1e312b0_0;
    %mul;
    %flag_set/vec4 8;
    %jmp/0xz  T_3.4, 8;
    %load/vec4 v0x561ff1e30d50_0;
    %dup/vec4;
    %pushi/vec4 0, 0, 2;
    %cmp/u;
    %jmp/1 T_3.6, 6;
    %dup/vec4;
    %pushi/vec4 1, 0, 2;
    %cmp/u;
    %jmp/1 T_3.7, 6;
    %dup/vec4;
    %pushi/vec4 2, 0, 2;
    %cmp/u;
    %jmp/1 T_3.8, 6;
    %dup/vec4;
    %pushi/vec4 3, 0, 2;
    %cmp/u;
    %jmp/1 T_3.9, 6;
    %jmp T_3.10;
T_3.6 ;
    %load/vec4 v0x561ff1e30930_0;
    %pad/u 5;
    %ix/vec4 4;
    %load/vec4a v0x561ff1e2fe40, 4;
    %parti/s 8, 24, 6;
    %store/vec4 v0x561ff1e30ed0_0, 0, 8;
    %jmp T_3.10;
T_3.7 ;
    %load/vec4 v0x561ff1e30930_0;
    %pad/u 5;
    %ix/vec4 4;
    %load/vec4a v0x561ff1e2fe40, 4;
    %parti/s 8, 16, 6;
    %store/vec4 v0x561ff1e30ed0_0, 0, 8;
    %jmp T_3.10;
T_3.8 ;
    %load/vec4 v0x561ff1e30930_0;
    %pad/u 5;
    %ix/vec4 4;
    %load/vec4a v0x561ff1e2fe40, 4;
    %parti/s 8, 8, 5;
    %store/vec4 v0x561ff1e30ed0_0, 0, 8;
    %jmp T_3.10;
T_3.9 ;
    %load/vec4 v0x561ff1e30930_0;
    %pad/u 5;
    %ix/vec4 4;
    %load/vec4a v0x561ff1e2fe40, 4;
    %parti/s 8, 0, 2;
    %store/vec4 v0x561ff1e30ed0_0, 0, 8;
    %jmp T_3.10;
T_3.10 ;
    %pop/vec4 1;
    %pushi/vec4 0, 0, 1;
    %store/vec4 v0x561ff1e30670_0, 0, 1;
    %jmp T_3.5;
T_3.4 ;
    %load/vec4 v0x561ff1e31370_0;
    %load/vec4 v0x561ff1e30870_0;
    %load/vec4 v0x561ff1e312b0_0;
    %inv;
    %or;
    %mul;
    %flag_set/vec4 8;
    %jmp/0xz  T_3.11, 8;
    %load/vec4 v0x561ff1e311d0_0;
    %load/vec4 v0x561ff1e30930_0;
    %pad/u 5;
    %ix/vec4 4;
    %flag_mov 8, 4;
    %ix/load 5, 32, 0;
    %flag_set/imm 4, 0;
    %flag_or 4, 8;
    %store/vec4a v0x561ff1e2fe40, 4, 5;
    %pushi/vec4 1, 0, 1;
    %load/vec4 v0x561ff1e30930_0;
    %pad/u 5;
    %ix/vec4 4;
    %flag_mov 8, 4;
    %ix/load 5, 36, 0;
    %flag_set/imm 4, 0;
    %flag_or 4, 8;
    %store/vec4a v0x561ff1e2fe40, 4, 5;
    %pushi/vec4 1, 0, 1;
    %load/vec4 v0x561ff1e30930_0;
    %pad/u 5;
    %ix/vec4 4;
    %flag_mov 8, 4;
    %ix/load 5, 35, 0;
    %flag_set/imm 4, 0;
    %flag_or 4, 8;
    %store/vec4a v0x561ff1e2fe40, 4, 5;
    %load/vec4 v0x561ff1e30d50_0;
    %dup/vec4;
    %pushi/vec4 0, 0, 2;
    %cmp/u;
    %jmp/1 T_3.13, 6;
    %dup/vec4;
    %pushi/vec4 1, 0, 2;
    %cmp/u;
    %jmp/1 T_3.14, 6;
    %dup/vec4;
    %pushi/vec4 2, 0, 2;
    %cmp/u;
    %jmp/1 T_3.15, 6;
    %dup/vec4;
    %pushi/vec4 3, 0, 2;
    %cmp/u;
    %jmp/1 T_3.16, 6;
    %jmp T_3.17;
T_3.13 ;
    %load/vec4 v0x561ff1e31430_0;
    %load/vec4 v0x561ff1e30930_0;
    %pad/u 5;
    %ix/vec4 4;
    %flag_mov 8, 4;
    %ix/load 5, 24, 0;
    %flag_set/imm 4, 0;
    %flag_or 4, 8;
    %store/vec4a v0x561ff1e2fe40, 4, 5;
    %jmp T_3.17;
T_3.14 ;
    %load/vec4 v0x561ff1e31430_0;
    %load/vec4 v0x561ff1e30930_0;
    %pad/u 5;
    %ix/vec4 4;
    %flag_mov 8, 4;
    %ix/load 5, 16, 0;
    %flag_set/imm 4, 0;
    %flag_or 4, 8;
    %store/vec4a v0x561ff1e2fe40, 4, 5;
    %jmp T_3.17;
T_3.15 ;
    %load/vec4 v0x561ff1e31430_0;
    %load/vec4 v0x561ff1e30930_0;
    %pad/u 5;
    %ix/vec4 4;
    %flag_mov 8, 4;
    %ix/load 5, 8, 0;
    %flag_set/imm 4, 0;
    %flag_or 4, 8;
    %store/vec4a v0x561ff1e2fe40, 4, 5;
    %jmp T_3.17;
T_3.16 ;
    %load/vec4 v0x561ff1e31430_0;
    %load/vec4 v0x561ff1e30930_0;
    %pad/u 5;
    %ix/vec4 4;
    %flag_mov 8, 4;
    %ix/load 5, 0, 0;
    %flag_set/imm 4, 0;
    %flag_or 4, 8;
    %store/vec4a v0x561ff1e2fe40, 4, 5;
    %jmp T_3.17;
T_3.17 ;
    %pop/vec4 1;
    %pushi/vec4 0, 0, 1;
    %store/vec4 v0x561ff1e30670_0, 0, 1;
    %jmp T_3.12;
T_3.11 ;
    %wait E_0x561ff1e011e0;
    %pushi/vec4 1, 0, 1;
    %store/vec4 v0x561ff1e31110_0, 0, 1;
T_3.12 ;
T_3.5 ;
T_3.0 ;
    %jmp T_3;
    .thread T_3, $push;
    .scope S_0x561ff1e0c8b0;
T_4 ;
    %wait E_0x561ff1dd9ae0;
    %load/vec4 v0x561ff1e31050_0;
    %dup/vec4;
    %pushi/vec4 0, 0, 3;
    %cmp/u;
    %jmp/1 T_4.0, 6;
    %dup/vec4;
    %pushi/vec4 1, 0, 3;
    %cmp/u;
    %jmp/1 T_4.1, 6;
    %dup/vec4;
    %pushi/vec4 2, 0, 3;
    %cmp/u;
    %jmp/1 T_4.2, 6;
    %jmp T_4.3;
T_4.0 ;
    %load/vec4 v0x561ff1e30e10_0;
    %load/vec4 v0x561ff1e31370_0;
    %or;
    %load/vec4 v0x561ff1e307d0_0;
    %nor/r;
    %and;
    %load/vec4 v0x561ff1e30870_0;
    %nor/r;
    %and;
    %flag_set/vec4 8;
    %jmp/0xz  T_4.4, 8;
    %pushi/vec4 1, 0, 3;
    %store/vec4 v0x561ff1e30cb0_0, 0, 3;
    %jmp T_4.5;
T_4.4 ;
    %load/vec4 v0x561ff1e30e10_0;
    %load/vec4 v0x561ff1e31370_0;
    %or;
    %load/vec4 v0x561ff1e307d0_0;
    %and;
    %load/vec4 v0x561ff1e30870_0;
    %nor/r;
    %and;
    %flag_set/vec4 8;
    %jmp/0xz  T_4.6, 8;
    %pushi/vec4 2, 0, 3;
    %store/vec4 v0x561ff1e30cb0_0, 0, 3;
    %jmp T_4.7;
T_4.6 ;
    %pushi/vec4 0, 0, 3;
    %store/vec4 v0x561ff1e30cb0_0, 0, 3;
T_4.7 ;
T_4.5 ;
    %jmp T_4.3;
T_4.1 ;
    %load/vec4 v0x561ff1e2f4a0_0;
    %nor/r;
    %flag_set/vec4 8;
    %jmp/0xz  T_4.8, 8;
    %pushi/vec4 0, 0, 3;
    %store/vec4 v0x561ff1e30cb0_0, 0, 3;
    %jmp T_4.9;
T_4.8 ;
    %pushi/vec4 1, 0, 3;
    %store/vec4 v0x561ff1e30cb0_0, 0, 3;
T_4.9 ;
    %jmp T_4.3;
T_4.2 ;
    %load/vec4 v0x561ff1e2f4a0_0;
    %nor/r;
    %flag_set/vec4 8;
    %jmp/0xz  T_4.10, 8;
    %pushi/vec4 1, 0, 3;
    %store/vec4 v0x561ff1e30cb0_0, 0, 3;
    %jmp T_4.11;
T_4.10 ;
    %pushi/vec4 2, 0, 3;
    %store/vec4 v0x561ff1e30cb0_0, 0, 3;
T_4.11 ;
    %jmp T_4.3;
T_4.3 ;
    %pop/vec4 1;
    %jmp T_4;
    .thread T_4, $push;
    .scope S_0x561ff1e0c8b0;
T_5 ;
    %wait E_0x561ff1dd8be0;
    %load/vec4 v0x561ff1e31110_0;
    %flag_set/vec4 8;
    %jmp/0xz  T_5.0, 8;
    %load/vec4 v0x561ff1e31050_0;
    %dup/vec4;
    %pushi/vec4 0, 0, 3;
    %cmp/u;
    %jmp/1 T_5.2, 6;
    %dup/vec4;
    %pushi/vec4 1, 0, 3;
    %cmp/u;
    %jmp/1 T_5.3, 6;
    %dup/vec4;
    %pushi/vec4 2, 0, 3;
    %cmp/u;
    %jmp/1 T_5.4, 6;
    %jmp T_5.5;
T_5.2 ;
    %load/vec4 v0x561ff1e30e10_0;
    %flag_set/vec4 8;
    %jmp/0xz  T_5.6, 8;
    %pushi/vec4 0, 0, 1;
    %store/vec4 v0x561ff1e30670_0, 0, 1;
    %delay 1, 0;
    %load/vec4 v0x561ff1e2f940_0;
    %load/vec4 v0x561ff1e30930_0;
    %pad/u 5;
    %ix/vec4 4;
    %flag_mov 8, 4;
    %ix/load 5, 0, 0;
    %flag_set/imm 4, 0;
    %flag_or 4, 8;
    %store/vec4a v0x561ff1e2fe40, 4, 5;
    %load/vec4 v0x561ff1e311d0_0;
    %load/vec4 v0x561ff1e30930_0;
    %pad/u 5;
    %ix/vec4 4;
    %flag_mov 8, 4;
    %ix/load 5, 32, 0;
    %flag_set/imm 4, 0;
    %flag_or 4, 8;
    %store/vec4a v0x561ff1e2fe40, 4, 5;
    %pushi/vec4 1, 0, 1;
    %load/vec4 v0x561ff1e30930_0;
    %pad/u 5;
    %ix/vec4 4;
    %flag_mov 8, 4;
    %ix/load 5, 36, 0;
    %flag_set/imm 4, 0;
    %flag_or 4, 8;
    %store/vec4a v0x561ff1e2fe40, 4, 5;
    %pushi/vec4 0, 0, 1;
    %load/vec4 v0x561ff1e30930_0;
    %pad/u 5;
    %ix/vec4 4;
    %flag_mov 8, 4;
    %ix/load 5, 35, 0;
    %flag_set/imm 4, 0;
    %flag_or 4, 8;
    %store/vec4a v0x561ff1e2fe40, 4, 5;
T_5.6 ;
    %pushi/vec4 0, 0, 1;
    %store/vec4 v0x561ff1e30ad0_0, 0, 1;
    %pushi/vec4 0, 0, 1;
    %store/vec4 v0x561ff1e30b70_0, 0, 1;
    %pushi/vec4 0, 0, 1;
    %store/vec4 v0x561ff1e30670_0, 0, 1;
    %pushi/vec4 0, 0, 1;
    %store/vec4 v0x561ff1e31110_0, 0, 1;
    %jmp T_5.5;
T_5.3 ;
    %load/vec4 v0x561ff1e30e10_0;
    %flag_set/vec4 8;
    %jmp/0xz  T_5.8, 8;
    %pushi/vec4 1, 0, 1;
    %store/vec4 v0x561ff1e30ad0_0, 0, 1;
    %pushi/vec4 0, 0, 1;
    %store/vec4 v0x561ff1e30b70_0, 0, 1;
    %load/vec4 v0x561ff1e311d0_0;
    %load/vec4 v0x561ff1e30930_0;
    %concat/vec4; draw_concat_vec4
    %store/vec4 v0x561ff1e30a10_0, 0, 6;
    %pushi/vec4 1, 0, 1;
    %store/vec4 v0x561ff1e30670_0, 0, 1;
T_5.8 ;
    %load/vec4 v0x561ff1e31370_0;
    %flag_set/vec4 8;
    %jmp/0xz  T_5.10, 8;
    %pushi/vec4 0, 0, 1;
    %store/vec4 v0x561ff1e30670_0, 0, 1;
    %delay 1, 0;
    %pushi/vec4 1, 0, 1;
    %load/vec4 v0x561ff1e30930_0;
    %pad/u 5;
    %ix/vec4 4;
    %flag_mov 8, 4;
    %ix/load 5, 36, 0;
    %flag_set/imm 4, 0;
    %flag_or 4, 8;
    %store/vec4a v0x561ff1e2fe40, 4, 5;
    %pushi/vec4 1, 0, 1;
    %load/vec4 v0x561ff1e30930_0;
    %pad/u 5;
    %ix/vec4 4;
    %flag_mov 8, 4;
    %ix/load 5, 35, 0;
    %flag_set/imm 4, 0;
    %flag_or 4, 8;
    %store/vec4a v0x561ff1e2fe40, 4, 5;
    %load/vec4 v0x561ff1e311d0_0;
    %load/vec4 v0x561ff1e30930_0;
    %pad/u 5;
    %ix/vec4 4;
    %flag_mov 8, 4;
    %ix/load 5, 32, 0;
    %flag_set/imm 4, 0;
    %flag_or 4, 8;
    %store/vec4a v0x561ff1e2fe40, 4, 5;
    %delay 1, 0;
    %load/vec4 v0x561ff1e30d50_0;
    %dup/vec4;
    %pushi/vec4 0, 0, 2;
    %cmp/u;
    %jmp/1 T_5.12, 6;
    %dup/vec4;
    %pushi/vec4 1, 0, 2;
    %cmp/u;
    %jmp/1 T_5.13, 6;
    %dup/vec4;
    %pushi/vec4 2, 0, 2;
    %cmp/u;
    %jmp/1 T_5.14, 6;
    %dup/vec4;
    %pushi/vec4 3, 0, 2;
    %cmp/u;
    %jmp/1 T_5.15, 6;
    %jmp T_5.16;
T_5.12 ;
    %load/vec4 v0x561ff1e31430_0;
    %load/vec4 v0x561ff1e30930_0;
    %pad/u 5;
    %ix/vec4 4;
    %flag_mov 8, 4;
    %ix/load 5, 24, 0;
    %flag_set/imm 4, 0;
    %flag_or 4, 8;
    %store/vec4a v0x561ff1e2fe40, 4, 5;
    %jmp T_5.16;
T_5.13 ;
    %load/vec4 v0x561ff1e31430_0;
    %load/vec4 v0x561ff1e30930_0;
    %pad/u 5;
    %ix/vec4 4;
    %flag_mov 8, 4;
    %ix/load 5, 16, 0;
    %flag_set/imm 4, 0;
    %flag_or 4, 8;
    %store/vec4a v0x561ff1e2fe40, 4, 5;
    %jmp T_5.16;
T_5.14 ;
    %load/vec4 v0x561ff1e31430_0;
    %load/vec4 v0x561ff1e30930_0;
    %pad/u 5;
    %ix/vec4 4;
    %flag_mov 8, 4;
    %ix/load 5, 8, 0;
    %flag_set/imm 4, 0;
    %flag_or 4, 8;
    %store/vec4a v0x561ff1e2fe40, 4, 5;
    %jmp T_5.16;
T_5.15 ;
    %load/vec4 v0x561ff1e31430_0;
    %load/vec4 v0x561ff1e30930_0;
    %pad/u 5;
    %ix/vec4 4;
    %flag_mov 8, 4;
    %ix/load 5, 0, 0;
    %flag_set/imm 4, 0;
    %flag_or 4, 8;
    %store/vec4a v0x561ff1e2fe40, 4, 5;
    %jmp T_5.16;
T_5.16 ;
    %pop/vec4 1;
T_5.10 ;
    %jmp T_5.5;
T_5.4 ;
    %load/vec4 v0x561ff1e307d0_0;
    %flag_set/vec4 8;
    %jmp/0xz  T_5.17, 8;
    %pushi/vec4 0, 0, 1;
    %store/vec4 v0x561ff1e30ad0_0, 0, 1;
    %pushi/vec4 1, 0, 1;
    %store/vec4 v0x561ff1e30b70_0, 0, 1;
    %load/vec4 v0x561ff1e30930_0;
    %pad/u 5;
    %ix/vec4 4;
    %load/vec4a v0x561ff1e2fe40, 4;
    %parti/s 3, 32, 7;
    %load/vec4 v0x561ff1e30930_0;
    %concat/vec4; draw_concat_vec4
    %store/vec4 v0x561ff1e30a10_0, 0, 6;
    %load/vec4 v0x561ff1e30930_0;
    %pad/u 5;
    %ix/vec4 4;
    %load/vec4a v0x561ff1e2fe40, 4;
    %parti/s 32, 0, 2;
    %store/vec4 v0x561ff1e30c10_0, 0, 32;
    %pushi/vec4 1, 0, 1;
    %store/vec4 v0x561ff1e30670_0, 0, 1;
T_5.17 ;
    %jmp T_5.5;
T_5.5 ;
    %pop/vec4 1;
T_5.0 ;
    %jmp T_5;
    .thread T_5, $push;
    .scope S_0x561ff1e0c8b0;
T_6 ;
    %wait E_0x561ff1dd89c0;
    %load/vec4 v0x561ff1e30fb0_0;
    %flag_set/vec4 8;
    %jmp/0xz  T_6.0, 8;
    %pushi/vec4 0, 0, 3;
    %store/vec4 v0x561ff1e31050_0, 0, 3;
    %jmp T_6.1;
T_6.0 ;
    %load/vec4 v0x561ff1e31110_0;
    %load/vec4 v0x561ff1e2f4a0_0;
    %inv;
    %mul;
    %flag_set/vec4 8;
    %jmp/0xz  T_6.2, 8;
    %load/vec4 v0x561ff1e30cb0_0;
    %store/vec4 v0x561ff1e31050_0, 0, 3;
T_6.2 ;
T_6.1 ;
    %jmp T_6;
    .thread T_6;
    .scope S_0x561ff1e0c8b0;
T_7 ;
    %wait E_0x561ff1e01c00;
    %pushi/vec4 0, 0, 1;
    %store/vec4 v0x561ff1e31110_0, 0, 1;
    %pushi/vec4 0, 0, 3;
    %store/vec4 v0x561ff1e31050_0, 0, 3;
    %pushi/vec4 0, 0, 3;
    %store/vec4 v0x561ff1e30cb0_0, 0, 3;
    %pushi/vec4 0, 0, 32;
    %store/vec4 v0x561ff1e2f940_0, 0, 32;
    %pushi/vec4 0, 0, 37;
    %ix/load 4, 0, 0;
    %flag_set/imm 4, 0;
    %store/vec4a v0x561ff1e2fe40, 4, 0;
    %pushi/vec4 0, 0, 37;
    %ix/load 4, 1, 0;
    %flag_set/imm 4, 0;
    %store/vec4a v0x561ff1e2fe40, 4, 0;
    %pushi/vec4 0, 0, 37;
    %ix/load 4, 2, 0;
    %flag_set/imm 4, 0;
    %store/vec4a v0x561ff1e2fe40, 4, 0;
    %pushi/vec4 0, 0, 37;
    %ix/load 4, 3, 0;
    %flag_set/imm 4, 0;
    %store/vec4a v0x561ff1e2fe40, 4, 0;
    %pushi/vec4 0, 0, 37;
    %ix/load 4, 4, 0;
    %flag_set/imm 4, 0;
    %store/vec4a v0x561ff1e2fe40, 4, 0;
    %pushi/vec4 0, 0, 37;
    %ix/load 4, 5, 0;
    %flag_set/imm 4, 0;
    %store/vec4a v0x561ff1e2fe40, 4, 0;
    %pushi/vec4 0, 0, 37;
    %ix/load 4, 6, 0;
    %flag_set/imm 4, 0;
    %store/vec4a v0x561ff1e2fe40, 4, 0;
    %pushi/vec4 0, 0, 37;
    %ix/load 4, 7, 0;
    %flag_set/imm 4, 0;
    %store/vec4a v0x561ff1e2fe40, 4, 0;
    %jmp T_7;
    .thread T_7;
# The file index is used to find the file name in the following table.
:file_names 4;
    "N/A";
    "<interactive>";
    "dcache.v";
    "./data_memory.v";
