#! /usr/bin/vvp
:ivl_version "10.1 (stable)";
:ivl_delay_selection "TYPICAL";
:vpi_time_precision + 0;
:vpi_module "system";
:vpi_module "vhdl_sys";
:vpi_module "v2005_math";
:vpi_module "va_math";
S_0x5596b4fa5cc0 .scope module, "instruction_cache" "instruction_cache" 2 3;
 .timescale 0 0;
    .port_info 0 /INPUT 1 "clock"
    .port_info 1 /INPUT 1 "read"
    .port_info 2 /INPUT 1 "reset"
    .port_info 3 /INPUT 10 "address"
    .port_info 4 /OUTPUT 33 "readdata"
    .port_info 5 /OUTPUT 1 "busywait"
v0x5596b4fc6f50 .array "Cache", 0 7, 133 0;
v0x5596b4fc7030_0 .net *"_s11", 9 0, L_0x5596b4fc8010;  1 drivers
L_0x7f06fe73e018 .functor BUFT 1, C4<000000000>, C4<0>, C4<0>, C4<0>;
v0x5596b4fc7110_0 .net *"_s14", 8 0, L_0x7f06fe73e018;  1 drivers
v0x5596b4fc71d0_0 .net *"_s16", 9 0, L_0x5596b4fd81d0;  1 drivers
o0x7f06fe78e5b8 .functor BUFZ 10, C4<zzzzzzzzzz>; HiZ drive
v0x5596b4fc72b0_0 .net "address", 9 0, o0x7f06fe78e5b8;  0 drivers
v0x5596b4fc7390_0 .var "busywait", 0 0;
o0x7f06fe78e378 .functor BUFZ 1, C4<z>; HiZ drive
v0x5596b4fc7450_0 .net "clock", 0 0, o0x7f06fe78e378;  0 drivers
v0x5596b4fc74f0_0 .var "hit", 0 0;
v0x5596b4fc7590_0 .net "index", 2 0, L_0x5596b4fc7ea0;  1 drivers
v0x5596b4fc7670_0 .var "mem_address", 5 0;
v0x5596b4fc7730_0 .var "mem_read", 0 0;
v0x5596b4fc7800_0 .net "offset", 3 0, L_0x5596b4fc7f70;  1 drivers
o0x7f06fe78e6a8 .functor BUFZ 1, C4<z>; HiZ drive
v0x5596b4fc78a0_0 .net "read", 0 0, o0x7f06fe78e6a8;  0 drivers
v0x5596b4fc7960_0 .var "readdata", 32 0;
o0x7f06fe78e708 .functor BUFZ 1, C4<z>; HiZ drive
v0x5596b4fc7a40_0 .net "reset", 0 0, o0x7f06fe78e708;  0 drivers
v0x5596b4fc7b00_0 .net "tag", 2 0, L_0x5596b4fc7da0;  1 drivers
v0x5596b4fc7be0_0 .var "valid", 0 0;
E_0x5596b4f40da0 .event posedge, v0x5596b4fc7a40_0;
E_0x5596b4f75e90 .event edge, L_0x5596b4fd81d0;
E_0x5596b4f75bb0 .event edge, v0x5596b4fc6a10_0;
L_0x5596b4fc7da0 .part o0x7f06fe78e5b8, 7, 3;
L_0x5596b4fc7ea0 .part o0x7f06fe78e5b8, 4, 3;
L_0x5596b4fc7f70 .part o0x7f06fe78e5b8, 0, 4;
L_0x5596b4fc8010 .concat [ 1 9 0 0], o0x7f06fe78e6a8, L_0x7f06fe73e018;
L_0x5596b4fd81d0 .arith/mult 10, o0x7f06fe78e5b8, L_0x5596b4fc8010;
S_0x5596b4fa5e40 .scope module, "Instruction_memory" "Instruction_memory" 2 27, 3 12 0, S_0x5596b4fa5cc0;
 .timescale 0 0;
    .port_info 0 /INPUT 1 "clock"
    .port_info 1 /INPUT 1 "read"
    .port_info 2 /INPUT 6 "address"
    .port_info 3 /OUTPUT 128 "readdata"
    .port_info 4 /OUTPUT 1 "busywait"
v0x5596b4fa6040_0 .var *"_s10", 7 0; Local signal
v0x5596b4fc5be0_0 .var *"_s11", 7 0; Local signal
v0x5596b4fc5cc0_0 .var *"_s12", 7 0; Local signal
v0x5596b4fc5d80_0 .var *"_s13", 7 0; Local signal
v0x5596b4fc5e60_0 .var *"_s14", 7 0; Local signal
v0x5596b4fc5f90_0 .var *"_s15", 7 0; Local signal
v0x5596b4fc6070_0 .var *"_s16", 7 0; Local signal
v0x5596b4fc6150_0 .var *"_s17", 7 0; Local signal
v0x5596b4fc6230_0 .var *"_s2", 7 0; Local signal
v0x5596b4fc6310_0 .var *"_s3", 7 0; Local signal
v0x5596b4fc63f0_0 .var *"_s4", 7 0; Local signal
v0x5596b4fc64d0_0 .var *"_s5", 7 0; Local signal
v0x5596b4fc65b0_0 .var *"_s6", 7 0; Local signal
v0x5596b4fc6690_0 .var *"_s7", 7 0; Local signal
v0x5596b4fc6770_0 .var *"_s8", 7 0; Local signal
v0x5596b4fc6850_0 .var *"_s9", 7 0; Local signal
v0x5596b4fc6930_0 .net "address", 5 0, v0x5596b4fc7670_0;  1 drivers
v0x5596b4fc6a10_0 .var "busywait", 0 0;
v0x5596b4fc6ad0_0 .net "clock", 0 0, o0x7f06fe78e378;  alias, 0 drivers
v0x5596b4fc6b90 .array "memory_array", 0 1023, 7 0;
v0x5596b4fc6c50_0 .net "read", 0 0, v0x5596b4fc7730_0;  1 drivers
v0x5596b4fc6d10_0 .var "readaccess", 0 0;
v0x5596b4fc6dd0_0 .var "readdata", 127 0;
E_0x5596b4fa51d0 .event posedge, v0x5596b4fc6ad0_0;
E_0x5596b4fa5360 .event edge, v0x5596b4fc6c50_0;
    .scope S_0x5596b4fa5e40;
T_0 ;
    %pushi/vec4 0, 0, 1;
    %store/vec4 v0x5596b4fc6a10_0, 0, 1;
    %pushi/vec4 0, 0, 1;
    %store/vec4 v0x5596b4fc6d10_0, 0, 1;
    %pushi/vec4 262169, 0, 32;
    %split/vec4 8;
    %ix/load 4, 0, 0;
    %flag_set/imm 4, 0;
    %store/vec4a v0x5596b4fc6b90, 4, 0;
    %split/vec4 8;
    %ix/load 4, 1, 0;
    %flag_set/imm 4, 0;
    %store/vec4a v0x5596b4fc6b90, 4, 0;
    %split/vec4 8;
    %ix/load 4, 2, 0;
    %flag_set/imm 4, 0;
    %store/vec4a v0x5596b4fc6b90, 4, 0;
    %ix/load 4, 3, 0;
    %flag_set/imm 4, 0;
    %store/vec4a v0x5596b4fc6b90, 4, 0;
    %pushi/vec4 327715, 0, 32;
    %split/vec4 8;
    %ix/load 4, 4, 0;
    %flag_set/imm 4, 0;
    %store/vec4a v0x5596b4fc6b90, 4, 0;
    %split/vec4 8;
    %ix/load 4, 5, 0;
    %flag_set/imm 4, 0;
    %store/vec4a v0x5596b4fc6b90, 4, 0;
    %split/vec4 8;
    %ix/load 4, 6, 0;
    %flag_set/imm 4, 0;
    %store/vec4a v0x5596b4fc6b90, 4, 0;
    %ix/load 4, 7, 0;
    %flag_set/imm 4, 0;
    %store/vec4a v0x5596b4fc6b90, 4, 0;
    %pushi/vec4 33948677, 0, 32;
    %split/vec4 8;
    %ix/load 4, 8, 0;
    %flag_set/imm 4, 0;
    %store/vec4a v0x5596b4fc6b90, 4, 0;
    %split/vec4 8;
    %ix/load 4, 9, 0;
    %flag_set/imm 4, 0;
    %store/vec4a v0x5596b4fc6b90, 4, 0;
    %split/vec4 8;
    %ix/load 4, 10, 0;
    %flag_set/imm 4, 0;
    %store/vec4a v0x5596b4fc6b90, 4, 0;
    %ix/load 4, 11, 0;
    %flag_set/imm 4, 0;
    %store/vec4a v0x5596b4fc6b90, 4, 0;
    %pushi/vec4 65626, 0, 32;
    %split/vec4 8;
    %ix/load 4, 12, 0;
    %flag_set/imm 4, 0;
    %store/vec4a v0x5596b4fc6b90, 4, 0;
    %split/vec4 8;
    %ix/load 4, 13, 0;
    %flag_set/imm 4, 0;
    %store/vec4a v0x5596b4fc6b90, 4, 0;
    %split/vec4 8;
    %ix/load 4, 14, 0;
    %flag_set/imm 4, 0;
    %store/vec4a v0x5596b4fc6b90, 4, 0;
    %ix/load 4, 15, 0;
    %flag_set/imm 4, 0;
    %store/vec4a v0x5596b4fc6b90, 4, 0;
    %pushi/vec4 50397444, 0, 32;
    %split/vec4 8;
    %ix/load 4, 16, 0;
    %flag_set/imm 4, 0;
    %store/vec4a v0x5596b4fc6b90, 4, 0;
    %split/vec4 8;
    %ix/load 4, 17, 0;
    %flag_set/imm 4, 0;
    %store/vec4a v0x5596b4fc6b90, 4, 0;
    %split/vec4 8;
    %ix/load 4, 18, 0;
    %flag_set/imm 4, 0;
    %store/vec4a v0x5596b4fc6b90, 4, 0;
    %ix/load 4, 19, 0;
    %flag_set/imm 4, 0;
    %store/vec4a v0x5596b4fc6b90, 4, 0;
    %end;
    .thread T_0;
    .scope S_0x5596b4fa5e40;
T_1 ;
    %wait E_0x5596b4fa5360;
    %load/vec4 v0x5596b4fc6c50_0;
    %flag_set/vec4 8;
    %jmp/0 T_1.0, 8;
    %pushi/vec4 1, 0, 2;
    %jmp/1 T_1.1, 8;
T_1.0 ; End of true expr.
    %pushi/vec4 0, 0, 2;
    %jmp/0 T_1.1, 8;
 ; End of false expr.
    %blend;
T_1.1;
    %pad/s 1;
    %store/vec4 v0x5596b4fc6a10_0, 0, 1;
    %load/vec4 v0x5596b4fc6c50_0;
    %flag_set/vec4 8;
    %jmp/0 T_1.2, 8;
    %pushi/vec4 1, 0, 2;
    %jmp/1 T_1.3, 8;
T_1.2 ; End of true expr.
    %pushi/vec4 0, 0, 2;
    %jmp/0 T_1.3, 8;
 ; End of false expr.
    %blend;
T_1.3;
    %pad/s 1;
    %store/vec4 v0x5596b4fc6d10_0, 0, 1;
    %jmp T_1;
    .thread T_1, $push;
    .scope S_0x5596b4fa5e40;
T_2 ;
    %wait E_0x5596b4fa51d0;
    %load/vec4 v0x5596b4fc6d10_0;
    %flag_set/vec4 8;
    %jmp/0xz  T_2.0, 8;
    %load/vec4 v0x5596b4fc6930_0;
    %concati/vec4 0, 0, 4;
    %pad/u 12;
    %ix/vec4 4;
    %load/vec4a v0x5596b4fc6b90, 4;
    %store/vec4 v0x5596b4fc6230_0, 0, 8;
    %pushi/vec4 40, 0, 64;
    %ix/vec4 4;
    %delayx 4;
    %load/vec4 v0x5596b4fc6230_0;
    %ix/load 4, 0, 0;
    %flag_set/imm 4, 0;
    %store/vec4 v0x5596b4fc6dd0_0, 4, 8;
    %load/vec4 v0x5596b4fc6930_0;
    %concati/vec4 1, 0, 4;
    %pad/u 12;
    %ix/vec4 4;
    %load/vec4a v0x5596b4fc6b90, 4;
    %store/vec4 v0x5596b4fc6310_0, 0, 8;
    %pushi/vec4 40, 0, 64;
    %ix/vec4 4;
    %delayx 4;
    %load/vec4 v0x5596b4fc6310_0;
    %ix/load 4, 8, 0;
    %flag_set/imm 4, 0;
    %store/vec4 v0x5596b4fc6dd0_0, 4, 8;
    %load/vec4 v0x5596b4fc6930_0;
    %concati/vec4 2, 0, 4;
    %pad/u 12;
    %ix/vec4 4;
    %load/vec4a v0x5596b4fc6b90, 4;
    %store/vec4 v0x5596b4fc63f0_0, 0, 8;
    %pushi/vec4 40, 0, 64;
    %ix/vec4 4;
    %delayx 4;
    %load/vec4 v0x5596b4fc63f0_0;
    %ix/load 4, 16, 0;
    %flag_set/imm 4, 0;
    %store/vec4 v0x5596b4fc6dd0_0, 4, 8;
    %load/vec4 v0x5596b4fc6930_0;
    %concati/vec4 3, 0, 4;
    %pad/u 12;
    %ix/vec4 4;
    %load/vec4a v0x5596b4fc6b90, 4;
    %store/vec4 v0x5596b4fc64d0_0, 0, 8;
    %pushi/vec4 40, 0, 64;
    %ix/vec4 4;
    %delayx 4;
    %load/vec4 v0x5596b4fc64d0_0;
    %ix/load 4, 24, 0;
    %flag_set/imm 4, 0;
    %store/vec4 v0x5596b4fc6dd0_0, 4, 8;
    %load/vec4 v0x5596b4fc6930_0;
    %concati/vec4 4, 0, 4;
    %pad/u 12;
    %ix/vec4 4;
    %load/vec4a v0x5596b4fc6b90, 4;
    %store/vec4 v0x5596b4fc65b0_0, 0, 8;
    %pushi/vec4 40, 0, 64;
    %ix/vec4 4;
    %delayx 4;
    %load/vec4 v0x5596b4fc65b0_0;
    %ix/load 4, 32, 0;
    %flag_set/imm 4, 0;
    %store/vec4 v0x5596b4fc6dd0_0, 4, 8;
    %load/vec4 v0x5596b4fc6930_0;
    %concati/vec4 5, 0, 4;
    %pad/u 12;
    %ix/vec4 4;
    %load/vec4a v0x5596b4fc6b90, 4;
    %store/vec4 v0x5596b4fc6690_0, 0, 8;
    %pushi/vec4 40, 0, 64;
    %ix/vec4 4;
    %delayx 4;
    %load/vec4 v0x5596b4fc6690_0;
    %ix/load 4, 40, 0;
    %flag_set/imm 4, 0;
    %store/vec4 v0x5596b4fc6dd0_0, 4, 8;
    %load/vec4 v0x5596b4fc6930_0;
    %concati/vec4 6, 0, 4;
    %pad/u 12;
    %ix/vec4 4;
    %load/vec4a v0x5596b4fc6b90, 4;
    %store/vec4 v0x5596b4fc6770_0, 0, 8;
    %pushi/vec4 40, 0, 64;
    %ix/vec4 4;
    %delayx 4;
    %load/vec4 v0x5596b4fc6770_0;
    %ix/load 4, 48, 0;
    %flag_set/imm 4, 0;
    %store/vec4 v0x5596b4fc6dd0_0, 4, 8;
    %load/vec4 v0x5596b4fc6930_0;
    %concati/vec4 7, 0, 4;
    %pad/u 12;
    %ix/vec4 4;
    %load/vec4a v0x5596b4fc6b90, 4;
    %store/vec4 v0x5596b4fc6850_0, 0, 8;
    %pushi/vec4 40, 0, 64;
    %ix/vec4 4;
    %delayx 4;
    %load/vec4 v0x5596b4fc6850_0;
    %ix/load 4, 56, 0;
    %flag_set/imm 4, 0;
    %store/vec4 v0x5596b4fc6dd0_0, 4, 8;
    %load/vec4 v0x5596b4fc6930_0;
    %concati/vec4 8, 0, 4;
    %pad/u 12;
    %ix/vec4 4;
    %load/vec4a v0x5596b4fc6b90, 4;
    %store/vec4 v0x5596b4fa6040_0, 0, 8;
    %pushi/vec4 40, 0, 64;
    %ix/vec4 4;
    %delayx 4;
    %load/vec4 v0x5596b4fa6040_0;
    %ix/load 4, 64, 0;
    %flag_set/imm 4, 0;
    %store/vec4 v0x5596b4fc6dd0_0, 4, 8;
    %load/vec4 v0x5596b4fc6930_0;
    %concati/vec4 9, 0, 4;
    %pad/u 12;
    %ix/vec4 4;
    %load/vec4a v0x5596b4fc6b90, 4;
    %store/vec4 v0x5596b4fc5be0_0, 0, 8;
    %pushi/vec4 40, 0, 64;
    %ix/vec4 4;
    %delayx 4;
    %load/vec4 v0x5596b4fc5be0_0;
    %ix/load 4, 72, 0;
    %flag_set/imm 4, 0;
    %store/vec4 v0x5596b4fc6dd0_0, 4, 8;
    %load/vec4 v0x5596b4fc6930_0;
    %concati/vec4 10, 0, 4;
    %pad/u 12;
    %ix/vec4 4;
    %load/vec4a v0x5596b4fc6b90, 4;
    %store/vec4 v0x5596b4fc5cc0_0, 0, 8;
    %pushi/vec4 40, 0, 64;
    %ix/vec4 4;
    %delayx 4;
    %load/vec4 v0x5596b4fc5cc0_0;
    %ix/load 4, 80, 0;
    %flag_set/imm 4, 0;
    %store/vec4 v0x5596b4fc6dd0_0, 4, 8;
    %load/vec4 v0x5596b4fc6930_0;
    %concati/vec4 11, 0, 4;
    %pad/u 12;
    %ix/vec4 4;
    %load/vec4a v0x5596b4fc6b90, 4;
    %store/vec4 v0x5596b4fc5d80_0, 0, 8;
    %pushi/vec4 40, 0, 64;
    %ix/vec4 4;
    %delayx 4;
    %load/vec4 v0x5596b4fc5d80_0;
    %ix/load 4, 88, 0;
    %flag_set/imm 4, 0;
    %store/vec4 v0x5596b4fc6dd0_0, 4, 8;
    %load/vec4 v0x5596b4fc6930_0;
    %concati/vec4 12, 0, 4;
    %pad/u 12;
    %ix/vec4 4;
    %load/vec4a v0x5596b4fc6b90, 4;
    %store/vec4 v0x5596b4fc5e60_0, 0, 8;
    %pushi/vec4 40, 0, 64;
    %ix/vec4 4;
    %delayx 4;
    %load/vec4 v0x5596b4fc5e60_0;
    %ix/load 4, 96, 0;
    %flag_set/imm 4, 0;
    %store/vec4 v0x5596b4fc6dd0_0, 4, 8;
    %load/vec4 v0x5596b4fc6930_0;
    %concati/vec4 13, 0, 4;
    %pad/u 12;
    %ix/vec4 4;
    %load/vec4a v0x5596b4fc6b90, 4;
    %store/vec4 v0x5596b4fc5f90_0, 0, 8;
    %pushi/vec4 40, 0, 64;
    %ix/vec4 4;
    %delayx 4;
    %load/vec4 v0x5596b4fc5f90_0;
    %ix/load 4, 104, 0;
    %flag_set/imm 4, 0;
    %store/vec4 v0x5596b4fc6dd0_0, 4, 8;
    %load/vec4 v0x5596b4fc6930_0;
    %concati/vec4 14, 0, 4;
    %pad/u 12;
    %ix/vec4 4;
    %load/vec4a v0x5596b4fc6b90, 4;
    %store/vec4 v0x5596b4fc6070_0, 0, 8;
    %pushi/vec4 40, 0, 64;
    %ix/vec4 4;
    %delayx 4;
    %load/vec4 v0x5596b4fc6070_0;
    %ix/load 4, 112, 0;
    %flag_set/imm 4, 0;
    %store/vec4 v0x5596b4fc6dd0_0, 4, 8;
    %load/vec4 v0x5596b4fc6930_0;
    %concati/vec4 15, 0, 4;
    %pad/u 12;
    %ix/vec4 4;
    %load/vec4a v0x5596b4fc6b90, 4;
    %store/vec4 v0x5596b4fc6150_0, 0, 8;
    %pushi/vec4 40, 0, 64;
    %ix/vec4 4;
    %delayx 4;
    %load/vec4 v0x5596b4fc6150_0;
    %ix/load 4, 120, 0;
    %flag_set/imm 4, 0;
    %store/vec4 v0x5596b4fc6dd0_0, 4, 8;
    %pushi/vec4 0, 0, 1;
    %store/vec4 v0x5596b4fc6a10_0, 0, 1;
    %pushi/vec4 0, 0, 1;
    %store/vec4 v0x5596b4fc6d10_0, 0, 1;
T_2.0 ;
    %jmp T_2;
    .thread T_2;
    .scope S_0x5596b4fa5cc0;
T_3 ;
    %wait E_0x5596b4f75e90;
    %pushi/vec4 1, 0, 1;
    %store/vec4 v0x5596b4fc7390_0, 0, 1;
    %delay 1, 0;
    %load/vec4 v0x5596b4fc7590_0;
    %pad/u 5;
    %ix/vec4 4;
    %load/vec4a v0x5596b4fc6f50, 4;
    %parti/s 1, 133, 9;
    %store/vec4 v0x5596b4fc7be0_0, 0, 1;
    %load/vec4 v0x5596b4fc7b00_0;
    %pad/u 5;
    %load/vec4 v0x5596b4fc7590_0;
    %pad/u 5;
    %ix/vec4 4;
    %load/vec4a v0x5596b4fc6f50, 4;
    %parti/s 5, 128, 9;
    %cmp/e;
    %jmp/0xz  T_3.0, 4;
    %delay 1, 0;
    %pushi/vec4 1, 0, 1;
    %store/vec4 v0x5596b4fc74f0_0, 0, 1;
    %jmp T_3.1;
T_3.0 ;
    %delay 1, 0;
    %pushi/vec4 0, 0, 1;
    %store/vec4 v0x5596b4fc74f0_0, 0, 1;
T_3.1 ;
    %load/vec4 v0x5596b4fc74f0_0;
    %load/vec4 v0x5596b4fc7be0_0;
    %mul;
    %flag_set/vec4 8;
    %jmp/0xz  T_3.2, 8;
    %load/vec4 v0x5596b4fc7800_0;
    %dup/vec4;
    %pushi/vec4 0, 0, 4;
    %cmp/u;
    %jmp/1 T_3.4, 6;
    %dup/vec4;
    %pushi/vec4 4, 0, 4;
    %cmp/u;
    %jmp/1 T_3.5, 6;
    %dup/vec4;
    %pushi/vec4 8, 0, 4;
    %cmp/u;
    %jmp/1 T_3.6, 6;
    %dup/vec4;
    %pushi/vec4 12, 0, 4;
    %cmp/u;
    %jmp/1 T_3.7, 6;
    %jmp T_3.8;
T_3.4 ;
    %load/vec4 v0x5596b4fc7590_0;
    %pad/u 5;
    %ix/vec4 4;
    %load/vec4a v0x5596b4fc6f50, 4;
    %parti/s 32, 0, 2;
    %pad/u 33;
    %store/vec4 v0x5596b4fc7960_0, 0, 33;
    %jmp T_3.8;
T_3.5 ;
    %load/vec4 v0x5596b4fc7590_0;
    %pad/u 5;
    %ix/vec4 4;
    %load/vec4a v0x5596b4fc6f50, 4;
    %parti/s 32, 32, 7;
    %pad/u 33;
    %store/vec4 v0x5596b4fc7960_0, 0, 33;
    %jmp T_3.8;
T_3.6 ;
    %load/vec4 v0x5596b4fc7590_0;
    %pad/u 5;
    %ix/vec4 4;
    %load/vec4a v0x5596b4fc6f50, 4;
    %parti/s 32, 64, 8;
    %pad/u 33;
    %store/vec4 v0x5596b4fc7960_0, 0, 33;
    %jmp T_3.8;
T_3.7 ;
    %load/vec4 v0x5596b4fc7590_0;
    %pad/u 5;
    %ix/vec4 4;
    %load/vec4a v0x5596b4fc6f50, 4;
    %parti/s 33, 96, 8;
    %store/vec4 v0x5596b4fc7960_0, 0, 33;
    %jmp T_3.8;
T_3.8 ;
    %pop/vec4 1;
    %pushi/vec4 0, 0, 1;
    %store/vec4 v0x5596b4fc7390_0, 0, 1;
    %pushi/vec4 0, 0, 1;
    %store/vec4 v0x5596b4fc7730_0, 0, 1;
    %jmp T_3.3;
T_3.2 ;
    %pushi/vec4 1, 0, 1;
    %store/vec4 v0x5596b4fc7730_0, 0, 1;
    %load/vec4 v0x5596b4fc7b00_0;
    %load/vec4 v0x5596b4fc7590_0;
    %concat/vec4; draw_concat_vec4
    %store/vec4 v0x5596b4fc7670_0, 0, 6;
    %wait E_0x5596b4f75bb0;
    %wait E_0x5596b4f75bb0;
    %delay 1, 0;
    %load/vec4 v0x5596b4fc6dd0_0;
    %load/vec4 v0x5596b4fc7590_0;
    %pad/u 5;
    %ix/vec4 4;
    %flag_mov 8, 4;
    %ix/load 5, 0, 0;
    %flag_set/imm 4, 0;
    %flag_or 4, 8;
    %store/vec4a v0x5596b4fc6f50, 4, 5;
    %load/vec4 v0x5596b4fc7b00_0;
    %pad/u 5;
    %load/vec4 v0x5596b4fc7590_0;
    %pad/u 5;
    %ix/vec4 4;
    %flag_mov 8, 4;
    %ix/load 5, 128, 0;
    %flag_set/imm 4, 0;
    %flag_or 4, 8;
    %store/vec4a v0x5596b4fc6f50, 4, 5;
    %pushi/vec4 1, 0, 1;
    %load/vec4 v0x5596b4fc7590_0;
    %pad/u 5;
    %ix/vec4 4;
    %flag_mov 8, 4;
    %ix/load 5, 133, 0;
    %flag_set/imm 4, 0;
    %flag_or 4, 8;
    %store/vec4a v0x5596b4fc6f50, 4, 5;
    %load/vec4 v0x5596b4fc7800_0;
    %dup/vec4;
    %pushi/vec4 0, 0, 4;
    %cmp/u;
    %jmp/1 T_3.9, 6;
    %dup/vec4;
    %pushi/vec4 4, 0, 4;
    %cmp/u;
    %jmp/1 T_3.10, 6;
    %dup/vec4;
    %pushi/vec4 8, 0, 4;
    %cmp/u;
    %jmp/1 T_3.11, 6;
    %dup/vec4;
    %pushi/vec4 12, 0, 4;
    %cmp/u;
    %jmp/1 T_3.12, 6;
    %jmp T_3.13;
T_3.9 ;
    %load/vec4 v0x5596b4fc7590_0;
    %pad/u 5;
    %ix/vec4 4;
    %load/vec4a v0x5596b4fc6f50, 4;
    %parti/s 32, 0, 2;
    %pad/u 33;
    %assign/vec4 v0x5596b4fc7960_0, 2;
    %jmp T_3.13;
T_3.10 ;
    %load/vec4 v0x5596b4fc7590_0;
    %pad/u 5;
    %ix/vec4 4;
    %load/vec4a v0x5596b4fc6f50, 4;
    %parti/s 32, 32, 7;
    %pad/u 33;
    %assign/vec4 v0x5596b4fc7960_0, 2;
    %jmp T_3.13;
T_3.11 ;
    %load/vec4 v0x5596b4fc7590_0;
    %pad/u 5;
    %ix/vec4 4;
    %load/vec4a v0x5596b4fc6f50, 4;
    %parti/s 32, 64, 8;
    %pad/u 33;
    %assign/vec4 v0x5596b4fc7960_0, 2;
    %jmp T_3.13;
T_3.12 ;
    %load/vec4 v0x5596b4fc7590_0;
    %pad/u 5;
    %ix/vec4 4;
    %load/vec4a v0x5596b4fc6f50, 4;
    %parti/s 33, 96, 8;
    %assign/vec4 v0x5596b4fc7960_0, 2;
    %jmp T_3.13;
T_3.13 ;
    %pop/vec4 1;
    %delay 1, 0;
    %load/vec4 v0x5596b4fc7590_0;
    %pad/u 5;
    %ix/vec4 4;
    %load/vec4a v0x5596b4fc6f50, 4;
    %parti/s 1, 133, 9;
    %store/vec4 v0x5596b4fc7be0_0, 0, 1;
    %load/vec4 v0x5596b4fc7b00_0;
    %pad/u 5;
    %load/vec4 v0x5596b4fc7590_0;
    %pad/u 5;
    %ix/vec4 4;
    %load/vec4a v0x5596b4fc6f50, 4;
    %parti/s 5, 128, 9;
    %cmp/e;
    %jmp/0xz  T_3.14, 4;
    %delay 1, 0;
    %pushi/vec4 1, 0, 1;
    %store/vec4 v0x5596b4fc74f0_0, 0, 1;
    %jmp T_3.15;
T_3.14 ;
    %delay 1, 0;
    %pushi/vec4 0, 0, 1;
    %store/vec4 v0x5596b4fc74f0_0, 0, 1;
T_3.15 ;
    %load/vec4 v0x5596b4fc74f0_0;
    %load/vec4 v0x5596b4fc7be0_0;
    %mul;
    %flag_set/vec4 8;
    %jmp/0xz  T_3.16, 8;
    %load/vec4 v0x5596b4fc7800_0;
    %dup/vec4;
    %pushi/vec4 0, 0, 4;
    %cmp/u;
    %jmp/1 T_3.18, 6;
    %dup/vec4;
    %pushi/vec4 4, 0, 4;
    %cmp/u;
    %jmp/1 T_3.19, 6;
    %dup/vec4;
    %pushi/vec4 8, 0, 4;
    %cmp/u;
    %jmp/1 T_3.20, 6;
    %dup/vec4;
    %pushi/vec4 12, 0, 4;
    %cmp/u;
    %jmp/1 T_3.21, 6;
    %jmp T_3.22;
T_3.18 ;
    %load/vec4 v0x5596b4fc7590_0;
    %pad/u 5;
    %ix/vec4 4;
    %load/vec4a v0x5596b4fc6f50, 4;
    %parti/s 32, 0, 2;
    %pad/u 33;
    %store/vec4 v0x5596b4fc7960_0, 0, 33;
    %jmp T_3.22;
T_3.19 ;
    %load/vec4 v0x5596b4fc7590_0;
    %pad/u 5;
    %ix/vec4 4;
    %load/vec4a v0x5596b4fc6f50, 4;
    %parti/s 32, 32, 7;
    %pad/u 33;
    %store/vec4 v0x5596b4fc7960_0, 0, 33;
    %jmp T_3.22;
T_3.20 ;
    %load/vec4 v0x5596b4fc7590_0;
    %pad/u 5;
    %ix/vec4 4;
    %load/vec4a v0x5596b4fc6f50, 4;
    %parti/s 32, 64, 8;
    %pad/u 33;
    %store/vec4 v0x5596b4fc7960_0, 0, 33;
    %jmp T_3.22;
T_3.21 ;
    %load/vec4 v0x5596b4fc7590_0;
    %pad/u 5;
    %ix/vec4 4;
    %load/vec4a v0x5596b4fc6f50, 4;
    %parti/s 33, 96, 8;
    %store/vec4 v0x5596b4fc7960_0, 0, 33;
    %jmp T_3.22;
T_3.22 ;
    %pop/vec4 1;
T_3.16 ;
    %pushi/vec4 0, 0, 1;
    %store/vec4 v0x5596b4fc7390_0, 0, 1;
T_3.3 ;
    %jmp T_3;
    .thread T_3, $push;
    .scope S_0x5596b4fa5cc0;
T_4 ;
    %wait E_0x5596b4f40da0;
    %pushi/vec4 0, 0, 134;
    %ix/load 4, 0, 0;
    %flag_set/imm 4, 0;
    %store/vec4a v0x5596b4fc6f50, 4, 0;
    %pushi/vec4 0, 0, 134;
    %ix/load 4, 1, 0;
    %flag_set/imm 4, 0;
    %store/vec4a v0x5596b4fc6f50, 4, 0;
    %pushi/vec4 0, 0, 134;
    %ix/load 4, 2, 0;
    %flag_set/imm 4, 0;
    %store/vec4a v0x5596b4fc6f50, 4, 0;
    %pushi/vec4 0, 0, 134;
    %ix/load 4, 3, 0;
    %flag_set/imm 4, 0;
    %store/vec4a v0x5596b4fc6f50, 4, 0;
    %pushi/vec4 0, 0, 134;
    %ix/load 4, 4, 0;
    %flag_set/imm 4, 0;
    %store/vec4a v0x5596b4fc6f50, 4, 0;
    %pushi/vec4 0, 0, 134;
    %ix/load 4, 5, 0;
    %flag_set/imm 4, 0;
    %store/vec4a v0x5596b4fc6f50, 4, 0;
    %pushi/vec4 0, 0, 134;
    %ix/load 4, 6, 0;
    %flag_set/imm 4, 0;
    %store/vec4a v0x5596b4fc6f50, 4, 0;
    %pushi/vec4 0, 0, 134;
    %ix/load 4, 7, 0;
    %flag_set/imm 4, 0;
    %store/vec4a v0x5596b4fc6f50, 4, 0;
    %pushi/vec4 0, 0, 1;
    %store/vec4 v0x5596b4fc7390_0, 0, 1;
    %pushi/vec4 0, 0, 33;
    %store/vec4 v0x5596b4fc7960_0, 0, 33;
    %pushi/vec4 0, 0, 1;
    %store/vec4 v0x5596b4fc7be0_0, 0, 1;
    %pushi/vec4 0, 0, 1;
    %store/vec4 v0x5596b4fc74f0_0, 0, 1;
    %jmp T_4;
    .thread T_4;
# The file index is used to find the file name in the following table.
:file_names 4;
    "N/A";
    "<interactive>";
    "instruction_cache.v";
    "./instruction_memory.v";
