#! /usr/bin/vvp
:ivl_version "10.1 (stable)";
:ivl_delay_selection "TYPICAL";
:vpi_time_precision + 0;
:vpi_module "system";
:vpi_module "vhdl_sys";
:vpi_module "v2005_math";
:vpi_module "va_math";
S_0x559038141190 .scope module, "Instruction_memory" "Instruction_memory" 2 12;
 .timescale 0 0;
    .port_info 0 /INPUT 1 "clock"
    .port_info 1 /INPUT 1 "read"
    .port_info 2 /INPUT 6 "address"
    .port_info 3 /OUTPUT 128 "readdata"
    .port_info 4 /OUTPUT 1 "busywait"
v0x559038141390_0 .var *"_s10", 7 0; Local signal
v0x559038161470_0 .var *"_s11", 7 0; Local signal
v0x559038161550_0 .var *"_s12", 7 0; Local signal
v0x559038161640_0 .var *"_s13", 7 0; Local signal
v0x559038161720_0 .var *"_s14", 7 0; Local signal
v0x559038161850_0 .var *"_s15", 7 0; Local signal
v0x559038161930_0 .var *"_s16", 7 0; Local signal
v0x559038161a10_0 .var *"_s17", 7 0; Local signal
v0x559038161af0_0 .var *"_s2", 7 0; Local signal
v0x559038161bd0_0 .var *"_s3", 7 0; Local signal
v0x559038161cb0_0 .var *"_s4", 7 0; Local signal
v0x559038161d90_0 .var *"_s5", 7 0; Local signal
v0x559038161e70_0 .var *"_s6", 7 0; Local signal
v0x559038161f50_0 .var *"_s7", 7 0; Local signal
v0x559038162030_0 .var *"_s8", 7 0; Local signal
v0x559038162110_0 .var *"_s9", 7 0; Local signal
o0x7f08302ce318 .functor BUFZ 6, C4<zzzzzz>; HiZ drive
v0x5590381621f0_0 .net "address", 5 0, o0x7f08302ce318;  0 drivers
v0x5590381622d0_0 .var "busywait", 0 0;
o0x7f08302ce378 .functor BUFZ 1, C4<z>; HiZ drive
v0x559038162390_0 .net "clock", 0 0, o0x7f08302ce378;  0 drivers
v0x559038162450 .array "memory_array", 0 1023, 7 0;
o0x7f08302ce3a8 .functor BUFZ 1, C4<z>; HiZ drive
v0x559038162510_0 .net "read", 0 0, o0x7f08302ce3a8;  0 drivers
v0x5590381625d0_0 .var "readaccess", 0 0;
v0x559038162690_0 .var "readdata", 127 0;
E_0x55903812c1c0 .event posedge, v0x559038162390_0;
E_0x5590380f6d70 .event edge, v0x559038162510_0;
    .scope S_0x559038141190;
T_0 ;
    %pushi/vec4 0, 0, 1;
    %store/vec4 v0x5590381622d0_0, 0, 1;
    %pushi/vec4 0, 0, 1;
    %store/vec4 v0x5590381625d0_0, 0, 1;
    %pushi/vec4 262169, 0, 32;
    %split/vec4 8;
    %ix/load 4, 0, 0;
    %flag_set/imm 4, 0;
    %store/vec4a v0x559038162450, 4, 0;
    %split/vec4 8;
    %ix/load 4, 1, 0;
    %flag_set/imm 4, 0;
    %store/vec4a v0x559038162450, 4, 0;
    %split/vec4 8;
    %ix/load 4, 2, 0;
    %flag_set/imm 4, 0;
    %store/vec4a v0x559038162450, 4, 0;
    %ix/load 4, 3, 0;
    %flag_set/imm 4, 0;
    %store/vec4a v0x559038162450, 4, 0;
    %pushi/vec4 327715, 0, 32;
    %split/vec4 8;
    %ix/load 4, 4, 0;
    %flag_set/imm 4, 0;
    %store/vec4a v0x559038162450, 4, 0;
    %split/vec4 8;
    %ix/load 4, 5, 0;
    %flag_set/imm 4, 0;
    %store/vec4a v0x559038162450, 4, 0;
    %split/vec4 8;
    %ix/load 4, 6, 0;
    %flag_set/imm 4, 0;
    %store/vec4a v0x559038162450, 4, 0;
    %ix/load 4, 7, 0;
    %flag_set/imm 4, 0;
    %store/vec4a v0x559038162450, 4, 0;
    %pushi/vec4 33948677, 0, 32;
    %split/vec4 8;
    %ix/load 4, 8, 0;
    %flag_set/imm 4, 0;
    %store/vec4a v0x559038162450, 4, 0;
    %split/vec4 8;
    %ix/load 4, 9, 0;
    %flag_set/imm 4, 0;
    %store/vec4a v0x559038162450, 4, 0;
    %split/vec4 8;
    %ix/load 4, 10, 0;
    %flag_set/imm 4, 0;
    %store/vec4a v0x559038162450, 4, 0;
    %ix/load 4, 11, 0;
    %flag_set/imm 4, 0;
    %store/vec4a v0x559038162450, 4, 0;
    %pushi/vec4 65626, 0, 32;
    %split/vec4 8;
    %ix/load 4, 12, 0;
    %flag_set/imm 4, 0;
    %store/vec4a v0x559038162450, 4, 0;
    %split/vec4 8;
    %ix/load 4, 13, 0;
    %flag_set/imm 4, 0;
    %store/vec4a v0x559038162450, 4, 0;
    %split/vec4 8;
    %ix/load 4, 14, 0;
    %flag_set/imm 4, 0;
    %store/vec4a v0x559038162450, 4, 0;
    %ix/load 4, 15, 0;
    %flag_set/imm 4, 0;
    %store/vec4a v0x559038162450, 4, 0;
    %pushi/vec4 50397444, 0, 32;
    %split/vec4 8;
    %ix/load 4, 16, 0;
    %flag_set/imm 4, 0;
    %store/vec4a v0x559038162450, 4, 0;
    %split/vec4 8;
    %ix/load 4, 17, 0;
    %flag_set/imm 4, 0;
    %store/vec4a v0x559038162450, 4, 0;
    %split/vec4 8;
    %ix/load 4, 18, 0;
    %flag_set/imm 4, 0;
    %store/vec4a v0x559038162450, 4, 0;
    %ix/load 4, 19, 0;
    %flag_set/imm 4, 0;
    %store/vec4a v0x559038162450, 4, 0;
    %end;
    .thread T_0;
    .scope S_0x559038141190;
T_1 ;
    %wait E_0x5590380f6d70;
    %load/vec4 v0x559038162510_0;
    %flag_set/vec4 8;
    %jmp/0 T_1.0, 8;
    %pushi/vec4 1, 0, 2;
    %jmp/1 T_1.1, 8;
T_1.0 ; End of true expr.
    %pushi/vec4 0, 0, 2;
    %jmp/0 T_1.1, 8;
 ; End of false expr.
    %blend;
T_1.1;
    %pad/s 1;
    %store/vec4 v0x5590381622d0_0, 0, 1;
    %load/vec4 v0x559038162510_0;
    %flag_set/vec4 8;
    %jmp/0 T_1.2, 8;
    %pushi/vec4 1, 0, 2;
    %jmp/1 T_1.3, 8;
T_1.2 ; End of true expr.
    %pushi/vec4 0, 0, 2;
    %jmp/0 T_1.3, 8;
 ; End of false expr.
    %blend;
T_1.3;
    %pad/s 1;
    %store/vec4 v0x5590381625d0_0, 0, 1;
    %jmp T_1;
    .thread T_1, $push;
    .scope S_0x559038141190;
T_2 ;
    %wait E_0x55903812c1c0;
    %load/vec4 v0x5590381625d0_0;
    %flag_set/vec4 8;
    %jmp/0xz  T_2.0, 8;
    %load/vec4 v0x5590381621f0_0;
    %concati/vec4 0, 0, 4;
    %pad/u 12;
    %ix/vec4 4;
    %load/vec4a v0x559038162450, 4;
    %store/vec4 v0x559038161af0_0, 0, 8;
    %pushi/vec4 40, 0, 64;
    %ix/vec4 4;
    %delayx 4;
    %load/vec4 v0x559038161af0_0;
    %ix/load 4, 0, 0;
    %flag_set/imm 4, 0;
    %store/vec4 v0x559038162690_0, 4, 8;
    %load/vec4 v0x5590381621f0_0;
    %concati/vec4 1, 0, 4;
    %pad/u 12;
    %ix/vec4 4;
    %load/vec4a v0x559038162450, 4;
    %store/vec4 v0x559038161bd0_0, 0, 8;
    %pushi/vec4 40, 0, 64;
    %ix/vec4 4;
    %delayx 4;
    %load/vec4 v0x559038161bd0_0;
    %ix/load 4, 8, 0;
    %flag_set/imm 4, 0;
    %store/vec4 v0x559038162690_0, 4, 8;
    %load/vec4 v0x5590381621f0_0;
    %concati/vec4 2, 0, 4;
    %pad/u 12;
    %ix/vec4 4;
    %load/vec4a v0x559038162450, 4;
    %store/vec4 v0x559038161cb0_0, 0, 8;
    %pushi/vec4 40, 0, 64;
    %ix/vec4 4;
    %delayx 4;
    %load/vec4 v0x559038161cb0_0;
    %ix/load 4, 16, 0;
    %flag_set/imm 4, 0;
    %store/vec4 v0x559038162690_0, 4, 8;
    %load/vec4 v0x5590381621f0_0;
    %concati/vec4 3, 0, 4;
    %pad/u 12;
    %ix/vec4 4;
    %load/vec4a v0x559038162450, 4;
    %store/vec4 v0x559038161d90_0, 0, 8;
    %pushi/vec4 40, 0, 64;
    %ix/vec4 4;
    %delayx 4;
    %load/vec4 v0x559038161d90_0;
    %ix/load 4, 24, 0;
    %flag_set/imm 4, 0;
    %store/vec4 v0x559038162690_0, 4, 8;
    %load/vec4 v0x5590381621f0_0;
    %concati/vec4 4, 0, 4;
    %pad/u 12;
    %ix/vec4 4;
    %load/vec4a v0x559038162450, 4;
    %store/vec4 v0x559038161e70_0, 0, 8;
    %pushi/vec4 40, 0, 64;
    %ix/vec4 4;
    %delayx 4;
    %load/vec4 v0x559038161e70_0;
    %ix/load 4, 32, 0;
    %flag_set/imm 4, 0;
    %store/vec4 v0x559038162690_0, 4, 8;
    %load/vec4 v0x5590381621f0_0;
    %concati/vec4 5, 0, 4;
    %pad/u 12;
    %ix/vec4 4;
    %load/vec4a v0x559038162450, 4;
    %store/vec4 v0x559038161f50_0, 0, 8;
    %pushi/vec4 40, 0, 64;
    %ix/vec4 4;
    %delayx 4;
    %load/vec4 v0x559038161f50_0;
    %ix/load 4, 40, 0;
    %flag_set/imm 4, 0;
    %store/vec4 v0x559038162690_0, 4, 8;
    %load/vec4 v0x5590381621f0_0;
    %concati/vec4 6, 0, 4;
    %pad/u 12;
    %ix/vec4 4;
    %load/vec4a v0x559038162450, 4;
    %store/vec4 v0x559038162030_0, 0, 8;
    %pushi/vec4 40, 0, 64;
    %ix/vec4 4;
    %delayx 4;
    %load/vec4 v0x559038162030_0;
    %ix/load 4, 48, 0;
    %flag_set/imm 4, 0;
    %store/vec4 v0x559038162690_0, 4, 8;
    %load/vec4 v0x5590381621f0_0;
    %concati/vec4 7, 0, 4;
    %pad/u 12;
    %ix/vec4 4;
    %load/vec4a v0x559038162450, 4;
    %store/vec4 v0x559038162110_0, 0, 8;
    %pushi/vec4 40, 0, 64;
    %ix/vec4 4;
    %delayx 4;
    %load/vec4 v0x559038162110_0;
    %ix/load 4, 56, 0;
    %flag_set/imm 4, 0;
    %store/vec4 v0x559038162690_0, 4, 8;
    %load/vec4 v0x5590381621f0_0;
    %concati/vec4 8, 0, 4;
    %pad/u 12;
    %ix/vec4 4;
    %load/vec4a v0x559038162450, 4;
    %store/vec4 v0x559038141390_0, 0, 8;
    %pushi/vec4 40, 0, 64;
    %ix/vec4 4;
    %delayx 4;
    %load/vec4 v0x559038141390_0;
    %ix/load 4, 64, 0;
    %flag_set/imm 4, 0;
    %store/vec4 v0x559038162690_0, 4, 8;
    %load/vec4 v0x5590381621f0_0;
    %concati/vec4 9, 0, 4;
    %pad/u 12;
    %ix/vec4 4;
    %load/vec4a v0x559038162450, 4;
    %store/vec4 v0x559038161470_0, 0, 8;
    %pushi/vec4 40, 0, 64;
    %ix/vec4 4;
    %delayx 4;
    %load/vec4 v0x559038161470_0;
    %ix/load 4, 72, 0;
    %flag_set/imm 4, 0;
    %store/vec4 v0x559038162690_0, 4, 8;
    %load/vec4 v0x5590381621f0_0;
    %concati/vec4 10, 0, 4;
    %pad/u 12;
    %ix/vec4 4;
    %load/vec4a v0x559038162450, 4;
    %store/vec4 v0x559038161550_0, 0, 8;
    %pushi/vec4 40, 0, 64;
    %ix/vec4 4;
    %delayx 4;
    %load/vec4 v0x559038161550_0;
    %ix/load 4, 80, 0;
    %flag_set/imm 4, 0;
    %store/vec4 v0x559038162690_0, 4, 8;
    %load/vec4 v0x5590381621f0_0;
    %concati/vec4 11, 0, 4;
    %pad/u 12;
    %ix/vec4 4;
    %load/vec4a v0x559038162450, 4;
    %store/vec4 v0x559038161640_0, 0, 8;
    %pushi/vec4 40, 0, 64;
    %ix/vec4 4;
    %delayx 4;
    %load/vec4 v0x559038161640_0;
    %ix/load 4, 88, 0;
    %flag_set/imm 4, 0;
    %store/vec4 v0x559038162690_0, 4, 8;
    %load/vec4 v0x5590381621f0_0;
    %concati/vec4 12, 0, 4;
    %pad/u 12;
    %ix/vec4 4;
    %load/vec4a v0x559038162450, 4;
    %store/vec4 v0x559038161720_0, 0, 8;
    %pushi/vec4 40, 0, 64;
    %ix/vec4 4;
    %delayx 4;
    %load/vec4 v0x559038161720_0;
    %ix/load 4, 96, 0;
    %flag_set/imm 4, 0;
    %store/vec4 v0x559038162690_0, 4, 8;
    %load/vec4 v0x5590381621f0_0;
    %concati/vec4 13, 0, 4;
    %pad/u 12;
    %ix/vec4 4;
    %load/vec4a v0x559038162450, 4;
    %store/vec4 v0x559038161850_0, 0, 8;
    %pushi/vec4 40, 0, 64;
    %ix/vec4 4;
    %delayx 4;
    %load/vec4 v0x559038161850_0;
    %ix/load 4, 104, 0;
    %flag_set/imm 4, 0;
    %store/vec4 v0x559038162690_0, 4, 8;
    %load/vec4 v0x5590381621f0_0;
    %concati/vec4 14, 0, 4;
    %pad/u 12;
    %ix/vec4 4;
    %load/vec4a v0x559038162450, 4;
    %store/vec4 v0x559038161930_0, 0, 8;
    %pushi/vec4 40, 0, 64;
    %ix/vec4 4;
    %delayx 4;
    %load/vec4 v0x559038161930_0;
    %ix/load 4, 112, 0;
    %flag_set/imm 4, 0;
    %store/vec4 v0x559038162690_0, 4, 8;
    %load/vec4 v0x5590381621f0_0;
    %concati/vec4 15, 0, 4;
    %pad/u 12;
    %ix/vec4 4;
    %load/vec4a v0x559038162450, 4;
    %store/vec4 v0x559038161a10_0, 0, 8;
    %pushi/vec4 40, 0, 64;
    %ix/vec4 4;
    %delayx 4;
    %load/vec4 v0x559038161a10_0;
    %ix/load 4, 120, 0;
    %flag_set/imm 4, 0;
    %store/vec4 v0x559038162690_0, 4, 8;
    %pushi/vec4 0, 0, 1;
    %store/vec4 v0x5590381622d0_0, 0, 1;
    %pushi/vec4 0, 0, 1;
    %store/vec4 v0x5590381625d0_0, 0, 1;
T_2.0 ;
    %jmp T_2;
    .thread T_2;
# The file index is used to find the file name in the following table.
:file_names 3;
    "N/A";
    "<interactive>";
    "instruction_memory.v";
