#! /usr/bin/vvp
:ivl_version "0.9.7 " "(v0_9_7)";
:vpi_time_precision + 0;
:vpi_module "system";
:vpi_module "v2005_math";
:vpi_module "va_math";
S_0x831790 .scope module, "reg_file" "reg_file" 2 1;
 .timescale 0 0;
v0x857060_0 .net "CLOCK", 0 0, C4<z>; 0 drivers
v0x87ccd0_0 .net "IN", 7 0, C4<zzzzzzzz>; 0 drivers
v0x87cd70_0 .net "INADDRESS", 2 0, C4<zzz>; 0 drivers
v0x87ce10_0 .var "OUT1", 7 0;
v0x87cec0_0 .net "OUT1ADDRESS", 2 0, C4<zzz>; 0 drivers
v0x87cf60_0 .var "OUT2", 7 0;
v0x87d040_0 .net "OUT2ADDRESS", 2 0, C4<zzz>; 0 drivers
v0x87d0e0_0 .net "RESET", 0 0, C4<z>; 0 drivers
v0x87d1d0_0 .var "Regout0", 7 0;
v0x87d270_0 .var "Regout1", 7 0;
v0x87d370_0 .var "Regout2", 7 0;
v0x87d410_0 .var "Regout3", 7 0;
v0x87d520_0 .var "Regout4", 7 0;
v0x87d5c0_0 .var "Regout5", 7 0;
v0x87d6e0_0 .var "Regout6", 7 0;
v0x87d780_0 .var "Regout7", 7 0;
v0x87d640_0 .net "WRITE", 0 0, C4<z>; 0 drivers
v0x87d8d0_0 .net *"_s4", 1 0, L_0x87d9f0; 1 drivers
E_0x8316c0 .event edge, v0x87d040_0, v0x87cec0_0;
E_0x831880 .event posedge, L_0x87d9f0;
E_0x8318b0 .event posedge, v0x87d0e0_0;
L_0x87d9f0 .arith/mult 2, C4<z>, C4<z>;
    .scope S_0x831790;
T_0 ;
    %wait E_0x8318b0;
    %delay 4, 0;
    %set/v v0x87d1d0_0, 0, 8;
    %set/v v0x87d270_0, 0, 8;
    %set/v v0x87d370_0, 0, 8;
    %set/v v0x87d410_0, 0, 8;
    %set/v v0x87d520_0, 0, 8;
    %set/v v0x87d5c0_0, 0, 8;
    %set/v v0x87d6e0_0, 0, 8;
    %set/v v0x87d780_0, 0, 8;
    %set/v v0x87ce10_0, 0, 8;
    %set/v v0x87cf60_0, 0, 8;
    %jmp T_0;
    .thread T_0;
    .scope S_0x831790;
T_1 ;
    %wait E_0x831880;
    %delay 1, 0;
    %load/v 8, v0x87cd70_0, 3;
    %cmpi/u 8, 0, 3;
    %jmp/1 T_1.0, 6;
    %cmpi/u 8, 1, 3;
    %jmp/1 T_1.1, 6;
    %cmpi/u 8, 2, 3;
    %jmp/1 T_1.2, 6;
    %cmpi/u 8, 3, 3;
    %jmp/1 T_1.3, 6;
    %cmpi/u 8, 4, 3;
    %jmp/1 T_1.4, 6;
    %cmpi/u 8, 5, 3;
    %jmp/1 T_1.5, 6;
    %cmpi/u 8, 6, 3;
    %jmp/1 T_1.6, 6;
    %cmpi/u 8, 7, 3;
    %jmp/1 T_1.7, 6;
    %jmp T_1.8;
T_1.0 ;
    %load/v 8, v0x87ccd0_0, 8;
    %set/v v0x87d1d0_0, 8, 8;
    %jmp T_1.8;
T_1.1 ;
    %load/v 8, v0x87ccd0_0, 8;
    %set/v v0x87d270_0, 8, 8;
    %jmp T_1.8;
T_1.2 ;
    %load/v 8, v0x87ccd0_0, 8;
    %set/v v0x87d370_0, 8, 8;
    %jmp T_1.8;
T_1.3 ;
    %load/v 8, v0x87ccd0_0, 8;
    %set/v v0x87d410_0, 8, 8;
    %jmp T_1.8;
T_1.4 ;
    %load/v 8, v0x87ccd0_0, 8;
    %set/v v0x87d520_0, 8, 8;
    %jmp T_1.8;
T_1.5 ;
    %load/v 8, v0x87ccd0_0, 8;
    %set/v v0x87d5c0_0, 8, 8;
    %jmp T_1.8;
T_1.6 ;
    %load/v 8, v0x87ccd0_0, 8;
    %set/v v0x87d6e0_0, 8, 8;
    %jmp T_1.8;
T_1.7 ;
    %load/v 8, v0x87ccd0_0, 8;
    %set/v v0x87d780_0, 8, 8;
    %jmp T_1.8;
T_1.8 ;
    %jmp T_1;
    .thread T_1;
    .scope S_0x831790;
T_2 ;
    %wait E_0x8316c0;
    %delay 2, 0;
    %load/v 8, v0x87cec0_0, 3;
    %cmpi/u 8, 0, 3;
    %jmp/1 T_2.0, 6;
    %cmpi/u 8, 1, 3;
    %jmp/1 T_2.1, 6;
    %cmpi/u 8, 2, 3;
    %jmp/1 T_2.2, 6;
    %cmpi/u 8, 3, 3;
    %jmp/1 T_2.3, 6;
    %cmpi/u 8, 4, 3;
    %jmp/1 T_2.4, 6;
    %cmpi/u 8, 5, 3;
    %jmp/1 T_2.5, 6;
    %cmpi/u 8, 6, 3;
    %jmp/1 T_2.6, 6;
    %cmpi/u 8, 7, 3;
    %jmp/1 T_2.7, 6;
    %jmp T_2.8;
T_2.0 ;
    %load/v 8, v0x87d1d0_0, 8;
    %set/v v0x87ce10_0, 8, 8;
    %jmp T_2.8;
T_2.1 ;
    %load/v 8, v0x87d270_0, 8;
    %set/v v0x87ce10_0, 8, 8;
    %jmp T_2.8;
T_2.2 ;
    %load/v 8, v0x87d370_0, 8;
    %set/v v0x87ce10_0, 8, 8;
    %jmp T_2.8;
T_2.3 ;
    %load/v 8, v0x87d410_0, 8;
    %set/v v0x87ce10_0, 8, 8;
    %jmp T_2.8;
T_2.4 ;
    %load/v 8, v0x87d520_0, 8;
    %set/v v0x87ce10_0, 8, 8;
    %jmp T_2.8;
T_2.5 ;
    %load/v 8, v0x87d5c0_0, 8;
    %set/v v0x87ce10_0, 8, 8;
    %jmp T_2.8;
T_2.6 ;
    %load/v 8, v0x87d6e0_0, 8;
    %set/v v0x87ce10_0, 8, 8;
    %jmp T_2.8;
T_2.7 ;
    %load/v 8, v0x87d780_0, 8;
    %set/v v0x87ce10_0, 8, 8;
    %jmp T_2.8;
T_2.8 ;
    %load/v 8, v0x87d040_0, 3;
    %cmpi/u 8, 0, 3;
    %jmp/1 T_2.9, 6;
    %cmpi/u 8, 1, 3;
    %jmp/1 T_2.10, 6;
    %cmpi/u 8, 2, 3;
    %jmp/1 T_2.11, 6;
    %cmpi/u 8, 3, 3;
    %jmp/1 T_2.12, 6;
    %cmpi/u 8, 4, 3;
    %jmp/1 T_2.13, 6;
    %cmpi/u 8, 5, 3;
    %jmp/1 T_2.14, 6;
    %cmpi/u 8, 6, 3;
    %jmp/1 T_2.15, 6;
    %cmpi/u 8, 7, 3;
    %jmp/1 T_2.16, 6;
    %jmp T_2.17;
T_2.9 ;
    %load/v 8, v0x87d1d0_0, 8;
    %set/v v0x87cf60_0, 8, 8;
    %jmp T_2.17;
T_2.10 ;
    %load/v 8, v0x87d270_0, 8;
    %set/v v0x87cf60_0, 8, 8;
    %jmp T_2.17;
T_2.11 ;
    %load/v 8, v0x87d370_0, 8;
    %set/v v0x87cf60_0, 8, 8;
    %jmp T_2.17;
T_2.12 ;
    %load/v 8, v0x87d410_0, 8;
    %set/v v0x87cf60_0, 8, 8;
    %jmp T_2.17;
T_2.13 ;
    %load/v 8, v0x87d520_0, 8;
    %set/v v0x87cf60_0, 8, 8;
    %jmp T_2.17;
T_2.14 ;
    %load/v 8, v0x87d5c0_0, 8;
    %set/v v0x87cf60_0, 8, 8;
    %jmp T_2.17;
T_2.15 ;
    %load/v 8, v0x87d6e0_0, 8;
    %set/v v0x87cf60_0, 8, 8;
    %jmp T_2.17;
T_2.16 ;
    %load/v 8, v0x87d780_0, 8;
    %set/v v0x87cf60_0, 8, 8;
    %jmp T_2.17;
T_2.17 ;
    %jmp T_2;
    .thread T_2, $push;
# The file index is used to find the file name in the following table.
:file_names 3;
    "N/A";
    "<interactive>";
    "reg_file.v";
